
[2026-02-16 21:10:08] THRESHOLD ALERT CHECK
[2026-02-16 21:10:08] === THRESHOLD ALERTS ===
[2026-02-16 21:10:08] [MEDIUM] LFI ELEVATED: Labor fragility at 0.810. Monitor quits rate.
[2026-02-16 21:10:08] [HIGH] CLG MISPRICED: Credit-Labor gap at -1.840. Spreads too tight for labor reality.
[2026-02-16 21:10:08] [CRITICAL] CLG SEVERELY MISPRICED: Gap at -1.840. Add credit protection.
[2026-02-16 21:10:08] [HIGH] MSI BEARISH: Market structure at -1.166. Reduce gross exposure.
[2026-02-16 21:10:08] [CRITICAL] WARNING SYSTEM: RED. Multiple indicators flashing.
[2026-02-16 21:10:08] [HIGH] WARNING SYSTEM: AMBER. Elevated risk signals.

[2026-02-16 21:16:25] THRESHOLD ALERT CHECK
[2026-02-16 21:16:25] No new alerts or transitions.

[2026-02-16 22:40:04] THRESHOLD ALERT CHECK
[2026-02-16 22:40:04] === REGIME TRANSITIONS ===
[2026-02-16 22:40:04] BILL_SOFR: NEUTRAL -> BILLS RICH (0.020 -> 0.050)
[2026-02-16 22:40:04] CCI: STRESSED -> HEALTHY (-0.569 -> 0.569)
[2026-02-16 22:40:04] EMD: NEUTRAL -> OVERSOLD (0.538 -> -0.489)
[2026-02-16 22:40:04] LDI: SLUGGISH -> HEALTHY (0.013 -> 0.832)
[2026-02-16 22:40:04] TCI: TRADE CRISIS -> HEADWIND (-1.111 -> -0.971)

[2026-02-17 14:17:56] THRESHOLD ALERT CHECK
[2026-02-17 14:17:56] === REGIME TRANSITIONS ===
[2026-02-17 14:17:56] SPI: FEARFUL -> NEUTRAL (1.004 -> 0.850)
[2026-02-17 14:17:56] SSD: BALANCED -> EUPHORIA + STRONG (-0.393 -> -0.857)

[2026-02-19 06:17:32] THRESHOLD ALERT CHECK
[2026-02-19 06:17:32] === REGIME TRANSITIONS ===
[2026-02-19 06:17:32] MSI: BEARISH -> WEAK (-1.166 -> -0.880)

[2026-02-26 04:46:48] THRESHOLD ALERT CHECK
[2026-02-26 04:46:48] === REGIME TRANSITIONS ===
[2026-02-26 04:46:48] CTI: CAUTIOUS -> NEUTRAL (0.382 -> 0.500)

[2026-02-26 15:08:08] THRESHOLD ALERT CHECK
[2026-02-26 15:08:08] === REGIME TRANSITIONS ===
[2026-02-26 15:08:08] CTI: NEUTRAL -> CAUTIOUS (0.500 -> 0.382)
[2026-02-26 15:08:08] === THRESHOLD ALERTS ===
[2026-02-26 15:08:08] [HIGH] SSD BLOW-OFF: Euphoria + strong structure (-1.610). Top risk elevated.

[2026-03-04 15:42:16] THRESHOLD ALERT CHECK
[2026-03-04 15:42:16] === REGIME TRANSITIONS ===
[2026-03-04 15:42:16] BASE_REC_PROB: LOW RISK -> MODERATE (0.165 -> 0.227)
[2026-03-04 15:42:16] EMD: NEUTRAL -> EXTREMELY OVERSOLD (0.111 -> -1.051)
[2026-03-04 15:42:16] ENSEMBLE_RISK: PRE_CRISIS -> CRISIS (0.665 -> 0.727)
[2026-03-04 15:42:16] MSI: WEAK -> BEARISH (-0.504 -> -1.286)
[2026-03-04 15:42:16] REC_PROB: LOW RISK -> MODERATE (0.165 -> 0.227)
[2026-03-04 15:42:16] SSD: BLOW-OFF TOP RISK -> BALANCED (-1.610 -> -0.322)

[2026-03-05 06:13:56] THRESHOLD ALERT CHECK
[2026-03-05 06:13:56] === REGIME TRANSITIONS ===
[2026-03-05 06:13:56] BASE_REC_PROB: MODERATE -> LOW RISK (0.227 -> 0.181)
[2026-03-05 06:13:56] ENSEMBLE_RISK: CRISIS -> PRE_CRISIS (0.727 -> 0.681)
[2026-03-05 06:13:56] MSI: BEARISH -> WEAK (-1.286 -> -0.890)
[2026-03-05 06:13:56] REC_PROB: MODERATE -> LOW RISK (0.227 -> 0.181)

[2026-03-08 08:10:04] THRESHOLD ALERT CHECK
[2026-03-08 08:10:04] === REGIME TRANSITIONS ===
[2026-03-08 08:10:04] MSI: WEAK -> BEARISH (-0.890 -> -1.581)

[2026-03-11 05:16:38] THRESHOLD ALERT CHECK
[2026-03-11 05:16:38] No new alerts or transitions.

[2026-03-11 06:18:12] THRESHOLD ALERT CHECK
[2026-03-11 06:18:12] === REGIME TRANSITIONS ===
[2026-03-11 06:18:12] SSD: BALANCED -> EUPHORIA + STRONG (-0.042 -> -0.741)

[2026-03-12 06:17:54] THRESHOLD ALERT CHECK
[2026-03-12 06:17:54] === REGIME TRANSITIONS ===
[2026-03-12 06:17:54] CLG: MISPRICED -> SEVERELY MISPRICED (-1.840 -> -1.681)
[2026-03-12 06:17:54] LFI: ELEVATED -> NEUTRAL (0.810 -> 0.186)
[2026-03-12 06:17:54] TCI: HEADWIND -> TRADE CRISIS (-0.971 -> -2.502)

[2026-04-14 07:07:45] THRESHOLD ALERT CHECK
[2026-04-14 07:07:45] === REGIME TRANSITIONS ===
[2026-04-14 07:07:45] MSI: BEARISH -> STRONG UPTREND (-1.409 -> 1.011)
[2026-04-14 07:07:45] === THRESHOLD ALERTS ===
[2026-04-14 07:07:45] [INFO] MSI STRONG: Market structure at 1.011. Trend confirmed.

[2026-04-16 08:54:25] THRESHOLD ALERT CHECK
[2026-04-16 08:54:25] === REGIME TRANSITIONS ===
[2026-04-16 08:54:25] SBD: ACCUMULATION -> DISTRIBUTION (-1.217 -> 1.058)
[2026-04-16 08:54:25] SPI: NEUTRAL -> EUPHORIC (0.449 -> -0.934)
[2026-04-16 08:54:25] SSD: EUPHORIA + STRONG -> FEAR + WEAK (-1.284 -> 1.093)
[2026-04-16 08:54:25] === THRESHOLD ALERTS ===
[2026-04-16 08:54:25] [HIGH] SBD DISTRIBUTION: Generals without soldiers (1.058). Breadth diverging from price.

[2026-04-18 10:23:29] THRESHOLD ALERT CHECK
[2026-04-18 10:23:29] No new alerts or transitions.

[2026-04-19 06:20:11] THRESHOLD ALERT CHECK
[2026-04-19 06:20:11] No new alerts or transitions.

[2026-04-20 06:36:15] THRESHOLD ALERT CHECK
[2026-04-20 06:36:15] No new alerts or transitions.

[2026-04-20 07:21:59] THRESHOLD ALERT CHECK
[2026-04-20 07:21:59] No new alerts or transitions.

[2026-04-21 09:41:24] THRESHOLD ALERT CHECK
[2026-04-21 09:41:24] No new alerts or transitions.

[2026-04-22 12:08:52] THRESHOLD ALERT CHECK
[2026-04-22 12:08:52] === REGIME TRANSITIONS ===
[2026-04-22 12:08:52] EMD: EXTREMELY OVERSOLD -> OVERSOLD (-1.409 -> -0.070)
[2026-04-22 12:08:52] SBD: DISTRIBUTION -> ALIGNED (1.307 -> 0.925)
[2026-04-22 12:08:52] SPI: EUPHORIC -> NEUTRAL (-0.763 -> -0.474)

[2026-04-23 06:43:25] THRESHOLD ALERT CHECK
[2026-04-23 06:43:25] No new alerts or transitions.

[2026-04-24 04:04:27] THRESHOLD ALERT CHECK
[2026-04-24 04:04:27] === REGIME TRANSITIONS ===
[2026-04-24 04:04:27] SBD: ALIGNED -> DISTRIBUTION (0.925 -> 1.054)

[2026-04-24 06:23:32] THRESHOLD ALERT CHECK
[2026-04-24 06:23:32] === REGIME TRANSITIONS ===
[2026-04-24 06:23:32] BASE_REC_PROB: LOW RISK -> MODERATE (0.179 -> 0.201)
[2026-04-24 06:23:32] ENSEMBLE_RISK: PRE_CRISIS -> CRISIS (0.679 -> 0.701)
[2026-04-24 06:23:32] REC_PROB: LOW RISK -> MODERATE (0.179 -> 0.201)

[2026-04-26 12:45:41] THRESHOLD ALERT CHECK
[2026-04-26 12:45:41] === REGIME TRANSITIONS ===
[2026-04-26 12:45:41] BASE_REC_PROB: MODERATE -> LOW RISK (0.201 -> 0.180)
[2026-04-26 12:45:41] ENSEMBLE_RISK: CRISIS -> PRE_CRISIS (0.701 -> 0.680)
[2026-04-26 12:45:41] REC_PROB: MODERATE -> LOW RISK (0.201 -> 0.180)
[2026-04-26 12:45:41] SBD: DISTRIBUTION -> ALIGNED (1.054 -> 0.856)

[2026-04-27 06:34:45] THRESHOLD ALERT CHECK
[2026-04-27 06:34:45] No new alerts or transitions.

[2026-04-28 06:50:05] THRESHOLD ALERT CHECK
[2026-04-28 06:50:05] No new alerts or transitions.

[2026-04-30 06:40:27] THRESHOLD ALERT CHECK
[2026-04-30 06:40:27] === REGIME TRANSITIONS ===
[2026-04-30 06:40:27] MSI: STRONG UPTREND -> BULLISH (1.119 -> 0.862)

[2026-05-01 06:25:44] THRESHOLD ALERT CHECK
[2026-05-01 06:25:44] No new alerts or transitions.

[2026-05-02 07:03:28] THRESHOLD ALERT CHECK
[2026-05-02 07:03:28] No new alerts or transitions.

[2026-05-03 06:23:54] THRESHOLD ALERT CHECK
[2026-05-03 06:23:54] === REGIME TRANSITIONS ===
[2026-05-03 06:23:54] BASE_REC_PROB: LOW RISK -> MODERATE (0.179 -> 0.201)
[2026-05-03 06:23:54] REC_PROB: LOW RISK -> MODERATE (0.179 -> 0.201)

[2026-05-04 13:16:29] THRESHOLD ALERT CHECK
[2026-05-04 13:16:29] === REGIME TRANSITIONS ===
[2026-05-04 13:16:29] BASE_REC_PROB: MODERATE -> LOW RISK (0.201 -> 0.109)
[2026-05-04 13:16:29] EMD: OVERSOLD -> NEUTRAL (-0.070 -> 0.441)
[2026-05-04 13:16:29] REC_PROB: MODERATE -> LOW RISK (0.201 -> 0.109)

[2026-05-05 11:55:22] THRESHOLD ALERT CHECK
[2026-05-05 11:55:22] === REGIME TRANSITIONS ===
[2026-05-05 11:55:22] SSD: FEAR + WEAK -> CAPITULATION LOW (0.876 -> 1.606)
[2026-05-05 11:55:22] === THRESHOLD ALERTS ===
[2026-05-05 11:55:22] [HIGH] SSD CAPITULATION: Fear + weak structure (1.606). Watch for bottom formation.

[2026-05-08 06:26:20] THRESHOLD ALERT CHECK
[2026-05-08 06:26:20] === REGIME TRANSITIONS ===
[2026-05-08 06:26:20] SBD: ALIGNED -> DISTRIBUTION (0.650 -> 1.171)
[2026-05-08 06:26:20] SSD: CAPITULATION LOW -> FEAR + WEAK (1.606 -> 1.414)

[2026-05-08 09:00:09] THRESHOLD ALERT CHECK
[2026-05-08 09:00:09] === REGIME TRANSITIONS ===
[2026-05-08 09:00:09] BASE_REC_PROB: LOW RISK -> MODERATE (0.179 -> 0.204)
[2026-05-08 09:00:09] REC_PROB: LOW RISK -> MODERATE (0.179 -> 0.204)

[2026-05-08 09:08:23] THRESHOLD ALERT CHECK
[2026-05-08 09:08:23] No new alerts or transitions.

[2026-05-09 08:19:02] THRESHOLD ALERT CHECK
[2026-05-09 08:19:02] === REGIME TRANSITIONS ===
[2026-05-09 08:19:02] BASE_REC_PROB: MODERATE -> LOW RISK (0.204 -> 0.179)
[2026-05-09 08:19:02] MSI: BULLISH -> STRONG UPTREND (0.999 -> 1.050)
[2026-05-09 08:19:02] REC_PROB: MODERATE -> LOW RISK (0.204 -> 0.179)
[2026-05-09 08:19:02] SBD: DISTRIBUTION -> ALIGNED (1.171 -> 0.901)

[2026-05-11 11:26:09] THRESHOLD ALERT CHECK
[2026-05-11 11:26:09] === REGIME TRANSITIONS ===
[2026-05-11 11:26:09] SBD: ALIGNED -> DISTRIBUTION (0.901 -> 1.216)

[2026-05-12 06:03:53] THRESHOLD ALERT CHECK
[2026-05-12 06:03:53] No new alerts or transitions.

[2026-05-13 06:01:08] THRESHOLD ALERT CHECK
[2026-05-13 06:01:08] No new alerts or transitions.

[2026-05-14 02:48:41] THRESHOLD ALERT CHECK
[2026-05-14 02:48:41] No new alerts or transitions.

[2026-05-14 11:51:15] THRESHOLD ALERT CHECK
[2026-05-14 11:51:15] No new alerts or transitions.

[2026-05-14 12:06:53] THRESHOLD ALERT CHECK
[2026-05-14 12:06:53] === REGIME TRANSITIONS ===
[2026-05-14 12:06:53] MSI: STRONG UPTREND -> BULLISH (1.050 -> 0.979)
[2026-05-14 12:06:53] SBD: DISTRIBUTION -> EXTREME DISTRIBUTION (1.216 -> 1.666)
[2026-05-14 12:06:53] === THRESHOLD ALERTS ===
[2026-05-14 12:06:53] [CRITICAL] SBD EXTREME: Distribution warning at 1.666. Major divergence.

[2026-05-15 08:20:58] THRESHOLD ALERT CHECK
[2026-05-15 08:20:58] === REGIME TRANSITIONS ===
[2026-05-15 08:20:58] ALLOC_MULTIPLIER: CAPITAL PRESERVATION -> MAX DEFENSIVE (0.150 -> 0.240)
[2026-05-15 08:20:58] BCI: SLOWING -> EXPANSION (0.174 -> 0.547)
[2026-05-15 08:20:58] BILL_SOFR: BILLS RICH -> NEUTRAL (0.060 -> 0.010)
[2026-05-15 08:20:58] CCI: HEALTHY -> STRESSED (0.569 -> -0.849)
[2026-05-15 08:20:58] CLG: SEVERELY MISPRICED -> SPREADS WIDE (-1.681 -> 1.539)
[2026-05-15 08:20:58] HCI: FROZEN -> CRISIS (0.204 -> -1.702)
[2026-05-15 08:20:58] LDI: HEALTHY -> HIGH DYNAMISM (0.832 -> 2.122)
[2026-05-15 08:20:58] LFI: NEUTRAL -> HEALTHY (0.186 -> -2.106)
[2026-05-15 08:20:58] LIQ_STAGE: STAGE 2 - RESERVE DRAIN -> STAGE 1 - RRP DEPLETION (2.000 -> 1.000)
[2026-05-15 08:20:58] LPI: NEUTRAL -> BOOM (0.017 -> 1.699)
[2026-05-15 08:20:58] MRI: MID-CYCLE -> EARLY EXPANSION (0.000 -> -0.554)
[2026-05-15 08:20:58] MSI: BULLISH -> STRONG UPTREND (0.979 -> 1.180)
[2026-05-15 08:20:58] PCI: ON TARGET -> HIGH INFLATION (0.031 -> 1.258)
[2026-05-15 08:20:58] TCI: TRADE CRISIS -> HEADWIND (-2.502 -> -0.868)
[2026-05-15 08:20:58] YFS: ELEVATED -> NORMAL (0.652 -> 0.188)
[2026-05-15 08:20:58] === THRESHOLD ALERTS ===
[2026-05-15 08:20:58] [INFO] MRI entered EARLY EXPANSION regime (-0.554)
[2026-05-15 08:20:58] [HIGH] PCI HIGH INFLATION: Price conditions at 1.258. Short duration, inflation hedges.

[2026-05-16 17:30:28] THRESHOLD ALERT CHECK
[2026-05-16 17:30:28] === REGIME TRANSITIONS ===
[2026-05-16 17:30:28] ALLOC_MULTIPLIER: MAX DEFENSIVE -> CAPITAL PRESERVATION (0.240 -> 0.150)
[2026-05-16 17:30:28] BASE_REC_PROB: LOW RISK -> MODERATE (0.024 -> 0.290)
[2026-05-16 17:30:28] BCI: EXPANSION -> SLOWING (0.547 -> 0.199)
[2026-05-16 17:30:28] CCI: STRESSED -> FATIGUED (-0.849 -> 0.017)
[2026-05-16 17:30:28] CLG: SPREADS WIDE -> NEUTRAL (1.539 -> 0.504)
[2026-05-16 17:30:28] FPI: FISCAL HEALTH -> ELEVATED (-0.549 -> 0.854)
[2026-05-16 17:30:28] HCI: CRISIS -> FROZEN (-1.702 -> -0.205)
[2026-05-16 17:30:28] LDI: HIGH DYNAMISM -> SLUGGISH (2.122 -> -0.011)
[2026-05-16 17:30:28] LFI: HEALTHY -> NEUTRAL (-2.106 -> 0.020)
[2026-05-16 17:30:28] LPI: BOOM -> NEUTRAL (1.699 -> 0.005)
[2026-05-16 17:30:28] MRI: EARLY EXPANSION -> LATE CYCLE (-0.554 -> 0.158)
[2026-05-16 17:30:28] MSI: STRONG UPTREND -> BULLISH (1.180 -> 0.653)
[2026-05-16 17:30:28] PCI: HIGH INFLATION -> ON TARGET (1.258 -> -0.051)
[2026-05-16 17:30:28] REC_PROB: LOW RISK -> MODERATE (0.024 -> 0.290)
[2026-05-16 17:30:28] === THRESHOLD ALERTS ===
[2026-05-16 17:30:28] [MEDIUM] MRI entered LATE CYCLE regime (0.158)

[2026-05-17 07:25:09] THRESHOLD ALERT CHECK
[2026-05-17 07:25:09] === REGIME TRANSITIONS ===
[2026-05-17 07:25:09] BILL_SOFR: NEUTRAL -> BILLS VERY RICH (0.028 -> 0.130)
[2026-05-17 07:25:09] CCI: FATIGUED -> STRESSED (0.017 -> -0.710)

[2026-05-18 16:09:07] THRESHOLD ALERT CHECK
[2026-05-18 16:09:07] === REGIME TRANSITIONS ===
[2026-05-18 16:09:07] GCI: TREND -> STRONG GROWTH (0.047 -> 2.127)
[2026-05-18 16:09:07] SSD: FEAR + WEAK -> BALANCED (1.252 -> 0.490)

[2026-05-19 12:35:20] THRESHOLD ALERT CHECK
[2026-05-19 12:35:20] === REGIME TRANSITIONS ===
[2026-05-19 12:35:20] ALLOC_MULTIPLIER: CAPITAL PRESERVATION -> MAX DEFENSIVE (0.150 -> 0.240)
[2026-05-19 12:35:20] BASE_REC_PROB: MODERATE -> LOW RISK (0.256 -> 0.112)
[2026-05-19 12:35:20] MSI: BULLISH -> TRANSITIONAL (0.653 -> 0.484)
[2026-05-19 12:35:20] REC_PROB: MODERATE -> LOW RISK (0.256 -> 0.112)
[2026-05-19 12:35:20] SBD: EXTREME DISTRIBUTION -> DISTRIBUTION (1.720 -> 1.229)
[2026-05-19 12:35:20] SSD: BALANCED -> EUPHORIA + STRONG (0.490 -> -0.501)

[2026-05-21 18:24:14] THRESHOLD ALERT CHECK
[2026-05-21 18:24:14] === REGIME TRANSITIONS ===
[2026-05-21 18:24:14] ALLOC_MULTIPLIER: MAX DEFENSIVE -> CAPITAL PRESERVATION (0.240 -> 0.150)
[2026-05-21 18:24:14] SBD: DISTRIBUTION -> ALIGNED (1.229 -> 0.901)

[2026-05-22 15:45:17] THRESHOLD ALERT CHECK
[2026-05-22 15:45:17] === REGIME TRANSITIONS ===
[2026-05-22 15:45:17] ALLOC_MULTIPLIER: CAPITAL PRESERVATION -> DEFENSIVE (0.150 -> 0.400)
[2026-05-22 15:45:17] ENSEMBLE_RISK: PRE_CRISIS -> HOLLOW_RALLY (0.532 -> 0.448)
[2026-05-22 15:45:17] SSD: EUPHORIA + STRONG -> BALANCED (-0.978 -> 0.051)

[2026-05-23 06:43:19] THRESHOLD ALERT CHECK
[2026-05-23 06:43:19] === REGIME TRANSITIONS ===
[2026-05-23 06:43:19] ALLOC_MULTIPLIER: DEFENSIVE -> CAPITAL PRESERVATION (0.400 -> 0.150)
[2026-05-23 06:43:19] ENSEMBLE_RISK: HOLLOW_RALLY -> PRE_CRISIS (0.448 -> 0.528)

[2026-05-24 10:22:31] THRESHOLD ALERT CHECK
[2026-05-24 10:22:31] No new alerts or transitions.

[2026-05-25 11:35:30] THRESHOLD ALERT CHECK
[2026-05-25 11:35:30] No new alerts or transitions.

[2026-05-27 18:27:46] THRESHOLD ALERT CHECK
[2026-05-27 18:27:46] === REGIME TRANSITIONS ===
[2026-05-27 18:27:46] MSI: TRANSITIONAL -> BULLISH (0.484 -> 0.639)

[2026-05-28 15:56:30] THRESHOLD ALERT CHECK
[2026-05-28 15:56:30] === REGIME TRANSITIONS ===
[2026-05-28 15:56:30] ALLOC_MULTIPLIER: CAPITAL PRESERVATION -> DEFENSIVE (0.150 -> 0.400)
[2026-05-28 15:56:30] ENSEMBLE_RISK: PRE_CRISIS -> HOLLOW_RALLY (0.529 -> 0.432)
[2026-05-28 15:56:30] SBD: ALIGNED -> DISTRIBUTION (0.901 -> 1.055)

[2026-05-29 17:16:12] THRESHOLD ALERT CHECK
[2026-05-29 17:16:12] === REGIME TRANSITIONS ===
[2026-05-29 17:16:12] SBD: DISTRIBUTION -> ALIGNED (1.055 -> 0.965)

[2026-05-30 14:57:50] THRESHOLD ALERT CHECK
[2026-05-30 14:57:50] === REGIME TRANSITIONS ===
[2026-05-30 14:57:50] ALLOC_MULTIPLIER: DEFENSIVE -> CAPITAL PRESERVATION (0.400 -> 0.150)
[2026-05-30 14:57:50] ENSEMBLE_RISK: HOLLOW_RALLY -> PRE_CRISIS (0.434 -> 0.532)

[2026-05-31 07:58:56] THRESHOLD ALERT CHECK
[2026-05-31 07:58:56] No new alerts or transitions.

[2026-06-04 08:12:02] THRESHOLD ALERT CHECK
[2026-06-04 08:12:02] === REGIME TRANSITIONS ===
[2026-06-04 08:12:02] MSI: BULLISH -> TRANSITIONAL (0.784 -> 0.303)

[2026-06-05 07:07:40] THRESHOLD ALERT CHECK
[2026-06-05 07:07:40] === REGIME TRANSITIONS ===
[2026-06-05 07:07:40] SBD: ALIGNED -> DISTRIBUTION (0.965 -> 1.138)

[2026-06-08 21:23:48] THRESHOLD ALERT CHECK
[2026-06-08 21:23:48] === REGIME TRANSITIONS ===
[2026-06-08 21:23:48] MSI: TRANSITIONAL -> WEAK (0.386 -> -0.970)
[2026-06-08 21:23:48] SBD: DISTRIBUTION -> ALIGNED (1.138 -> 0.172)
[2026-06-08 21:23:48] SPI: NEUTRAL -> EXTREME FEAR (0.794 -> 2.097)
[2026-06-08 21:23:48] SSD: BALANCED -> EUPHORIA + STRONG (-0.315 -> -0.809)
[2026-06-08 21:23:48] === THRESHOLD ALERTS ===
[2026-06-08 21:23:48] [HIGH] SPI EXTREME FEAR: Sentiment at 2.097. Contrarian bullish signal.

[2026-06-09 14:56:35] THRESHOLD ALERT CHECK
[2026-06-09 14:56:35] === REGIME TRANSITIONS ===
[2026-06-09 14:56:35] ALLOC_MULTIPLIER: CAPITAL PRESERVATION -> DEFENSIVE (0.150 -> 0.400)
[2026-06-09 14:56:35] ENSEMBLE_RISK: PRE_CRISIS -> HOLLOW_RALLY (0.529 -> 0.441)
[2026-06-09 14:56:35] SBD: ALIGNED -> ACCUMULATION (0.172 -> -0.718)
[2026-06-09 14:56:35] SPI: EXTREME FEAR -> FEARFUL (2.097 -> 1.004)
[2026-06-09 14:56:35] SSD: EUPHORIA + STRONG -> BLOW-OFF TOP RISK (-0.809 -> -1.560)

[2026-06-10 08:40:16] THRESHOLD ALERT CHECK
[2026-06-10 08:40:16] === REGIME TRANSITIONS ===
[2026-06-10 08:40:16] ALLOC_MULTIPLIER: DEFENSIVE -> CAPITAL PRESERVATION (0.400 -> 0.150)
[2026-06-10 08:40:16] ENSEMBLE_RISK: HOLLOW_RALLY -> PRE_CRISIS (0.441 -> 0.529)

[2026-06-13 16:52:39] THRESHOLD ALERT CHECK
[2026-06-13 16:52:39] === REGIME TRANSITIONS ===
[2026-06-13 16:52:39] MSI: WEAK -> TRANSITIONAL (-0.884 -> -0.473)
[2026-06-13 16:52:39] SPI: FEARFUL -> EXTREME FEAR (1.004 -> 1.786)
[2026-06-13 16:52:39] SSD: BLOW-OFF TOP RISK -> FEAR + WEAK (-1.560 -> 0.510)

[2026-06-14 11:57:42] THRESHOLD ALERT CHECK
[2026-06-14 11:57:42] No new alerts or transitions.

[2026-06-15 04:03:20] THRESHOLD ALERT CHECK
[2026-06-15 04:03:20] === REGIME TRANSITIONS ===
[2026-06-15 04:03:20] BASE_REC_PROB: LOW RISK -> HIGH RISK (0.179 -> 0.927)
[2026-06-15 04:03:20] CCI: STRESSED -> CONSUMER BOOM (-0.710 -> 1.567)
[2026-06-15 04:03:20] CLG: NEUTRAL -> SEVERELY MISPRICED (0.405 -> -1.285)
[2026-06-15 04:03:20] EMD: NEUTRAL -> OVERSOLD (0.394 -> -0.032)
[2026-06-15 04:03:20] ENSEMBLE_RISK: PRE_CRISIS -> CRISIS (0.529 -> 0.950)
[2026-06-15 04:03:20] LDI: SLUGGISH -> FROZEN (-0.022 -> -0.596)
[2026-06-15 04:03:20] LPI: NEUTRAL -> WEAK (-0.012 -> -0.588)
[2026-06-15 04:03:20] MRI: LATE CYCLE -> HIGH RISK (0.109 -> 1.012)
[2026-06-15 04:03:20] REC_PROB: LOW RISK -> ELEVATED (0.179 -> 0.429)
[2026-06-15 04:03:20] TCI: HEADWIND -> TRADE CRISIS (-0.837 -> -1.209)
[2026-06-15 04:03:20] === THRESHOLD ALERTS ===
[2026-06-15 04:03:20] [CRITICAL] MRI entered RECESSION regime (1.012)
[2026-06-15 04:03:20] [HIGH] MRI entered PRE-RECESSION regime (1.012)
[2026-06-15 04:03:20] [HIGH] Recession probability ELEVATED: 42.9%

[2026-06-15 07:17:35] THRESHOLD ALERT CHECK
[2026-06-15 07:17:35] === REGIME TRANSITIONS ===
[2026-06-15 07:17:35] CCI: CONSUMER BOOM -> FATIGUED (1.567 -> 0.007)
[2026-06-15 07:17:35] CLG: SEVERELY MISPRICED -> MISPRICED (-1.285 -> -0.385)
[2026-06-15 07:17:35] LDI: FROZEN -> SLUGGISH (-0.596 -> -0.237)
[2026-06-15 07:17:35] REC_PROB: ELEVATED -> MODERATE (0.429 -> 0.347)

[2026-06-16 07:16:31] THRESHOLD ALERT CHECK
[2026-06-16 07:16:31] === REGIME TRANSITIONS ===
[2026-06-16 07:16:31] BCI: SLOWING -> BUSINESS BOOM (0.069 -> 1.500)
[2026-06-16 07:16:31] EMD: OVERSOLD -> NEUTRAL (-0.177 -> 0.202)
[2026-06-16 07:16:31] FPI: ELEVATED -> FISCAL CRISIS (0.580 -> 1.765)
[2026-06-16 07:16:31] GCI: STRONG GROWTH -> ABOVE TREND (2.669 -> 0.712)
[2026-06-16 07:16:31] LPI: WEAK -> NEUTRAL (-0.506 -> -0.387)
[2026-06-16 07:16:31] PCI: ON TARGET -> ELEVATED (-0.027 -> 0.752)
[2026-06-16 07:16:31] SPI: EXTREME FEAR -> FEARFUL (1.786 -> 1.284)
[2026-06-16 07:16:31] SSD: FEAR + WEAK -> BALANCED (0.510 -> 0.057)

[2026-06-16 07:20:16] THRESHOLD ALERT CHECK
[2026-06-16 07:20:16] No new alerts or transitions.

[2026-06-17 06:40:23] THRESHOLD ALERT CHECK
[2026-06-17 06:40:23] === REGIME TRANSITIONS ===
[2026-06-17 06:40:23] FCI: NEUTRAL -> LOOSE (0.484 -> 0.621)
[2026-06-17 06:40:23] MRI: HIGH RISK -> ELEVATED (1.007 -> 0.879)
[2026-06-17 06:40:23] SBD: ACCUMULATION -> ALIGNED (-0.590 -> 0.264)
[2026-06-17 06:40:23] SPI: FEARFUL -> NEUTRAL (1.284 -> 0.889)
[2026-06-17 06:40:23] YFS: NORMAL -> ELEVATED (0.422 -> 0.562)

[2026-06-17 07:20:07] THRESHOLD ALERT CHECK
[2026-06-17 07:20:07] No new alerts or transitions.

[2026-06-18 19:36:33] THRESHOLD ALERT CHECK
[2026-06-18 19:36:33] No new alerts or transitions.

[2026-06-18 20:30:34] THRESHOLD ALERT CHECK
[2026-06-18 20:30:34] === REGIME TRANSITIONS ===
[2026-06-18 20:30:34] ALLOC_CONS_ROTATION: INVERSE -> NEUTRAL (-0.787 -> -0.053)
[2026-06-18 20:30:34] BASE_REC_PROB: HIGH RISK -> ELEVATED (0.925 -> 0.699)
[2026-06-18 20:30:34] FCI: LOOSE -> NEUTRAL (0.621 -> 0.478)
[2026-06-18 20:30:34] FPI: FISCAL CRISIS -> HIGH STRESS (1.640 -> 1.466)
[2026-06-18 20:30:34] SBD: ALIGNED -> ACCUMULATION (0.264 -> -0.557)
[2026-06-18 20:30:34] SPI: NEUTRAL -> FEARFUL (0.889 -> 1.253)
[2026-06-18 20:30:34] SVI: BALANCED -> COMPLACENT (0.981 -> 1.613)
[2026-06-18 20:30:34] YFS: ELEVATED -> NORMAL (0.562 -> 0.137)

[2026-06-23 20:06:21] THRESHOLD ALERT CHECK
[2026-06-23 20:06:21] No new alerts or transitions.

[2026-06-24 04:00:41] THRESHOLD ALERT CHECK
[2026-06-24 04:00:41] === REGIME TRANSITIONS ===
[2026-06-24 04:00:41] BASE_REC_PROB: ELEVATED -> LOW RISK (0.699 -> 0.179)
[2026-06-24 04:00:41] MSI: TRANSITIONAL -> WEAK (-0.436 -> -0.698)
[2026-06-24 04:00:41] SBD: ACCUMULATION -> ALIGNED (-0.557 -> -0.390)
[2026-06-24 04:00:41] SPI: FEARFUL -> NEUTRAL (1.253 -> -0.110)
[2026-06-24 04:00:41] SSD: BALANCED -> EUPHORIA + STRONG (0.081 -> -1.460)

[2026-06-24 07:20:17] THRESHOLD ALERT CHECK
[2026-06-24 07:20:17] No new alerts or transitions.

[2026-06-24 07:37:21] THRESHOLD ALERT CHECK
[2026-06-24 07:37:21] === REGIME TRANSITIONS ===
[2026-06-24 07:37:21] BASE_REC_PROB: LOW RISK -> HIGH RISK (0.179 -> 0.875)

[2026-06-26 11:38:21] THRESHOLD ALERT CHECK
[2026-06-26 11:38:21] No new alerts or transitions.

[2026-06-26 12:22:34] THRESHOLD ALERT CHECK
[2026-06-26 12:22:34] === REGIME TRANSITIONS ===
[2026-06-26 12:22:34] ALLOC_INVENTORY_DESTOCK: SIGNAL -> INVERSE (1.066 -> -1.379)
[2026-06-26 12:22:34] BASE_REC_PROB: HIGH RISK -> LOW RISK (0.875 -> 0.101)
[2026-06-26 12:22:34] EMD: NEUTRAL -> OVERSOLD (0.303 -> -0.038)
[2026-06-26 12:22:34] LFI: NEUTRAL -> HEALTHY (0.114 -> -0.080)
[2026-06-26 12:22:34] PCI: ELEVATED -> ON TARGET (0.600 -> 0.471)
[2026-06-26 12:22:34] SBD: ALIGNED -> ACCUMULATION (-0.390 -> -0.900)
[2026-06-26 12:22:34] SPI: NEUTRAL -> EUPHORIC (-0.110 -> -0.627)
[2026-06-26 12:22:34] SSD: EUPHORIA + STRONG -> BLOW-OFF TOP RISK (-1.460 -> -2.816)
[2026-06-26 12:22:34] TREND_HEAT: NEUTRAL -> LOW (-0.385 -> -0.571)
[2026-06-26 12:22:34] === THRESHOLD ALERTS ===
[2026-06-26 12:22:34] [HIGH] SSD BLOW-OFF: Euphoria + strong structure (-2.816). Top risk elevated.

[2026-06-28 08:59:31] THRESHOLD ALERT CHECK
[2026-06-28 08:59:31] === REGIME TRANSITIONS ===
[2026-06-28 08:59:31] BASE_REC_PROB: LOW RISK -> ELEVATED (0.101 -> 0.685)
[2026-06-28 08:59:31] BILL_SOFR: BILLS VERY RICH -> NEUTRAL (0.230 -> 0.040)

[2026-06-29 08:19:04] THRESHOLD ALERT CHECK
[2026-06-29 08:19:04] No new alerts or transitions.

[2026-06-29 09:12:12] THRESHOLD ALERT CHECK
[2026-06-29 09:12:12] === REGIME TRANSITIONS ===
[2026-06-29 09:12:12] REC_PROB: MODERATE -> ELEVATED (0.381 -> 0.404)
[2026-06-29 09:12:12] === THRESHOLD ALERTS ===
[2026-06-29 09:12:12] [HIGH] Recession probability ELEVATED: 40.4%

[2026-06-30 06:35:34] THRESHOLD ALERT CHECK
[2026-06-30 06:35:34] === REGIME TRANSITIONS ===
[2026-06-30 06:35:34] ALLOC_ENERGY_MOMENTUM: SIGNAL -> NEUTRAL (0.519 -> -0.291)
[2026-06-30 06:35:34] ALLOC_REALYIELD_GOLD: NEUTRAL -> INVERSE (-0.367 -> -0.990)
[2026-06-30 06:35:34] BILL_SOFR: NEUTRAL -> BILLS VERY RICH (0.043 -> 0.210)
[2026-06-30 06:35:34] EMD: OVERSOLD -> NEUTRAL (-0.038 -> 0.069)
[2026-06-30 06:35:34] QUALITY_PRESSURE: LOW -> VERY LOW (-1.327 -> -1.862)

[2026-06-30 07:37:04] THRESHOLD ALERT CHECK
[2026-06-30 07:37:04] No new alerts or transitions.

[2026-07-01 06:37:01] THRESHOLD ALERT CHECK
[2026-07-01 06:37:01] === REGIME TRANSITIONS ===
[2026-07-01 06:37:01] ALLOC_CREDIT_LABOR_GAP: NEUTRAL -> SIGNAL (0.351 -> 0.723)
[2026-07-01 06:37:01] ALLOC_CURVE_STEEPENER: NEUTRAL -> SIGNAL (0.351 -> 0.723)
[2026-07-01 06:37:01] CLG: MISPRICED -> NEUTRAL (-0.171 -> 0.315)
[2026-07-01 06:37:01] MRI: ELEVATED -> NEUTRAL (0.586 -> 0.494)
[2026-07-01 06:37:01] MSI: WEAK -> TRANSITIONAL (-0.585 -> -0.361)
[2026-07-01 06:37:01] PCI: ON TARGET -> ELEVATED (0.498 -> 0.549)
[2026-07-01 06:37:01] SBD: ACCUMULATION -> ALIGNED (-1.014 -> -0.487)

[2026-07-02 06:23:16] THRESHOLD ALERT CHECK
[2026-07-02 06:23:16] === REGIME TRANSITIONS ===
[2026-07-02 06:23:16] MSI: TRANSITIONAL -> WEAK (-0.361 -> -0.509)
[2026-07-02 06:23:16] PCI: ELEVATED -> ON TARGET (0.549 -> 0.498)
[2026-07-02 06:23:16] SVI: COMPLACENT -> EXTREME COMPLACENCY (1.645 -> 2.480)

[2026-07-02 07:20:16] THRESHOLD ALERT CHECK
[2026-07-02 07:20:16] No new alerts or transitions.

[2026-07-04 18:45:19] THRESHOLD ALERT CHECK
[2026-07-04 18:45:19] === REGIME TRANSITIONS ===
[2026-07-04 18:45:19] ALLOC_CREDIT_LABOR_GAP: SIGNAL -> NEUTRAL (0.723 -> 0.333)
[2026-07-04 18:45:19] ALLOC_CURVE_STEEPENER: SIGNAL -> NEUTRAL (0.723 -> 0.333)
[2026-07-04 18:45:19] BASE_REC_PROB: ELEVATED -> MODERATE (0.613 -> 0.392)
[2026-07-04 18:45:19] GCI: ABOVE TREND -> STRONG GROWTH (0.687 -> 1.425)
[2026-07-04 18:45:19] MSI: WEAK -> TRANSITIONAL (-0.509 -> -0.475)
[2026-07-04 18:45:19] PCI: ON TARGET -> ELEVATED (0.498 -> 0.550)

[2026-07-05 13:42:03] THRESHOLD ALERT CHECK
[2026-07-05 13:42:03] === REGIME TRANSITIONS ===
[2026-07-05 13:42:03] BASE_REC_PROB: MODERATE -> ELEVATED (0.392 -> 0.567)

[2026-07-06 06:29:52] THRESHOLD ALERT CHECK
[2026-07-06 06:29:52] No new alerts or transitions.

[2026-07-06 07:20:06] THRESHOLD ALERT CHECK
[2026-07-06 07:20:06] No new alerts or transitions.

[2026-07-07 17:56:19] THRESHOLD ALERT CHECK
[2026-07-07 17:56:19] No new alerts or transitions.

[2026-07-07 18:55:18] THRESHOLD ALERT CHECK
[2026-07-07 18:55:18] === REGIME TRANSITIONS ===
[2026-07-07 18:55:18] BASE_REC_PROB: ELEVATED -> MODERATE (0.570 -> 0.354)
[2026-07-07 18:55:18] SPI: EUPHORIC -> NEUTRAL (-0.832 -> -0.109)
[2026-07-07 18:55:18] SSD: BLOW-OFF TOP RISK -> BALANCED (-1.667 -> 0.345)
[2026-07-07 18:55:18] SVI: EXTREME COMPLACENCY -> COMPLACENT (2.397 -> 1.536)

[2026-07-08 09:59:02] THRESHOLD ALERT CHECK
[2026-07-08 09:59:02] No new alerts or transitions.

[2026-07-08 11:10:10] THRESHOLD ALERT CHECK
[2026-07-08 11:10:10] === REGIME TRANSITIONS ===
[2026-07-08 11:10:10] BASE_REC_PROB: MODERATE -> ELEVATED (0.354 -> 0.476)

[2026-07-09 19:30:38] THRESHOLD ALERT CHECK
[2026-07-09 19:30:38] No new alerts or transitions.

[2026-07-10 07:24:13] THRESHOLD ALERT CHECK
[2026-07-10 07:24:13] === REGIME TRANSITIONS ===
[2026-07-10 07:24:13] SLI: EXPANSION -> SEVERE CONTRACTION (1.336 -> -1.040)
[2026-07-10 07:24:13] === THRESHOLD ALERTS ===
[2026-07-10 07:24:13] [HIGH] SLI SEVERE CONTRACTION: Stablecoin liquidity at -1.040. On-chain drying up.
[2026-07-10 07:24:13] [MEDIUM] SLI CONTRACTING: Stablecoin liquidity at -1.040.

[2026-07-10 09:35:01] THRESHOLD ALERT CHECK
[2026-07-10 09:35:01] === REGIME TRANSITIONS ===
[2026-07-10 09:35:01] BASE_REC_PROB: ELEVATED -> LOW RISK (0.476 -> 0.179)
[2026-07-10 09:35:01] ENSEMBLE_RISK: CRISIS -> PRE_CRISIS (0.827 -> 0.529)
[2026-07-10 09:35:01] PCI: ELEVATED -> ON TARGET (0.551 -> 0.449)
[2026-07-10 09:35:01] SLI: SEVERE CONTRACTION -> CONTRACTION (-1.040 -> -0.780)
[2026-07-10 09:35:01] SSD: BALANCED -> FEAR + WEAK (0.466 -> 0.762)

[2026-07-12 12:37:33] THRESHOLD ALERT CHECK
[2026-07-12 12:37:33] === REGIME TRANSITIONS ===
[2026-07-12 12:37:33] BASE_REC_PROB: LOW RISK -> ELEVATED (0.179 -> 0.518)
[2026-07-12 12:37:33] ENSEMBLE_RISK: PRE_CRISIS -> CRISIS (0.529 -> 0.868)
[2026-07-12 12:37:33] FCI: NEUTRAL -> LOOSE (0.433 -> 0.511)
[2026-07-12 12:37:33] MSI: TRANSITIONAL -> BULLISH (0.225 -> 0.576)
[2026-07-12 12:37:33] PCI: ON TARGET -> ELEVATED (0.449 -> 0.501)
[2026-07-12 12:37:33] SPI: NEUTRAL -> EUPHORIC (0.195 -> -0.672)

[2026-07-13 07:39:39] THRESHOLD ALERT CHECK
[2026-07-13 07:39:39] No new alerts or transitions.

[2026-07-13 12:31:00] THRESHOLD ALERT CHECK
[2026-07-13 12:31:00] === REGIME TRANSITIONS ===
[2026-07-13 12:31:00] FCI: LOOSE -> NEUTRAL (0.511 -> 0.498)

[2026-07-14 07:25:52] THRESHOLD ALERT CHECK
[2026-07-14 07:25:52] No new alerts or transitions.

[2026-07-14 12:41:53] THRESHOLD ALERT CHECK
[2026-07-14 12:41:53] === REGIME TRANSITIONS ===
[2026-07-14 12:41:53] FCI: NEUTRAL -> LOOSE (0.498 -> 0.512)
[2026-07-14 12:41:53] MSI: BULLISH -> TRANSITIONAL (0.576 -> 0.233)
[2026-07-14 12:41:53] PIPELINE_IMPULSE: NEUTRAL -> ELEVATED (0.423 -> 0.761)

[2026-07-15 06:25:40] THRESHOLD ALERT CHECK
[2026-07-15 06:25:40] === REGIME TRANSITIONS ===
[2026-07-15 06:25:40] FCI: LOOSE -> NEUTRAL (0.512 -> 0.457)
[2026-07-15 06:25:40] PCI: ELEVATED -> ON TARGET (0.527 -> 0.098)
[2026-07-15 06:25:40] PERSISTENCE_GAP: NEUTRAL -> LOW (-0.402 -> -0.546)
[2026-07-15 06:25:40] SPI: EUPHORIC -> NEUTRAL (-0.889 -> -0.109)

[2026-07-15 07:20:09] THRESHOLD ALERT CHECK
[2026-07-15 07:20:09] No new alerts or transitions.

[2026-07-16 06:40:51] THRESHOLD ALERT CHECK
[2026-07-16 06:40:51] === REGIME TRANSITIONS ===
[2026-07-16 06:40:51] PIPELINE_IMPULSE: ELEVATED -> NEUTRAL (0.761 -> 0.451)
[2026-07-16 06:40:51] SVI: COMPLACENT -> BALANCED (1.183 -> 0.910)

[2026-07-16 07:20:04] THRESHOLD ALERT CHECK
[2026-07-16 07:20:04] No new alerts or transitions.

[2026-07-17 06:22:49] THRESHOLD ALERT CHECK
[2026-07-17 06:22:49] === REGIME TRANSITIONS ===
[2026-07-17 06:22:49] ALLOC_INVENTORY_DESTOCK: INVERSE -> NEUTRAL (-1.373 -> 0.093)
[2026-07-17 06:22:49] FCI: NEUTRAL -> LOOSE (0.457 -> 0.528)
[2026-07-17 06:22:49] SPI: NEUTRAL -> EUPHORIC (-0.296 -> -0.596)

[2026-07-17 08:33:55] THRESHOLD ALERT CHECK
[2026-07-17 08:33:55] No new alerts or transitions.

[2026-07-18 06:22:22] THRESHOLD ALERT CHECK
[2026-07-18 06:22:22] === REGIME TRANSITIONS ===
[2026-07-18 06:22:22] BASE_REC_PROB: ELEVATED -> MODERATE (0.473 -> 0.226)
[2026-07-18 06:22:22] ENSEMBLE_RISK: CRISIS -> PRE_CRISIS (0.823 -> 0.576)
[2026-07-18 06:22:22] FCI: LOOSE -> NEUTRAL (0.528 -> 0.474)
[2026-07-18 06:22:22] MSI: TRANSITIONAL -> WEAK (-0.015 -> -0.689)
[2026-07-18 06:22:22] SSD: FEAR + WEAK -> BALANCED (0.648 -> -0.498)

[2026-07-19 06:27:29] THRESHOLD ALERT CHECK
[2026-07-19 06:27:29] === REGIME TRANSITIONS ===
[2026-07-19 06:27:29] CLG: NEUTRAL -> MISPRICED (0.419 -> -0.200)
[2026-07-19 06:27:29] LFI: HEALTHY -> NEUTRAL (-0.198 -> 0.415)
[2026-07-19 06:27:29] REC_PROB: ELEVATED -> HIGH RISK (0.522 -> 0.760)
[2026-07-19 06:27:29] === THRESHOLD ALERTS ===
[2026-07-19 06:27:29] [CRITICAL] Recession probability HIGH: 76.0%
