=== 2026-04-24 17:51:54 mirror start ===
=== 2026-04-24 17:52:11 mirror end (exit 0) ===
=== 2026-04-24 18:00:00 mirror start ===
=== 2026-04-24 18:00:02 mirror end (exit 0) ===
=== 2026-04-24 18:30:00 mirror start ===
=== 2026-04-24 18:30:01 mirror end (exit 0) ===
=== 2026-04-24 19:00:00 mirror start ===
=== 2026-04-24 19:00:02 mirror end (exit 0) ===
=== 2026-04-24 19:30:01 mirror start ===
=== 2026-04-24 19:30:02 mirror end (exit 0) ===
=== 2026-04-24 20:00:00 mirror start ===
=== 2026-04-24 20:00:02 mirror end (exit 0) ===
=== 2026-04-24 20:30:00 mirror start ===
=== 2026-04-24 20:30:01 mirror end (exit 0) ===
=== 2026-04-24 21:00:00 mirror start ===
=== 2026-04-24 21:00:02 mirror end (exit 0) ===
=== 2026-04-24 21:30:01 mirror start ===
=== 2026-04-24 21:30:12 mirror end (exit 0) ===
=== 2026-04-24 22:00:01 mirror start ===
=== 2026-04-24 22:00:02 mirror end (exit 0) ===
=== 2026-04-24 22:30:01 mirror start ===
=== 2026-04-24 22:30:03 mirror end (exit 0) ===
=== 2026-04-25 07:00:00 mirror start ===
=== 2026-04-25 07:00:02 mirror end (exit 0) ===
=== 2026-04-25 07:30:00 mirror start ===
=== 2026-04-25 07:30:01 mirror end (exit 0) ===
=== 2026-04-25 08:00:00 mirror start ===
=== 2026-04-25 08:00:01 mirror end (exit 0) ===
=== 2026-04-25 08:30:00 mirror start ===
=== 2026-04-25 08:30:01 mirror end (exit 0) ===
=== 2026-04-25 09:00:00 mirror start ===
=== 2026-04-25 09:00:02 mirror end (exit 0) ===
=== 2026-04-25 09:30:00 mirror start ===
=== 2026-04-25 09:30:01 mirror end (exit 0) ===
=== 2026-04-25 10:00:00 mirror start ===
=== 2026-04-25 10:00:02 mirror end (exit 0) ===
=== 2026-04-25 10:30:01 mirror start ===
=== 2026-04-25 10:30:02 mirror end (exit 0) ===
=== 2026-04-25 11:00:00 mirror start ===
=== 2026-04-25 11:00:01 mirror end (exit 0) ===
=== 2026-04-25 11:30:00 mirror start ===
=== 2026-04-25 11:30:01 mirror end (exit 0) ===
=== 2026-04-25 12:00:00 mirror start ===
=== 2026-04-25 12:00:01 mirror end (exit 0) ===
=== 2026-04-25 12:30:00 mirror start ===
=== 2026-04-25 12:30:02 mirror end (exit 0) ===
=== 2026-04-25 13:00:01 mirror start ===
=== 2026-04-25 13:00:25 mirror end (exit 0) ===
=== 2026-04-25 13:30:02 mirror start ===
=== 2026-04-25 13:30:29 mirror end (exit 0) ===
=== 2026-04-25 14:00:00 mirror start ===
=== 2026-04-25 14:00:01 mirror end (exit 0) ===
=== 2026-04-25 14:30:00 mirror start ===
=== 2026-04-25 14:30:01 mirror end (exit 0) ===
=== 2026-04-25 15:00:01 mirror start ===
=== 2026-04-25 15:00:24 mirror end (exit 0) ===
=== 2026-04-25 15:30:00 mirror start ===
=== 2026-04-25 15:30:02 mirror end (exit 0) ===
=== 2026-04-25 16:00:00 mirror start ===
=== 2026-04-25 16:00:02 mirror end (exit 0) ===
=== 2026-04-25 16:30:01 mirror start ===
=== 2026-04-25 16:30:25 mirror end (exit 0) ===
=== 2026-04-25 17:00:00 mirror start ===
=== 2026-04-25 17:00:02 mirror end (exit 0) ===
=== 2026-04-25 17:30:00 mirror start ===
=== 2026-04-25 17:30:02 mirror end (exit 0) ===
=== 2026-04-25 18:00:00 mirror start ===
=== 2026-04-25 18:00:02 mirror end (exit 0) ===
=== 2026-04-25 18:30:00 mirror start ===
=== 2026-04-25 18:30:02 mirror end (exit 0) ===
=== 2026-04-25 19:00:02 mirror start ===
=== 2026-04-25 19:00:27 mirror end (exit 0) ===
=== 2026-04-25 19:30:01 mirror start ===
=== 2026-04-25 19:30:02 mirror end (exit 0) ===
=== 2026-04-25 20:00:00 mirror start ===
=== 2026-04-25 20:00:02 mirror end (exit 0) ===
=== 2026-04-25 20:30:00 mirror start ===
=== 2026-04-25 20:30:03 mirror end (exit 0) ===
=== 2026-04-25 21:00:02 mirror start ===
=== 2026-04-25 21:00:09 mirror end (exit 0) ===
=== 2026-04-25 21:30:02 mirror start ===
=== 2026-04-25 21:30:06 mirror end (exit 0) ===
=== 2026-04-25 22:00:01 mirror start ===
=== 2026-04-25 22:00:29 mirror end (exit 0) ===
=== 2026-04-25 22:30:02 mirror start ===
=== 2026-04-25 22:30:12 mirror end (exit 0) ===
=== 2026-04-26 12:00:01 mirror start ===
=== 2026-04-26 12:00:29 mirror end (exit 0) ===
=== 2026-04-26 12:30:01 mirror start ===
=== 2026-04-26 12:30:23 mirror end (exit 0) ===
=== 2026-04-26 13:00:02 mirror start ===
rsync(76541): error: /Users/bob/LHM/Brand/ReversLogo2389bb.png: open (2) in /Users/bob: No such file or directory
rsync(76541): error: /Users/bob/LHM/Brand/logo copy.png: open (2) in /Users/bob: No such file or directory
=== 2026-04-26 13:00:20 mirror end (exit 0) ===
=== 2026-04-26 13:30:00 mirror start ===
=== 2026-04-26 13:30:03 mirror end (exit 0) ===
=== 2026-04-26 14:00:00 mirror start ===
=== 2026-04-26 14:00:03 mirror end (exit 0) ===
=== 2026-04-26 14:30:00 mirror start ===
=== 2026-04-26 14:30:02 mirror end (exit 0) ===
=== 2026-04-26 15:00:01 mirror start ===
=== 2026-04-26 15:00:11 mirror end (exit 0) ===
=== 2026-04-26 15:30:03 mirror start ===
=== 2026-04-26 15:30:38 mirror end (exit 0) ===
=== 2026-04-26 16:00:01 mirror start ===
=== 2026-04-26 16:00:03 mirror end (exit 0) ===
=== 2026-04-26 16:30:00 mirror start ===
=== 2026-04-26 16:30:05 mirror end (exit 0) ===
=== 2026-04-26 17:00:00 mirror start ===
=== 2026-04-26 17:00:03 mirror end (exit 0) ===
=== 2026-04-26 17:30:00 mirror start ===
=== 2026-04-26 17:30:03 mirror end (exit 0) ===
=== 2026-04-26 18:00:00 mirror start ===
=== 2026-04-26 18:00:03 mirror end (exit 0) ===
=== 2026-04-26 18:30:00 mirror start ===
=== 2026-04-26 18:30:03 mirror end (exit 0) ===
=== 2026-04-26 19:00:00 mirror start ===
=== 2026-04-26 19:00:03 mirror end (exit 0) ===
=== 2026-04-26 19:30:00 mirror start ===
=== 2026-04-26 19:30:03 mirror end (exit 0) ===
=== 2026-04-26 20:00:00 mirror start ===
=== 2026-04-26 20:00:03 mirror end (exit 0) ===
=== 2026-04-26 20:30:00 mirror start ===
=== 2026-04-26 20:30:03 mirror end (exit 0) ===
=== 2026-04-26 22:00:01 mirror start ===
=== 2026-04-26 22:00:28 mirror end (exit 0) ===
=== 2026-04-26 22:30:00 mirror start ===
=== 2026-04-26 22:30:02 mirror end (exit 0) ===
=== 2026-04-27 07:00:02 mirror start ===
=== 2026-04-27 07:00:18 mirror end (exit 0) ===
=== 2026-04-27 07:30:01 mirror start ===
=== 2026-04-27 07:30:04 mirror end (exit 0) ===
=== 2026-04-27 08:00:02 mirror start ===
=== 2026-04-27 08:00:29 mirror end (exit 0) ===
=== 2026-04-27 08:30:02 mirror start ===
=== 2026-04-27 08:30:32 mirror end (exit 0) ===
=== 2026-04-27 09:00:01 mirror start ===
=== 2026-04-27 09:00:02 mirror end (exit 0) ===
=== 2026-04-27 09:30:00 mirror start ===
=== 2026-04-27 09:30:02 mirror end (exit 0) ===
=== 2026-04-27 10:00:00 mirror start ===
=== 2026-04-27 10:00:02 mirror end (exit 0) ===
=== 2026-04-27 10:30:00 mirror start ===
=== 2026-04-27 10:30:02 mirror end (exit 0) ===
=== 2026-04-27 11:00:00 mirror start ===
=== 2026-04-27 11:00:01 mirror end (exit 0) ===
=== 2026-04-27 11:30:00 mirror start ===
=== 2026-04-27 11:30:03 mirror end (exit 0) ===
=== 2026-04-27 12:00:00 mirror start ===
=== 2026-04-27 12:00:04 mirror end (exit 0) ===
=== 2026-04-27 12:30:00 mirror start ===
=== 2026-04-27 12:30:02 mirror end (exit 0) ===
=== 2026-04-27 13:00:00 mirror start ===
=== 2026-04-27 13:00:02 mirror end (exit 0) ===
=== 2026-04-27 13:30:00 mirror start ===
=== 2026-04-27 13:30:02 mirror end (exit 0) ===
=== 2026-04-27 14:00:02 mirror start ===
=== 2026-04-27 14:00:31 mirror end (exit 0) ===
=== 2026-04-27 14:30:00 mirror start ===
=== 2026-04-27 14:30:02 mirror end (exit 0) ===
=== 2026-04-27 15:00:00 mirror start ===
=== 2026-04-27 15:00:02 mirror end (exit 0) ===
=== 2026-04-27 15:30:00 mirror start ===
=== 2026-04-27 15:30:02 mirror end (exit 0) ===
=== 2026-04-27 16:00:00 mirror start ===
=== 2026-04-27 16:00:03 mirror end (exit 0) ===
=== 2026-04-27 16:30:00 mirror start ===
=== 2026-04-27 16:30:04 mirror end (exit 0) ===
=== 2026-04-27 17:00:01 mirror start ===
=== 2026-04-27 17:00:06 mirror end (exit 0) ===
=== 2026-04-27 17:30:00 mirror start ===
=== 2026-04-27 17:30:02 mirror end (exit 0) ===
=== 2026-04-27 18:00:00 mirror start ===
=== 2026-04-27 18:00:02 mirror end (exit 0) ===
=== 2026-04-27 18:30:01 mirror start ===
=== 2026-04-27 18:30:03 mirror end (exit 0) ===
=== 2026-04-27 19:00:00 mirror start ===
=== 2026-04-27 19:00:03 mirror end (exit 0) ===
=== 2026-04-27 19:30:00 mirror start ===
=== 2026-04-27 19:30:03 mirror end (exit 0) ===
=== 2026-04-27 20:00:00 mirror start ===
=== 2026-04-27 20:00:02 mirror end (exit 0) ===
=== 2026-04-27 20:30:00 mirror start ===
=== 2026-04-27 20:30:03 mirror end (exit 0) ===
=== 2026-04-27 21:00:00 mirror start ===
=== 2026-04-27 21:00:02 mirror end (exit 0) ===
=== 2026-04-27 21:30:00 mirror start ===
=== 2026-04-27 21:30:02 mirror end (exit 0) ===
=== 2026-04-27 22:00:00 mirror start ===
=== 2026-04-27 22:00:02 mirror end (exit 0) ===
=== 2026-04-27 22:30:01 mirror start ===
=== 2026-04-27 22:30:03 mirror end (exit 0) ===
=== 2026-04-28 07:00:00 mirror start ===
=== 2026-04-28 07:00:06 mirror end (exit 0) ===
=== 2026-04-28 07:30:00 mirror start ===
=== 2026-04-28 07:30:04 mirror end (exit 0) ===
=== 2026-04-28 08:00:00 mirror start ===
=== 2026-04-28 08:00:05 mirror end (exit 0) ===
=== 2026-04-28 08:30:00 mirror start ===
=== 2026-04-28 08:30:05 mirror end (exit 0) ===
=== 2026-04-28 09:00:00 mirror start ===
=== 2026-04-28 09:00:06 mirror end (exit 0) ===
=== 2026-04-28 09:30:01 mirror start ===
=== 2026-04-28 09:30:06 mirror end (exit 0) ===
=== 2026-04-28 10:00:00 mirror start ===
=== 2026-04-28 10:00:08 mirror end (exit 0) ===
=== 2026-04-28 10:30:00 mirror start ===
=== 2026-04-28 10:30:06 mirror end (exit 0) ===
=== 2026-04-28 11:00:00 mirror start ===
=== 2026-04-28 11:00:04 mirror end (exit 0) ===
=== 2026-04-28 11:30:00 mirror start ===
=== 2026-04-28 11:30:06 mirror end (exit 0) ===
=== 2026-04-28 12:00:02 mirror start ===
=== 2026-04-28 12:00:56 mirror end (exit 0) ===
=== 2026-04-28 12:36:42 mirror start ===
=== 2026-04-28 12:37:39 mirror end (exit 0) ===
=== 2026-04-28 13:00:02 mirror start ===
=== 2026-04-28 13:00:39 mirror end (exit 0) ===
=== 2026-04-28 13:30:00 mirror start ===
=== 2026-04-28 13:30:03 mirror end (exit 0) ===
=== 2026-04-28 14:00:00 mirror start ===
=== 2026-04-28 14:00:02 mirror end (exit 0) ===
=== 2026-04-28 14:30:00 mirror start ===
=== 2026-04-28 14:30:02 mirror end (exit 0) ===
=== 2026-04-28 15:00:01 mirror start ===
=== 2026-04-28 15:00:03 mirror end (exit 0) ===
=== 2026-04-28 16:30:00 mirror start ===
=== 2026-04-28 16:30:02 mirror end (exit 0) ===
=== 2026-04-28 17:00:00 mirror start ===
=== 2026-04-28 17:00:04 mirror end (exit 0) ===
=== 2026-04-28 17:30:00 mirror start ===
=== 2026-04-28 17:30:03 mirror end (exit 0) ===
=== 2026-04-28 18:00:00 mirror start ===
=== 2026-04-28 18:00:05 mirror end (exit 0) ===
=== 2026-04-28 18:30:01 mirror start ===
=== 2026-04-28 18:30:04 mirror end (exit 0) ===
=== 2026-04-28 19:00:03 mirror start ===
=== 2026-04-28 19:00:37 mirror end (exit 0) ===
=== 2026-04-28 19:30:02 mirror start ===
=== 2026-04-28 19:30:35 mirror end (exit 0) ===
=== 2026-04-28 20:00:00 mirror start ===
=== 2026-04-28 20:00:01 mirror end (exit 0) ===
=== 2026-04-28 20:30:00 mirror start ===
=== 2026-04-28 20:30:02 mirror end (exit 0) ===
=== 2026-04-28 21:00:00 mirror start ===
=== 2026-04-28 21:00:02 mirror end (exit 0) ===
=== 2026-04-28 21:30:00 mirror start ===
=== 2026-04-28 21:30:02 mirror end (exit 0) ===
=== 2026-04-28 22:00:00 mirror start ===
=== 2026-04-28 22:00:02 mirror end (exit 0) ===
=== 2026-04-28 22:30:00 mirror start ===
=== 2026-04-28 22:30:03 mirror end (exit 0) ===
=== 2026-04-29 12:30:29 mirror start ===
rsync(2143): error: /Users/bob/LHM/Outputs/.tmp.driveupload/40421: open (2) in /Users/bob: No such file or directory
rsync(2143): error: /Users/bob/LHM/Outputs/.tmp.driveupload/40431: open (2) in /Users/bob: No such file or directory
rsync(2143): error: /Users/bob/LHM/Outputs/.tmp.driveupload/40437: open (2) in /Users/bob: No such file or directory
rsync(2143): error: /Users/bob/LHM/Outputs/.tmp.driveupload/40439: open (2) in /Users/bob: No such file or directory
rsync(2143): error: /Users/bob/LHM/Outputs/.tmp.driveupload/40441: open (2) in /Users/bob: No such file or directory
rsync(2143): error: /Users/bob/LHM/Outputs/.tmp.driveupload/40443: open (2) in /Users/bob: No such file or directory
rsync(2143): error: /Users/bob/LHM/Outputs/.tmp.driveupload/40445: open (2) in /Users/bob: No such file or directory
rsync(2143): error: /Users/bob/LHM/Outputs/.tmp.driveupload/40447: open (2) in /Users/bob: No such file or directory
rsync(2143): error: /Users/bob/LHM/Outputs/.tmp.driveupload/40449: open (2) in /Users/bob: No such file or directory
rsync(2143): error: /Users/bob/LHM/Outputs/.tmp.driveupload/40451: open (2) in /Users/bob: No such file or directory
rsync(2143): error: /Users/bob/LHM/Outputs/.tmp.driveupload/40453: open (2) in /Users/bob: No such file or directory
rsync(2143): error: /Users/bob/LHM/Outputs/.tmp.driveupload/40455: open (2) in /Users/bob: No such file or directory
rsync(2143): error: /Users/bob/LHM/Outputs/.tmp.driveupload/40457: open (2) in /Users/bob: No such file or directory
rsync(2143): error: /Users/bob/LHM/Outputs/.tmp.driveupload/40459: open (2) in /Users/bob: No such file or directory
rsync(2143): error: /Users/bob/LHM/Outputs/.tmp.driveupload/40461: open (2) in /Users/bob: No such file or directory
rsync(2143): error: /Users/bob/LHM/Outputs/.tmp.driveupload/40463: open (2) in /Users/bob: No such file or directory
rsync(2143): error: /Users/bob/LHM/Outputs/.tmp.driveupload/40465: open (2) in /Users/bob: No such file or directory
rsync(2143): error: /Users/bob/LHM/Outputs/.tmp.driveupload/40467: open (2) in /Users/bob: No such file or directory
rsync(2143): error: /Users/bob/LHM/Outputs/.tmp.driveupload/40469: open (2) in /Users/bob: No such file or directory
rsync(2143): error: /Users/bob/LHM/Outputs/.tmp.driveupload/40471: open (2) in /Users/bob: No such file or directory
rsync(2143): error: /Users/bob/LHM/Outputs/.tmp.driveupload/40473: open (2) in /Users/bob: No such file or directory
rsync(2143): error: /Users/bob/LHM/Outputs/.tmp.driveupload/40475: open (2) in /Users/bob: No such file or directory
rsync(2143): error: /Users/bob/LHM/Outputs/.tmp.driveupload/40479: open (2) in /Users/bob: No such file or directory
rsync(2143): error: /Users/bob/LHM/Outputs/.tmp.driveupload/40481: open (2) in /Users/bob: No such file or directory
rsync(2143): error: /Users/bob/LHM/Outputs/.tmp.driveupload/40483: open (2) in /Users/bob: No such file or directory
rsync(2143): error: /Users/bob/LHM/Outputs/.tmp.driveupload/40485: open (2) in /Users/bob: No such file or directory
rsync(2143): error: /Users/bob/LHM/Outputs/.tmp.driveupload/40487: open (2) in /Users/bob: No such file or directory
rsync(2143): error: /Users/bob/LHM/Outputs/.tmp.driveupload/40489: open (2) in /Users/bob: No such file or directory
rsync(2143): error: /Users/bob/LHM/Outputs/.tmp.driveupload/40491: open (2) in /Users/bob: No such file or directory
rsync(2143): error: /Users/bob/LHM/Outputs/.tmp.driveupload/40493: open (2) in /Users/bob: No such file or directory
rsync(2143): error: /Users/bob/LHM/Outputs/.tmp.driveupload/40495: open (2) in /Users/bob: No such file or directory
rsync(2143): error: /Users/bob/LHM/Outputs/.tmp.driveupload/40497: open (2) in /Users/bob: No such file or directory
rsync(2143): error: /Users/bob/LHM/Outputs/.tmp.driveupload/40499: open (2) in /Users/bob: No such file or directory
rsync(2143): error: /Users/bob/LHM/Outputs/.tmp.driveupload/40501: open (2) in /Users/bob: No such file or directory
rsync(2143): error: /Users/bob/LHM/Outputs/.tmp.driveupload/40503: open (2) in /Users/bob: No such file or directory
rsync(2143): error: /Users/bob/LHM/Outputs/.tmp.driveupload/40505: open (2) in /Users/bob: No such file or directory
rsync(2143): error: /Users/bob/LHM/Outputs/.tmp.driveupload/40507: open (2) in /Users/bob: No such file or directory
rsync(2143): error: /Users/bob/LHM/Outputs/.tmp.driveupload/40509: open (2) in /Users/bob: No such file or directory
rsync(2143): error: /Users/bob/LHM/Outputs/.tmp.driveupload/40511: open (2) in /Users/bob: No such file or directory
rsync(2143): error: /Users/bob/LHM/Outputs/.tmp.driveupload/40513: open (2) in /Users/bob: No such file or directory
rsync(2143): error: /Users/bob/LHM/Outputs/.tmp.driveupload/40515: open (2) in /Users/bob: No such file or directory
rsync(2143): error: /Users/bob/LHM/Outputs/.tmp.driveupload/40517: open (2) in /Users/bob: No such file or directory
rsync(2143): error: /Users/bob/LHM/Outputs/.tmp.driveupload/40519: open (2) in /Users/bob: No such file or directory
rsync(2143): error: /Users/bob/LHM/Outputs/.tmp.driveupload/40521: open (2) in /Users/bob: No such file or directory
rsync(2143): error: /Users/bob/LHM/Outputs/.tmp.driveupload/40523: open (2) in /Users/bob: No such file or directory
rsync(2143): error: /Users/bob/LHM/Outputs/.tmp.driveupload/40525: open (2) in /Users/bob: No such file or directory
rsync(2143): error: /Users/bob/LHM/Outputs/.tmp.driveupload/40527: open (2) in /Users/bob: No such file or directory
rsync(2143): error: /Users/bob/LHM/Outputs/.tmp.driveupload/40529: open (2) in /Users/bob: No such file or directory
rsync(2143): error: /Users/bob/LHM/Outputs/.tmp.driveupload/40531: open (2) in /Users/bob: No such file or directory
rsync(2143): error: /Users/bob/LHM/Outputs/.tmp.driveupload/40533: open (2) in /Users/bob: No such file or directory
rsync(2143): error: /Users/bob/LHM/Outputs/.tmp.driveupload/40535: open (2) in /Users/bob: No such file or directory
rsync(2143): error: /Users/bob/LHM/Outputs/.tmp.driveupload/40537: open (2) in /Users/bob: No such file or directory
rsync(2143): error: /Users/bob/LHM/Outputs/.tmp.driveupload/40539: open (2) in /Users/bob: No such file or directory
rsync(2143): error: /Users/bob/LHM/Outputs/.tmp.driveupload/40541: open (2) in /Users/bob: No such file or directory
rsync(2143): error: /Users/bob/LHM/Outputs/.tmp.driveupload/40543: open (2) in /Users/bob: No such file or directory
rsync(2143): error: /Users/bob/LHM/Outputs/.tmp.driveupload/40545: open (2) in /Users/bob: No such file or directory
rsync(2143): error: /Users/bob/LHM/Outputs/.tmp.driveupload/40547: open (2) in /Users/bob: No such file or directory
rsync(2143): error: /Users/bob/LHM/Outputs/.tmp.driveupload/40549: open (2) in /Users/bob: No such file or directory
rsync(2143): error: /Users/bob/LHM/Outputs/.tmp.driveupload/40551: open (2) in /Users/bob: No such file or directory
rsync(2143): error: /Users/bob/LHM/Outputs/.tmp.driveupload/40553: open (2) in /Users/bob: No such file or directory
rsync(2143): error: /Users/bob/LHM/Outputs/.tmp.driveupload/40555: open (2) in /Users/bob: No such file or directory
rsync(2143): error: /Users/bob/LHM/Outputs/.tmp.driveupload/40557: open (2) in /Users/bob: No such file or directory
rsync(2143): error: /Users/bob/LHM/Outputs/.tmp.driveupload/40559: open (2) in /Users/bob: No such file or directory
rsync(2143): error: /Users/bob/LHM/Outputs/.tmp.driveupload/40561: open (2) in /Users/bob: No such file or directory
rsync(2143): error: /Users/bob/LHM/Outputs/.tmp.driveupload/40563: open (2) in /Users/bob: No such file or directory
rsync(2143): error: /Users/bob/LHM/Outputs/.tmp.driveupload/40565: open (2) in /Users/bob: No such file or directory
rsync(2143): error: /Users/bob/LHM/Outputs/.tmp.driveupload/40567: open (2) in /Users/bob: No such file or directory
rsync(2143): error: /Users/bob/LHM/Outputs/.tmp.driveupload/40569: open (2) in /Users/bob: No such file or directory
rsync(2143): error: /Users/bob/LHM/Outputs/.tmp.driveupload/40571: open (2) in /Users/bob: No such file or directory
rsync(2143): error: /Users/bob/LHM/Outputs/.tmp.driveupload/40573: open (2) in /Users/bob: No such file or directory
rsync(2143): error: /Users/bob/LHM/Outputs/.tmp.driveupload/40575: open (2) in /Users/bob: No such file or directory
rsync(2143): error: /Users/bob/LHM/Outputs/.tmp.driveupload/40577: open (2) in /Users/bob: No such file or directory
rsync(2143): error: /Users/bob/LHM/Outputs/.tmp.driveupload/40579: open (2) in /Users/bob: No such file or directory
rsync(2143): error: /Users/bob/LHM/Outputs/.tmp.driveupload/40581: open (2) in /Users/bob: No such file or directory
rsync(2143): error: /Users/bob/LHM/Outputs/.tmp.driveupload/40583: open (2) in /Users/bob: No such file or directory
rsync(2143): error: /Users/bob/LHM/Outputs/.tmp.driveupload/40585: open (2) in /Users/bob: No such file or directory
rsync(2143): error: /Users/bob/LHM/Outputs/.tmp.driveupload/40587: open (2) in /Users/bob: No such file or directory
rsync(2143): error: /Users/bob/LHM/Outputs/.tmp.driveupload/40589: open (2) in /Users/bob: No such file or directory
rsync(2143): error: /Users/bob/LHM/Outputs/.tmp.driveupload/40591: open (2) in /Users/bob: No such file or directory
rsync(2143): error: /Users/bob/LHM/Outputs/.tmp.driveupload/40593: open (2) in /Users/bob: No such file or directory
rsync(2143): error: /Users/bob/LHM/Outputs/.tmp.driveupload/40595: open (2) in /Users/bob: No such file or directory
rsync(2143): error: /Users/bob/LHM/Outputs/.tmp.driveupload/40597: open (2) in /Users/bob: No such file or directory
rsync(2143): error: /Users/bob/LHM/Outputs/.tmp.driveupload/40599: open (2) in /Users/bob: No such file or directory
rsync(2143): error: /Users/bob/LHM/Outputs/.tmp.driveupload/40601: open (2) in /Users/bob: No such file or directory
rsync(2143): error: /Users/bob/LHM/Outputs/.tmp.driveupload/40603: open (2) in /Users/bob: No such file or directory
rsync(2143): error: /Users/bob/LHM/Outputs/.tmp.driveupload/40605: open (2) in /Users/bob: No such file or directory
rsync(2143): error: /Users/bob/LHM/Outputs/.tmp.driveupload/40607: open (2) in /Users/bob: No such file or directory
rsync(2143): error: /Users/bob/LHM/Outputs/.tmp.driveupload/40609: open (2) in /Users/bob: No such file or directory
rsync(2143): error: /Users/bob/LHM/Outputs/.tmp.driveupload/40611: open (2) in /Users/bob: No such file or directory
rsync(2143): error: /Users/bob/LHM/Outputs/.tmp.driveupload/40613: open (2) in /Users/bob: No such file or directory
rsync(2143): error: /Users/bob/LHM/Outputs/.tmp.driveupload/40615: open (2) in /Users/bob: No such file or directory
rsync(2143): error: /Users/bob/LHM/Outputs/.tmp.driveupload/40617: open (2) in /Users/bob: No such file or directory
rsync(2143): error: /Users/bob/LHM/Outputs/.tmp.driveupload/40619: open (2) in /Users/bob: No such file or directory
rsync(2143): error: /Users/bob/LHM/Outputs/.tmp.driveupload/40621: open (2) in /Users/bob: No such file or directory
rsync(2143): error: /Users/bob/LHM/Outputs/.tmp.driveupload/40623: open (2) in /Users/bob: No such file or directory
rsync(2143): error: /Users/bob/LHM/Outputs/.tmp.driveupload/40625: open (2) in /Users/bob: No such file or directory
rsync(2143): error: /Users/bob/LHM/Outputs/.tmp.driveupload/40627: open (2) in /Users/bob: No such file or directory
rsync(2143): error: /Users/bob/LHM/Outputs/.tmp.driveupload/40629: open (2) in /Users/bob: No such file or directory
rsync(2143): error: /Users/bob/LHM/Outputs/.tmp.driveupload/40631: open (2) in /Users/bob: No such file or directory
rsync(2143): error: /Users/bob/LHM/Outputs/.tmp.driveupload/40633: open (2) in /Users/bob: No such file or directory
rsync(2143): error: /Users/bob/LHM/Outputs/.tmp.driveupload/40635: open (2) in /Users/bob: No such file or directory
rsync(2143): error: /Users/bob/LHM/Outputs/.tmp.driveupload/40637: open (2) in /Users/bob: No such file or directory
rsync(2143): error: /Users/bob/LHM/Outputs/.tmp.driveupload/40639: open (2) in /Users/bob: No such file or directory
rsync(2143): error: /Users/bob/LHM/Outputs/.tmp.driveupload/40641: open (2) in /Users/bob: No such file or directory
rsync(2143): error: /Users/bob/LHM/Outputs/.tmp.driveupload/40643: open (2) in /Users/bob: No such file or directory
rsync(2143): error: /Users/bob/LHM/Outputs/.tmp.driveupload/40645: open (2) in /Users/bob: No such file or directory
rsync(2143): error: /Users/bob/LHM/Outputs/.tmp.driveupload/40647: open (2) in /Users/bob: No such file or directory
rsync(2143): error: /Users/bob/LHM/Outputs/.tmp.driveupload/40649: open (2) in /Users/bob: No such file or directory
rsync(2143): error: /Users/bob/LHM/Outputs/.tmp.driveupload/40651: open (2) in /Users/bob: No such file or directory
rsync(2143): error: /Users/bob/LHM/Outputs/.tmp.driveupload/40653: open (2) in /Users/bob: No such file or directory
rsync(2143): error: /Users/bob/LHM/Outputs/.tmp.driveupload/40655: open (2) in /Users/bob: No such file or directory
rsync(2143): error: /Users/bob/LHM/Outputs/.tmp.driveupload/40657: open (2) in /Users/bob: No such file or directory
rsync(2143): error: /Users/bob/LHM/Outputs/.tmp.driveupload/40659: open (2) in /Users/bob: No such file or directory
rsync(2143): error: /Users/bob/LHM/Outputs/.tmp.driveupload/40661: open (2) in /Users/bob: No such file or directory
rsync(2143): error: /Users/bob/LHM/Outputs/.tmp.driveupload/40663: open (2) in /Users/bob: No such file or directory
rsync(2143): error: /Users/bob/LHM/Outputs/.tmp.driveupload/40665: open (2) in /Users/bob: No such file or directory
rsync(2143): error: /Users/bob/LHM/Outputs/.tmp.driveupload/40667: open (2) in /Users/bob: No such file or directory
rsync(2143): error: /Users/bob/LHM/Outputs/.tmp.driveupload/40669: open (2) in /Users/bob: No such file or directory
rsync(2143): error: /Users/bob/LHM/Outputs/.tmp.driveupload/40671: open (2) in /Users/bob: No such file or directory
rsync(2143): error: /Users/bob/LHM/Outputs/.tmp.driveupload/40673: open (2) in /Users/bob: No such file or directory
rsync(2143): error: /Users/bob/LHM/Outputs/.tmp.driveupload/40675: open (2) in /Users/bob: No such file or directory
rsync(2143): error: /Users/bob/LHM/Outputs/.tmp.driveupload/40677: open (2) in /Users/bob: No such file or directory
rsync(2143): error: /Users/bob/LHM/Outputs/.tmp.driveupload/40679: open (2) in /Users/bob: No such file or directory
rsync(2143): error: /Users/bob/LHM/Outputs/.tmp.driveupload/40681: open (2) in /Users/bob: No such file or directory
rsync(2143): error: /Users/bob/LHM/Outputs/.tmp.driveupload/40683: open (2) in /Users/bob: No such file or directory
rsync(2143): error: /Users/bob/LHM/Outputs/.tmp.driveupload/40685: open (2) in /Users/bob: No such file or directory
rsync(2143): error: /Users/bob/LHM/Outputs/.tmp.driveupload/40687: open (2) in /Users/bob: No such file or directory
rsync(2143): error: /Users/bob/LHM/Outputs/.tmp.driveupload/40689: open (2) in /Users/bob: No such file or directory
rsync(2143): error: /Users/bob/LHM/Outputs/.tmp.driveupload/40691: open (2) in /Users/bob: No such file or directory
rsync(2143): error: /Users/bob/LHM/Outputs/.tmp.driveupload/40693: open (2) in /Users/bob: No such file or directory
rsync(2143): error: /Users/bob/LHM/Outputs/.tmp.driveupload/40695: open (2) in /Users/bob: No such file or directory
rsync(2143): error: /Users/bob/LHM/Outputs/.tmp.driveupload/40697: open (2) in /Users/bob: No such file or directory
rsync(2143): error: /Users/bob/LHM/Outputs/.tmp.driveupload/40699: open (2) in /Users/bob: No such file or directory
rsync(2143): error: /Users/bob/LHM/Outputs/.tmp.driveupload/40701: open (2) in /Users/bob: No such file or directory
rsync(2143): error: /Users/bob/LHM/Outputs/.tmp.driveupload/40703: open (2) in /Users/bob: No such file or directory
rsync(2143): error: /Users/bob/LHM/Outputs/.tmp.driveupload/40705: open (2) in /Users/bob: No such file or directory
rsync(2143): error: /Users/bob/LHM/Outputs/.tmp.driveupload/40707: open (2) in /Users/bob: No such file or directory
rsync(2143): error: /Users/bob/LHM/Outputs/.tmp.driveupload/40709: open (2) in /Users/bob: No such file or directory
rsync(2143): error: /Users/bob/LHM/Outputs/.tmp.driveupload/40711: open (2) in /Users/bob: No such file or directory
rsync(2143): error: /Users/bob/LHM/Outputs/.tmp.driveupload/40713: open (2) in /Users/bob: No such file or directory
rsync(2143): error: /Users/bob/LHM/Outputs/.tmp.driveupload/40715: open (2) in /Users/bob: No such file or directory
rsync(2143): error: /Users/bob/LHM/Outputs/.tmp.driveupload/40717: open (2) in /Users/bob: No such file or directory
rsync(2143): error: /Users/bob/LHM/Outputs/.tmp.driveupload/40719: open (2) in /Users/bob: No such file or directory
rsync(2143): error: /Users/bob/LHM/Outputs/.tmp.driveupload/40721: open (2) in /Users/bob: No such file or directory
rsync(2143): error: /Users/bob/LHM/Outputs/.tmp.driveupload/40723: open (2) in /Users/bob: No such file or directory
rsync(2143): error: /Users/bob/LHM/Outputs/.tmp.driveupload/40725: open (2) in /Users/bob: No such file or directory
rsync(2143): error: /Users/bob/LHM/Outputs/.tmp.driveupload/40727: open (2) in /Users/bob: No such file or directory
rsync(2143): error: /Users/bob/LHM/Outputs/.tmp.driveupload/40729: open (2) in /Users/bob: No such file or directory
rsync(2143): error: /Users/bob/LHM/Outputs/.tmp.driveupload/40731: open (2) in /Users/bob: No such file or directory
rsync(2143): error: /Users/bob/LHM/Outputs/.tmp.driveupload/40733: open (2) in /Users/bob: No such file or directory
rsync(2143): error: /Users/bob/LHM/Outputs/.tmp.driveupload/40735: open (2) in /Users/bob: No such file or directory
rsync(2143): error: /Users/bob/LHM/Outputs/.tmp.driveupload/40737: open (2) in /Users/bob: No such file or directory
rsync(2143): error: /Users/bob/LHM/Outputs/.tmp.driveupload/40739: open (2) in /Users/bob: No such file or directory
rsync(2143): error: /Users/bob/LHM/Outputs/.tmp.driveupload/40741: open (2) in /Users/bob: No such file or directory
rsync(2143): error: /Users/bob/LHM/Outputs/.tmp.driveupload/40743: open (2) in /Users/bob: No such file or directory
rsync(2143): error: /Users/bob/LHM/Outputs/.tmp.driveupload/40745: open (2) in /Users/bob: No such file or directory
rsync(2143): error: /Users/bob/LHM/Outputs/.tmp.driveupload/40747: open (2) in /Users/bob: No such file or directory
rsync(2143): error: /Users/bob/LHM/Outputs/.tmp.driveupload/40749: open (2) in /Users/bob: No such file or directory
rsync(2143): error: /Users/bob/LHM/Outputs/.tmp.driveupload/40751: open (2) in /Users/bob: No such file or directory
rsync(2143): error: /Users/bob/LHM/Outputs/.tmp.driveupload/40753: open (2) in /Users/bob: No such file or directory
rsync(2143): error: /Users/bob/LHM/Outputs/.tmp.driveupload/40757: open (2) in /Users/bob: No such file or directory
rsync(2143): error: /Users/bob/LHM/Outputs/.tmp.driveupload/40759: open (2) in /Users/bob: No such file or directory
rsync(2143): error: /Users/bob/LHM/Outputs/.tmp.driveupload/40761: open (2) in /Users/bob: No such file or directory
rsync(2143): error: /Users/bob/LHM/Outputs/.tmp.driveupload/40763: open (2) in /Users/bob: No such file or directory
rsync(2143): error: /Users/bob/LHM/Outputs/.tmp.driveupload/40765: open (2) in /Users/bob: No such file or directory
rsync(2143): error: /Users/bob/LHM/Outputs/.tmp.driveupload/40767: open (2) in /Users/bob: No such file or directory
rsync(2143): error: /Users/bob/LHM/Outputs/.tmp.driveupload/40769: open (2) in /Users/bob: No such file or directory
rsync(2143): error: /Users/bob/LHM/Outputs/.tmp.driveupload/40771: open (2) in /Users/bob: No such file or directory
rsync(2143): error: /Users/bob/LHM/Outputs/.tmp.driveupload/40773: open (2) in /Users/bob: No such file or directory
rsync(2143): error: /Users/bob/LHM/Outputs/.tmp.driveupload/40775: open (2) in /Users/bob: No such file or directory
rsync(2143): error: /Users/bob/LHM/Outputs/.tmp.driveupload/40777: open (2) in /Users/bob: No such file or directory
rsync(2143): error: /Users/bob/LHM/Outputs/.tmp.driveupload/40779: open (2) in /Users/bob: No such file or directory
rsync(2143): error: /Users/bob/LHM/Outputs/.tmp.driveupload/40781: open (2) in /Users/bob: No such file or directory
rsync(2143): error: /Users/bob/LHM/Outputs/.tmp.driveupload/40783: open (2) in /Users/bob: No such file or directory
rsync(2143): error: /Users/bob/LHM/Outputs/.tmp.driveupload/40785: open (2) in /Users/bob: No such file or directory
rsync(2143): error: /Users/bob/LHM/Outputs/.tmp.driveupload/40787: open (2) in /Users/bob: No such file or directory
rsync(2143): error: /Users/bob/LHM/Outputs/.tmp.driveupload/40789: open (2) in /Users/bob: No such file or directory
rsync(2143): error: /Users/bob/LHM/Outputs/.tmp.driveupload/40791: open (2) in /Users/bob: No such file or directory
rsync(2143): error: /Users/bob/LHM/Outputs/.tmp.driveupload/40793: open (2) in /Users/bob: No such file or directory
rsync(2143): error: /Users/bob/LHM/Outputs/.tmp.driveupload/40795: open (2) in /Users/bob: No such file or directory
rsync(2143): error: /Users/bob/LHM/Outputs/.tmp.driveupload/40797: open (2) in /Users/bob: No such file or directory
rsync(2143): error: /Users/bob/LHM/Outputs/.tmp.driveupload/40799: open (2) in /Users/bob: No such file or directory
rsync(2143): error: /Users/bob/LHM/Outputs/.tmp.driveupload/40801: open (2) in /Users/bob: No such file or directory
rsync(2143): error: /Users/bob/LHM/Outputs/.tmp.driveupload/40803: open (2) in /Users/bob: No such file or directory
rsync(2143): error: /Users/bob/LHM/Outputs/.tmp.driveupload/40805: open (2) in /Users/bob: No such file or directory
rsync(2143): error: /Users/bob/LHM/Outputs/.tmp.driveupload/40807: open (2) in /Users/bob: No such file or directory
rsync(2143): error: /Users/bob/LHM/Outputs/.tmp.driveupload/40809: open (2) in /Users/bob: No such file or directory
rsync(2143): error: /Users/bob/LHM/Outputs/.tmp.driveupload/40811: open (2) in /Users/bob: No such file or directory
rsync(2143): error: /Users/bob/LHM/Outputs/.tmp.driveupload/40813: open (2) in /Users/bob: No such file or directory
rsync(2143): error: /Users/bob/LHM/Outputs/.tmp.driveupload/40815: open (2) in /Users/bob: No such file or directory
rsync(2143): error: /Users/bob/LHM/Outputs/.tmp.driveupload/40817: open (2) in /Users/bob: No such file or directory
rsync(2143): error: /Users/bob/LHM/Outputs/.tmp.driveupload/40819: open (2) in /Users/bob: No such file or directory
rsync(2143): error: /Users/bob/LHM/Outputs/.tmp.driveupload/40821: open (2) in /Users/bob: No such file or directory
rsync(2143): error: /Users/bob/LHM/Outputs/.tmp.driveupload/40823: open (2) in /Users/bob: No such file or directory
rsync(2143): error: /Users/bob/LHM/Outputs/.tmp.driveupload/40825: open (2) in /Users/bob: No such file or directory
rsync(2143): error: /Users/bob/LHM/Outputs/.tmp.driveupload/40827: open (2) in /Users/bob: No such file or directory
rsync(2143): error: /Users/bob/LHM/Outputs/.tmp.driveupload/40829: open (2) in /Users/bob: No such file or directory
rsync(2143): error: /Users/bob/LHM/Outputs/.tmp.driveupload/40831: open (2) in /Users/bob: No such file or directory
rsync(2143): error: /Users/bob/LHM/Outputs/.tmp.driveupload/40833: open (2) in /Users/bob: No such file or directory
rsync(2143): error: /Users/bob/LHM/Outputs/.tmp.driveupload/40835: open (2) in /Users/bob: No such file or directory
rsync(2143): error: /Users/bob/LHM/Outputs/.tmp.driveupload/40837: open (2) in /Users/bob: No such file or directory
rsync(2143): error: /Users/bob/LHM/Outputs/.tmp.driveupload/40839: open (2) in /Users/bob: No such file or directory
rsync(2143): error: /Users/bob/LHM/Outputs/.tmp.driveupload/40841: open (2) in /Users/bob: No such file or directory
rsync(2143): error: /Users/bob/LHM/Outputs/.tmp.driveupload/40843: open (2) in /Users/bob: No such file or directory
rsync(2143): error: /Users/bob/LHM/Outputs/.tmp.driveupload/40845: open (2) in /Users/bob: No such file or directory
rsync(2143): error: /Users/bob/LHM/Outputs/.tmp.driveupload/40847: open (2) in /Users/bob: No such file or directory
rsync(2143): error: /Users/bob/LHM/Outputs/.tmp.driveupload/40849: open (2) in /Users/bob: No such file or directory
rsync(2143): error: /Users/bob/LHM/Outputs/.tmp.driveupload/40851: open (2) in /Users/bob: No such file or directory
rsync(2143): error: /Users/bob/LHM/Outputs/.tmp.driveupload/40853: open (2) in /Users/bob: No such file or directory
rsync(2143): error: /Users/bob/LHM/Outputs/.tmp.driveupload/40855: open (2) in /Users/bob: No such file or directory
rsync(2143): error: /Users/bob/LHM/Outputs/.tmp.driveupload/40857: open (2) in /Users/bob: No such file or directory
rsync(2143): error: /Users/bob/LHM/Outputs/.tmp.driveupload/40859: open (2) in /Users/bob: No such file or directory
rsync(2143): error: /Users/bob/LHM/Outputs/.tmp.driveupload/40861: open (2) in /Users/bob: No such file or directory
rsync(2143): error: /Users/bob/LHM/Outputs/.tmp.driveupload/40863: open (2) in /Users/bob: No such file or directory
rsync(2143): error: /Users/bob/LHM/Outputs/.tmp.driveupload/40865: open (2) in /Users/bob: No such file or directory
rsync(2143): error: /Users/bob/LHM/Outputs/.tmp.driveupload/40867: open (2) in /Users/bob: No such file or directory
rsync(2143): error: /Users/bob/LHM/Outputs/.tmp.driveupload/40869: open (2) in /Users/bob: No such file or directory
rsync(2143): error: /Users/bob/LHM/Outputs/.tmp.driveupload/40871: open (2) in /Users/bob: No such file or directory
rsync(2143): error: /Users/bob/LHM/Outputs/.tmp.driveupload/40873: open (2) in /Users/bob: No such file or directory
rsync(2143): error: /Users/bob/LHM/Outputs/.tmp.driveupload/40875: open (2) in /Users/bob: No such file or directory
rsync(2143): error: /Users/bob/LHM/Outputs/.tmp.driveupload/40877: open (2) in /Users/bob: No such file or directory
rsync(2143): error: /Users/bob/LHM/Outputs/.tmp.driveupload/40879: open (2) in /Users/bob: No such file or directory
rsync(2143): error: /Users/bob/LHM/Outputs/.tmp.driveupload/40881: open (2) in /Users/bob: No such file or directory
rsync(2143): error: /Users/bob/LHM/Outputs/.tmp.driveupload/40883: open (2) in /Users/bob: No such file or directory
rsync(2143): error: /Users/bob/LHM/Outputs/.tmp.driveupload/40885: open (2) in /Users/bob: No such file or directory
rsync(2143): error: /Users/bob/LHM/Outputs/.tmp.driveupload/40887: open (2) in /Users/bob: No such file or directory
rsync(2143): error: /Users/bob/LHM/Outputs/.tmp.driveupload/40889: open (2) in /Users/bob: No such file or directory
rsync(2143): error: /Users/bob/LHM/Outputs/.tmp.driveupload/40891: open (2) in /Users/bob: No such file or directory
rsync(2143): error: /Users/bob/LHM/Outputs/.tmp.driveupload/40893: open (2) in /Users/bob: No such file or directory
rsync(2143): error: /Users/bob/LHM/Outputs/.tmp.driveupload/40895: open (2) in /Users/bob: No such file or directory
rsync(2143): error: /Users/bob/LHM/Outputs/.tmp.driveupload/40897: open (2) in /Users/bob: No such file or directory
rsync(2143): error: /Users/bob/LHM/Outputs/.tmp.driveupload/40899: open (2) in /Users/bob: No such file or directory
rsync(2143): error: /Users/bob/LHM/Outputs/.tmp.driveupload/40901: open (2) in /Users/bob: No such file or directory
rsync(2143): error: /Users/bob/LHM/Outputs/.tmp.driveupload/40903: open (2) in /Users/bob: No such file or directory
rsync(2143): error: /Users/bob/LHM/Outputs/.tmp.driveupload/40905: open (2) in /Users/bob: No such file or directory
rsync(2143): error: /Users/bob/LHM/Outputs/.tmp.driveupload/40907: open (2) in /Users/bob: No such file or directory
rsync(2143): error: /Users/bob/LHM/Outputs/.tmp.driveupload/40909: open (2) in /Users/bob: No such file or directory
rsync(2143): error: /Users/bob/LHM/Outputs/.tmp.driveupload/40913: open (2) in /Users/bob: No such file or directory
rsync(2143): error: /Users/bob/LHM/Outputs/.tmp.driveupload/40915: open (2) in /Users/bob: No such file or directory
rsync(2143): error: /Users/bob/LHM/Outputs/.tmp.driveupload/40917: open (2) in /Users/bob: No such file or directory
rsync(2143): error: /Users/bob/LHM/Outputs/.tmp.driveupload/40923: open (2) in /Users/bob: No such file or directory
rsync(2143): error: /Users/bob/LHM/Outputs/.tmp.driveupload/40925: open (2) in /Users/bob: No such file or directory
rsync(2143): error: /Users/bob/LHM/Outputs/.tmp.driveupload/40927: open (2) in /Users/bob: No such file or directory
rsync(2143): error: /Users/bob/LHM/Outputs/.tmp.driveupload/40929: open (2) in /Users/bob: No such file or directory
rsync(2143): error: /Users/bob/LHM/Outputs/.tmp.driveupload/40933: open (2) in /Users/bob: No such file or directory
rsync(2143): error: /Users/bob/LHM/Outputs/.tmp.driveupload/40935: open (2) in /Users/bob: No such file or directory
rsync(2143): error: /Users/bob/LHM/Outputs/.tmp.driveupload/40937: open (2) in /Users/bob: No such file or directory
rsync(2143): error: /Users/bob/LHM/Outputs/.tmp.driveupload/40939: open (2) in /Users/bob: No such file or directory
=== 2026-04-29 12:31:47 mirror end (exit 0) ===
=== 2026-04-29 13:00:01 mirror start ===
=== 2026-04-29 13:00:09 mirror end (exit 0) ===
=== 2026-04-29 13:30:00 mirror start ===
=== 2026-04-29 13:30:04 mirror end (exit 0) ===
=== 2026-04-29 14:00:00 mirror start ===
=== 2026-04-29 14:00:03 mirror end (exit 0) ===
=== 2026-04-29 14:30:00 mirror start ===
=== 2026-04-29 14:30:02 mirror end (exit 0) ===
=== 2026-04-29 15:00:01 mirror start ===
=== 2026-04-29 15:00:07 mirror end (exit 0) ===
=== 2026-04-29 15:30:02 mirror start ===
=== 2026-04-29 15:30:22 mirror end (exit 0) ===
=== 2026-04-29 16:00:00 mirror start ===
=== 2026-04-29 16:00:05 mirror end (exit 0) ===
=== 2026-04-29 16:30:03 mirror start ===
=== 2026-04-29 16:30:27 mirror end (exit 0) ===
=== 2026-04-29 17:00:00 mirror start ===
=== 2026-04-29 17:00:11 mirror end (exit 0) ===
=== 2026-04-29 17:30:02 mirror start ===
=== 2026-04-29 17:30:28 mirror end (exit 0) ===
=== 2026-04-29 18:00:02 mirror start ===
=== 2026-04-29 18:00:08 mirror end (exit 0) ===
=== 2026-04-29 18:30:06 mirror start ===
=== 2026-04-29 18:30:53 mirror end (exit 0) ===
=== 2026-04-29 19:00:01 mirror start ===
rsync(32170): error: /Users/bob/LHM/Scripts/.tmp.driveupload/41911: open (2) in /Users/bob: No such file or directory
=== 2026-04-29 19:00:30 mirror end (exit 0) ===
=== 2026-04-29 19:30:00 mirror start ===
=== 2026-04-29 19:30:19 mirror end (exit 0) ===
=== 2026-04-29 20:04:13 mirror start ===
=== 2026-04-29 20:04:49 mirror end (exit 0) ===
=== 2026-04-29 20:30:00 mirror start ===
=== 2026-04-29 20:30:02 mirror end (exit 0) ===
=== 2026-04-29 21:00:00 mirror start ===
=== 2026-04-29 21:00:07 mirror end (exit 0) ===
=== 2026-04-29 21:30:00 mirror start ===
=== 2026-04-29 21:30:03 mirror end (exit 0) ===
=== 2026-04-29 22:00:01 mirror start ===
=== 2026-04-29 22:00:04 mirror end (exit 0) ===
=== 2026-04-29 22:30:00 mirror start ===
=== 2026-04-29 22:30:04 mirror end (exit 0) ===
=== 2026-04-30 07:00:01 mirror start ===
=== 2026-04-30 07:00:08 mirror end (exit 0) ===
=== 2026-04-30 07:30:00 mirror start ===
=== 2026-04-30 07:30:04 mirror end (exit 0) ===
=== 2026-04-30 08:00:00 mirror start ===
=== 2026-04-30 08:00:05 mirror end (exit 0) ===
=== 2026-04-30 08:30:02 mirror start ===
=== 2026-04-30 08:30:37 mirror end (exit 0) ===
=== 2026-04-30 09:00:00 mirror start ===
=== 2026-04-30 09:00:04 mirror end (exit 0) ===
=== 2026-04-30 09:30:01 mirror start ===
=== 2026-04-30 09:30:31 mirror end (exit 0) ===
=== 2026-04-30 10:00:01 mirror start ===
=== 2026-04-30 10:00:05 mirror end (exit 0) ===
=== 2026-04-30 10:30:00 mirror start ===
=== 2026-04-30 10:30:06 mirror end (exit 0) ===
=== 2026-04-30 11:00:01 mirror start ===
=== 2026-04-30 11:00:04 mirror end (exit 0) ===
=== 2026-04-30 11:30:00 mirror start ===
=== 2026-04-30 11:30:06 mirror end (exit 0) ===
=== 2026-04-30 12:00:01 mirror start ===
=== 2026-04-30 12:00:06 mirror end (exit 0) ===
=== 2026-04-30 12:30:00 mirror start ===
=== 2026-04-30 12:30:06 mirror end (exit 0) ===
=== 2026-04-30 13:00:00 mirror start ===
=== 2026-04-30 13:00:04 mirror end (exit 0) ===
=== 2026-04-30 13:30:00 mirror start ===
=== 2026-04-30 13:30:05 mirror end (exit 0) ===
=== 2026-04-30 14:00:03 mirror start ===
=== 2026-04-30 14:00:29 mirror end (exit 0) ===
=== 2026-04-30 14:30:00 mirror start ===
=== 2026-04-30 14:30:03 mirror end (exit 0) ===
=== 2026-04-30 15:00:03 mirror start ===
=== 2026-04-30 15:00:40 mirror end (exit 0) ===
=== 2026-04-30 15:30:00 mirror start ===
=== 2026-04-30 15:30:03 mirror end (exit 0) ===
=== 2026-04-30 16:00:00 mirror start ===
=== 2026-04-30 16:00:04 mirror end (exit 0) ===
=== 2026-04-30 16:30:00 mirror start ===
=== 2026-04-30 16:30:03 mirror end (exit 0) ===
=== 2026-04-30 17:00:02 mirror start ===
=== 2026-04-30 17:00:28 mirror end (exit 0) ===
=== 2026-04-30 17:30:00 mirror start ===
=== 2026-04-30 17:30:03 mirror end (exit 0) ===
=== 2026-04-30 18:00:00 mirror start ===
=== 2026-04-30 18:00:03 mirror end (exit 0) ===
=== 2026-04-30 18:30:00 mirror start ===
=== 2026-04-30 18:30:04 mirror end (exit 0) ===
=== 2026-04-30 19:00:02 mirror start ===
=== 2026-04-30 19:00:47 mirror end (exit 0) ===
=== 2026-04-30 19:30:00 mirror start ===
=== 2026-04-30 19:30:07 mirror end (exit 0) ===
=== 2026-04-30 20:00:01 mirror start ===
=== 2026-04-30 20:00:05 mirror end (exit 0) ===
=== 2026-04-30 20:30:00 mirror start ===
=== 2026-04-30 20:30:05 mirror end (exit 0) ===
=== 2026-04-30 21:00:00 mirror start ===
=== 2026-04-30 21:00:04 mirror end (exit 0) ===
=== 2026-04-30 21:30:00 mirror start ===
=== 2026-04-30 21:30:04 mirror end (exit 0) ===
=== 2026-04-30 22:00:01 mirror start ===
=== 2026-04-30 22:00:27 mirror end (exit 0) ===
=== 2026-04-30 22:30:00 mirror start ===
=== 2026-04-30 22:30:04 mirror end (exit 0) ===
=== 2026-05-01 07:00:01 mirror start ===
=== 2026-05-01 07:00:04 mirror end (exit 0) ===
=== 2026-05-01 07:30:00 mirror start ===
=== 2026-05-01 07:30:02 mirror end (exit 0) ===
=== 2026-05-01 14:00:01 mirror start ===
=== 2026-05-01 14:00:04 mirror end (exit 0) ===
=== 2026-05-01 14:30:00 mirror start ===
=== 2026-05-01 14:30:03 mirror end (exit 0) ===
=== 2026-05-01 15:00:00 mirror start ===
=== 2026-05-01 15:00:03 mirror end (exit 0) ===
=== 2026-05-01 15:30:00 mirror start ===
=== 2026-05-01 15:30:06 mirror end (exit 0) ===
=== 2026-05-01 16:00:01 mirror start ===
=== 2026-05-01 16:00:04 mirror end (exit 0) ===
=== 2026-05-01 16:30:01 mirror start ===
=== 2026-05-01 16:30:13 mirror end (exit 0) ===
=== 2026-05-01 17:00:01 mirror start ===
=== 2026-05-01 17:00:40 mirror end (exit 0) ===
=== 2026-05-01 17:30:00 mirror start ===
=== 2026-05-01 17:30:03 mirror end (exit 0) ===
=== 2026-05-02 07:00:00 mirror start ===
=== 2026-05-02 07:00:04 mirror end (exit 0) ===
=== 2026-05-02 07:30:01 mirror start ===
=== 2026-05-02 07:30:04 mirror end (exit 0) ===
=== 2026-05-02 08:00:01 mirror start ===
=== 2026-05-02 08:00:19 mirror end (exit 0) ===
=== 2026-05-02 08:30:00 mirror start ===
=== 2026-05-02 08:30:04 mirror end (exit 0) ===
=== 2026-05-02 09:00:00 mirror start ===
=== 2026-05-02 09:00:03 mirror end (exit 0) ===
=== 2026-05-02 09:30:00 mirror start ===
=== 2026-05-02 09:30:03 mirror end (exit 0) ===
=== 2026-05-02 10:00:00 mirror start ===
=== 2026-05-02 10:00:04 mirror end (exit 0) ===
=== 2026-05-02 10:30:01 mirror start ===
=== 2026-05-02 10:30:09 mirror end (exit 0) ===
=== 2026-05-02 11:00:01 mirror start ===
=== 2026-05-02 11:00:33 mirror end (exit 0) ===
=== 2026-05-02 11:30:01 mirror start ===
=== 2026-05-02 11:30:39 mirror end (exit 0) ===
=== 2026-05-02 12:00:00 mirror start ===
=== 2026-05-02 12:00:04 mirror end (exit 0) ===
