2026-04-24 08:35:06 [WARNING] Attempt 1 failed: 500 Server Error: Internal Server Error for url: https://api.stlouisfed.org/fred/series?series_id=RSXFS&api_key=11893c506c07b3b8647bf16cf60586e8&file_type=json. Retrying in 2s...
2026-04-24 08:35:16 [WARNING] Attempt 1 failed: 500 Server Error: Internal Server Error for url: https://api.stlouisfed.org/fred/series?series_id=MEDCPIM158SFRBCLE&api_key=11893c506c07b3b8647bf16cf60586e8&file_type=json. Retrying in 2s...
2026-04-24 08:35:36 [INFO] All release-sensitive series are up-to-date. Nothing to fetch.
2026-04-24 12:35:51 [WARNING] Attempt 1 failed: 500 Server Error: Internal Server Error for url: https://api.stlouisfed.org/fred/series?series_id=TOTALSL&api_key=11893c506c07b3b8647bf16cf60586e8&file_type=json. Retrying in 2s...
2026-04-24 12:35:53 [WARNING] Attempt 2 failed: 500 Server Error: Internal Server Error for url: https://api.stlouisfed.org/fred/series?series_id=TOTALSL&api_key=11893c506c07b3b8647bf16cf60586e8&file_type=json. Retrying in 4s...
2026-04-24 12:36:00 [INFO] Stale series (2):
  UMCSENT: db=2026-02-01 -> fred=2026-03-01
  MICH: db=2026-02-01 -> fred=2026-03-01
2026-04-24 12:36:01 [INFO]   UMCSENT: refreshed (+671 obs)
2026-04-24 12:36:02 [INFO]   MICH: refreshed (+579 obs)
2026-04-24 12:36:02 [INFO] Freshness check done: 2 series refreshed, 1,250 obs added.
2026-04-24 16:35:36 [INFO] All release-sensitive series are up-to-date. Nothing to fetch.
2026-04-27 08:35:08 [WARNING] Attempt 1 failed: 500 Server Error: Internal Server Error for url: https://api.stlouisfed.org/fred/series?series_id=RSCCAS&api_key=11893c506c07b3b8647bf16cf60586e8&file_type=json. Retrying in 2s...
2026-04-27 08:35:21 [WARNING] Attempt 1 failed: 500 Server Error: Internal Server Error for url: https://api.stlouisfed.org/fred/series?series_id=DSPIC96&api_key=11893c506c07b3b8647bf16cf60586e8&file_type=json. Retrying in 2s...
2026-04-27 08:35:23 [WARNING] Attempt 1 failed: 500 Server Error: Internal Server Error for url: https://api.stlouisfed.org/fred/series?series_id=PAYEMS&api_key=11893c506c07b3b8647bf16cf60586e8&file_type=json. Retrying in 2s...
2026-04-27 08:35:29 [WARNING] Attempt 1 failed: 500 Server Error: Internal Server Error for url: https://api.stlouisfed.org/fred/series?series_id=JTSQUR&api_key=11893c506c07b3b8647bf16cf60586e8&file_type=json. Retrying in 2s...
2026-04-27 08:35:50 [INFO] All release-sensitive series are up-to-date. Nothing to fetch.
2026-04-27 12:35:24 [WARNING] Attempt 1 failed: 500 Server Error: Internal Server Error for url: https://api.stlouisfed.org/fred/series?series_id=PPIDSS&api_key=11893c506c07b3b8647bf16cf60586e8&file_type=json. Retrying in 2s...
2026-04-27 12:35:27 [WARNING] Attempt 1 failed: 500 Server Error: Internal Server Error for url: https://api.stlouisfed.org/fred/series?series_id=PCEPI&api_key=11893c506c07b3b8647bf16cf60586e8&file_type=json. Retrying in 2s...
2026-04-27 12:35:29 [WARNING] Attempt 2 failed: 500 Server Error: Internal Server Error for url: https://api.stlouisfed.org/fred/series?series_id=PCEPI&api_key=11893c506c07b3b8647bf16cf60586e8&file_type=json. Retrying in 4s...
2026-04-27 12:35:43 [WARNING] Attempt 1 failed: 500 Server Error: Internal Server Error for url: https://api.stlouisfed.org/fred/series?series_id=CCSA&api_key=11893c506c07b3b8647bf16cf60586e8&file_type=json. Retrying in 2s...
2026-04-27 12:35:46 [WARNING] Attempt 1 failed: 500 Server Error: Internal Server Error for url: https://api.stlouisfed.org/fred/series?series_id=HOUST&api_key=11893c506c07b3b8647bf16cf60586e8&file_type=json. Retrying in 2s...
2026-04-27 12:35:50 [WARNING] Attempt 1 failed: 500 Server Error: Internal Server Error for url: https://api.stlouisfed.org/fred/series?series_id=MSPNHSUS&api_key=11893c506c07b3b8647bf16cf60586e8&file_type=json. Retrying in 2s...
2026-04-27 12:35:53 [WARNING] Attempt 2 failed: 500 Server Error: Internal Server Error for url: https://api.stlouisfed.org/fred/series?series_id=MSPNHSUS&api_key=11893c506c07b3b8647bf16cf60586e8&file_type=json. Retrying in 4s...
2026-04-27 12:36:01 [WARNING] Attempt 1 failed: 500 Server Error: Internal Server Error for url: https://api.stlouisfed.org/fred/series?series_id=DGORDER&api_key=11893c506c07b3b8647bf16cf60586e8&file_type=json. Retrying in 2s...
2026-04-27 12:36:03 [WARNING] Attempt 1 failed: 500 Server Error: Internal Server Error for url: https://api.stlouisfed.org/fred/series?series_id=ADXTNO&api_key=11893c506c07b3b8647bf16cf60586e8&file_type=json. Retrying in 2s...
2026-04-27 12:36:09 [INFO] All release-sensitive series are up-to-date. Nothing to fetch.
2026-04-27 16:35:11 [WARNING] Attempt 1 failed: 500 Server Error: Internal Server Error for url: https://api.stlouisfed.org/fred/series?series_id=RSDBS&api_key=11893c506c07b3b8647bf16cf60586e8&file_type=json. Retrying in 2s...
2026-04-27 16:35:14 [WARNING] Attempt 1 failed: 500 Server Error: Internal Server Error for url: https://api.stlouisfed.org/fred/series?series_id=RSMSR&api_key=11893c506c07b3b8647bf16cf60586e8&file_type=json. Retrying in 2s...
2026-04-27 16:35:50 [WARNING] Attempt 1 failed: 500 Server Error: Internal Server Error for url: https://api.stlouisfed.org/fred/series?series_id=INDPRO&api_key=11893c506c07b3b8647bf16cf60586e8&file_type=json. Retrying in 2s...
2026-04-27 16:35:53 [WARNING] Attempt 1 failed: 500 Server Error: Internal Server Error for url: https://api.stlouisfed.org/fred/series?series_id=HOUST&api_key=11893c506c07b3b8647bf16cf60586e8&file_type=json. Retrying in 2s...
2026-04-27 16:36:03 [WARNING] Attempt 1 failed: 500 Server Error: Internal Server Error for url: https://api.stlouisfed.org/fred/series?series_id=MICH&api_key=11893c506c07b3b8647bf16cf60586e8&file_type=json. Retrying in 2s...
2026-04-27 16:36:06 [INFO] All release-sensitive series are up-to-date. Nothing to fetch.
2026-04-28 08:35:53 [INFO] All release-sensitive series are up-to-date. Nothing to fetch.
2026-04-28 12:39:20 [WARNING] Attempt 1 failed: 500 Server Error: Internal Server Error for url: https://api.stlouisfed.org/fred/series?series_id=MEDCPIM158SFRBCLE&api_key=11893c506c07b3b8647bf16cf60586e8&file_type=json. Retrying in 2s...
2026-04-28 12:39:23 [WARNING] Attempt 1 failed: 500 Server Error: Internal Server Error for url: https://api.stlouisfed.org/fred/series?series_id=PPIFGS&api_key=11893c506c07b3b8647bf16cf60586e8&file_type=json. Retrying in 2s...
2026-04-28 12:39:37 [WARNING] Attempt 1 failed: 500 Server Error: Internal Server Error for url: https://api.stlouisfed.org/fred/series?series_id=JTSQUR&api_key=11893c506c07b3b8647bf16cf60586e8&file_type=json. Retrying in 2s...
2026-04-28 12:39:40 [WARNING] Attempt 1 failed: 500 Server Error: Internal Server Error for url: https://api.stlouisfed.org/fred/series?series_id=JTSTSR&api_key=11893c506c07b3b8647bf16cf60586e8&file_type=json. Retrying in 2s...
2026-04-28 12:39:43 [WARNING] Attempt 1 failed: 500 Server Error: Internal Server Error for url: https://api.stlouisfed.org/fred/series?series_id=JTS1000JOR&api_key=11893c506c07b3b8647bf16cf60586e8&file_type=json. Retrying in 2s...
2026-04-28 12:39:47 [WARNING] Attempt 1 failed: 500 Server Error: Internal Server Error for url: https://api.stlouisfed.org/fred/series?series_id=ICSA&api_key=11893c506c07b3b8647bf16cf60586e8&file_type=json. Retrying in 2s...
2026-04-28 12:39:49 [WARNING] Attempt 2 failed: 500 Server Error: Internal Server Error for url: https://api.stlouisfed.org/fred/series?series_id=ICSA&api_key=11893c506c07b3b8647bf16cf60586e8&file_type=json. Retrying in 4s...
2026-04-28 12:39:54 [WARNING] Attempt 1 failed: 500 Server Error: Internal Server Error for url: https://api.stlouisfed.org/fred/series?series_id=CCSA&api_key=11893c506c07b3b8647bf16cf60586e8&file_type=json. Retrying in 2s...
2026-04-28 12:39:57 [WARNING] Attempt 1 failed: 500 Server Error: Internal Server Error for url: https://api.stlouisfed.org/fred/series?series_id=PERMIT&api_key=11893c506c07b3b8647bf16cf60586e8&file_type=json. Retrying in 2s...
2026-04-28 12:40:10 [WARNING] Attempt 1 failed: 500 Server Error: Internal Server Error for url: https://api.stlouisfed.org/fred/series?series_id=TOTALSL&api_key=11893c506c07b3b8647bf16cf60586e8&file_type=json. Retrying in 2s...
2026-04-28 12:40:23 [INFO] All release-sensitive series are up-to-date. Nothing to fetch.
