Traceback (most recent call last):
  File "/Users/bob/LHM/Scripts/data_pipeline/morning_brief.py", line 1145, in <module>
    main()
    ~~~~^^
  File "/Users/bob/LHM/Scripts/data_pipeline/morning_brief.py", line 1119, in main
    brief = build_brief(
        conn,
        include_charts=not args.no_charts,
        include_news=not args.no_news,
    )
  File "/Users/bob/LHM/Scripts/data_pipeline/morning_brief.py", line 440, in build_brief
    prior = get_prior_indices(conn, current)
  File "/Users/bob/LHM/Scripts/data_pipeline/morning_brief.py", line 131, in get_prior_indices
    cursor = conn.execute(query, (index_id, info["date"]))
sqlite3.OperationalError: database is locked
Traceback (most recent call last):
  File "/Users/bob/LHM/Scripts/data_pipeline/morning_brief.py", line 1145, in <module>
    main()
    ~~~~^^
  File "/Users/bob/LHM/Scripts/data_pipeline/morning_brief.py", line 1119, in main
    brief = build_brief(
        conn,
        include_charts=not args.no_charts,
        include_news=not args.no_news,
    )
  File "/Users/bob/LHM/Scripts/data_pipeline/morning_brief.py", line 440, in build_brief
    prior = get_prior_indices(conn, current)
  File "/Users/bob/LHM/Scripts/data_pipeline/morning_brief.py", line 131, in get_prior_indices
    cursor = conn.execute(query, (index_id, info["date"]))
sqlite3.OperationalError: database is locked
Traceback (most recent call last):
  File "/Users/bob/LHM/Scripts/data_pipeline/morning_brief.py", line 1238, in <module>
    main()
    ~~~~^^
  File "/Users/bob/LHM/Scripts/data_pipeline/morning_brief.py", line 1212, in main
    brief = build_brief(
        conn,
        include_charts=not args.no_charts,
        include_news=not args.no_news,
    )
  File "/Users/bob/LHM/Scripts/data_pipeline/morning_brief.py", line 540, in build_brief
    prior = get_prior_indices(conn, current)
  File "/Users/bob/LHM/Scripts/data_pipeline/morning_brief.py", line 131, in get_prior_indices
    cursor = conn.execute(query, (index_id, info["date"]))
sqlite3.OperationalError: database is locked
Traceback (most recent call last):
  File "/Users/bob/LHM/Scripts/data_pipeline/morning_brief.py", line 725, in <module>
    main()
    ~~~~^^
  File "/Users/bob/LHM/Scripts/data_pipeline/morning_brief.py", line 706, in main
    brief = build_brief(conn, include_charts=not args.no_charts)
  File "/Users/bob/LHM/Scripts/data_pipeline/morning_brief.py", line 170, in build_brief
    prior = get_prior_indices(conn, current)
  File "/Users/bob/LHM/Scripts/data_pipeline/morning_brief.py", line 88, in get_prior_indices
    cursor = conn.execute(query, (index_id, info["date"]))
sqlite3.OperationalError: database is locked
Traceback (most recent call last):
  File "/Users/bob/LHM/Scripts/data_pipeline/morning_brief.py", line 725, in <module>
    main()
    ~~~~^^
  File "/Users/bob/LHM/Scripts/data_pipeline/morning_brief.py", line 717, in main
    summary = build_notification_summary(conn)
  File "/Users/bob/LHM/Scripts/data_pipeline/morning_brief.py", line 639, in build_notification_summary
    prior = get_prior_indices(conn, current)
  File "/Users/bob/LHM/Scripts/data_pipeline/morning_brief.py", line 88, in get_prior_indices
    cursor = conn.execute(query, (index_id, info["date"]))
sqlite3.OperationalError: database is locked
Traceback (most recent call last):
  File "/Users/bob/LHM/Scripts/data_pipeline/morning_brief.py", line 725, in <module>
    main()
    ~~~~^^
  File "/Users/bob/LHM/Scripts/data_pipeline/morning_brief.py", line 711, in main
    OUTPUT_PATH.write_text(brief)
    ~~~~~~~~~~~~~~~~~~~~~~^^^^^^^
  File "/opt/homebrew/Cellar/python@3.14/3.14.2/Frameworks/Python.framework/Versions/3.14/lib/python3.14/pathlib/__init__.py", line 809, in write_text
    with self.open(mode='w', encoding=encoding, errors=errors, newline=newline) as f:
         ~~~~~~~~~^^^^^^^^^^^^^^^^^^^^^^^^^^^^^^^^^^^^^^^^^^^^^^^^^^^^^^^^^^^^^
  File "/opt/homebrew/Cellar/python@3.14/3.14.2/Frameworks/Python.framework/Versions/3.14/lib/python3.14/pathlib/__init__.py", line 771, in open
    return io.open(self, mode, buffering, encoding, errors, newline)
           ~~~~~~~^^^^^^^^^^^^^^^^^^^^^^^^^^^^^^^^^^^^^^^^^^^^^^^^^^
OSError: [Errno 11] Resource deadlock avoided: '/Users/bob/Desktop/LHM_Morning_Brief.html'
Traceback (most recent call last):
  File "/Users/bob/LHM/Scripts/data_pipeline/morning_brief.py", line 725, in <module>
    main()
    ~~~~^^
  File "/Users/bob/LHM/Scripts/data_pipeline/morning_brief.py", line 711, in main
    OUTPUT_PATH.write_text(brief)
    ~~~~~~~~~~~~~~~~~~~~~~^^^^^^^
  File "/opt/homebrew/Cellar/python@3.14/3.14.2/Frameworks/Python.framework/Versions/3.14/lib/python3.14/pathlib/__init__.py", line 809, in write_text
    with self.open(mode='w', encoding=encoding, errors=errors, newline=newline) as f:
         ~~~~~~~~~^^^^^^^^^^^^^^^^^^^^^^^^^^^^^^^^^^^^^^^^^^^^^^^^^^^^^^^^^^^^^
  File "/opt/homebrew/Cellar/python@3.14/3.14.2/Frameworks/Python.framework/Versions/3.14/lib/python3.14/pathlib/__init__.py", line 771, in open
    return io.open(self, mode, buffering, encoding, errors, newline)
           ~~~~~~~^^^^^^^^^^^^^^^^^^^^^^^^^^^^^^^^^^^^^^^^^^^^^^^^^^
OSError: [Errno 11] Resource deadlock avoided: '/Users/bob/Desktop/LHM_Morning_Brief.html'
Traceback (most recent call last):
  File "/Users/bob/LHM/Scripts/data_pipeline/morning_brief.py", line 725, in <module>
    main()
    ~~~~^^
  File "/Users/bob/LHM/Scripts/data_pipeline/morning_brief.py", line 706, in main
    brief = build_brief(conn, include_charts=not args.no_charts)
  File "/Users/bob/LHM/Scripts/data_pipeline/morning_brief.py", line 170, in build_brief
    prior = get_prior_indices(conn, current)
  File "/Users/bob/LHM/Scripts/data_pipeline/morning_brief.py", line 88, in get_prior_indices
    cursor = conn.execute(query, (index_id, info["date"]))
sqlite3.OperationalError: database is locked
Traceback (most recent call last):
  File "/Users/bob/LHM/Scripts/data_pipeline/morning_brief.py", line 725, in <module>
    main()
    ~~~~^^
  File "/Users/bob/LHM/Scripts/data_pipeline/morning_brief.py", line 717, in main
    summary = build_notification_summary(conn)
  File "/Users/bob/LHM/Scripts/data_pipeline/morning_brief.py", line 639, in build_notification_summary
    prior = get_prior_indices(conn, current)
  File "/Users/bob/LHM/Scripts/data_pipeline/morning_brief.py", line 88, in get_prior_indices
    cursor = conn.execute(query, (index_id, info["date"]))
sqlite3.OperationalError: database is locked
Traceback (most recent call last):
  File "/Users/bob/LHM/Scripts/data_pipeline/morning_brief.py", line 725, in <module>
    main()
    ~~~~^^
  File "/Users/bob/LHM/Scripts/data_pipeline/morning_brief.py", line 706, in main
    brief = build_brief(conn, include_charts=not args.no_charts)
  File "/Users/bob/LHM/Scripts/data_pipeline/morning_brief.py", line 170, in build_brief
    prior = get_prior_indices(conn, current)
  File "/Users/bob/LHM/Scripts/data_pipeline/morning_brief.py", line 88, in get_prior_indices
    cursor = conn.execute(query, (index_id, info["date"]))
sqlite3.OperationalError: database is locked
