2026-05-17 06:53:19,105 WARNING   OECD_GDP_REAL_US: OpenBBError: 
[Error] -> Error with the OECD request: 429
2026-05-17 06:53:59,020 INFO   OECD_CPI_YOY_US: 843 obs
2026-05-17 06:54:16,681 WARNING   OECD_UNEMP_US: OpenBBError: 
[Error] -> Error: 429 -> You have exceeded the number of requests for data downloads or very large data ranges permitted in the OECD Data API. Please contact us through the OECD Data Explorer (https://data-explorer.oecd.org) feedback form (indicating your IP address) to request more details or exceptions.
2026-05-17 06:54:30,682 WARNING   OECD_CLI_US: OpenBBError: 
[Error] -> Error with the OECD request: 429
2026-05-17 06:54:44,638 WARNING   OECD_LTIR_US: OpenBBError: 
[Unexpected Error] -> Exception -> Error with the OECD request: 429
2026-05-17 06:54:59,178 WARNING   OECD_STIR_US: OpenBBError: 
[Unexpected Error] -> Exception -> Error with the OECD request: 429
2026-05-17 06:55:02,275 INFO   OECD_CPI_YOY_EA: 420 obs
2026-05-17 06:55:15,689 WARNING   OECD_GDP_REAL_JP: OpenBBError: 
[Error] -> Error with the OECD request: 429
2026-05-17 06:55:21,371 INFO   OECD_CPI_YOY_JP: 786 obs
2026-05-17 06:55:34,977 WARNING   OECD_UNEMP_JP: OpenBBError: 
[Error] -> Error: 429 -> You have exceeded the number of requests for data downloads or very large data ranges permitted in the OECD Data API. Please contact us through the OECD Data Explorer (https://data-explorer.oecd.org) feedback form (indicating your IP address) to request more details or exceptions.
2026-05-17 06:55:47,870 WARNING   OECD_CLI_JP: OpenBBError: 
[Error] -> Error with the OECD request: 429
2026-05-17 06:56:02,245 WARNING   OECD_LTIR_JP: OpenBBError: 
[Unexpected Error] -> Exception -> Error with the OECD request: 429
2026-05-17 06:56:33,338 WARNING   OECD_STIR_JP: OpenBBError: 
[Unexpected Error] -> Exception -> Error with the OECD request: 429
2026-05-17 06:56:49,875 WARNING   OECD_GDP_REAL_GB: OpenBBError: 
[Error] -> Error with the OECD request: 429
2026-05-17 06:56:54,898 INFO   OECD_CPI_YOY_GB: 843 obs
2026-05-17 06:57:10,786 WARNING   OECD_UNEMP_GB: OpenBBError: 
[Error] -> Error: 429 -> You have exceeded the number of requests for data downloads or very large data ranges permitted in the OECD Data API. Please contact us through the OECD Data Explorer (https://data-explorer.oecd.org) feedback form (indicating your IP address) to request more details or exceptions.
2026-05-17 06:57:23,932 WARNING   OECD_CLI_GB: OpenBBError: 
[Error] -> Error with the OECD request: 429
2026-05-17 06:57:43,069 WARNING   OECD_LTIR_GB: OpenBBError: 
[Unexpected Error] -> Exception -> Error with the OECD request: 429
2026-05-17 06:57:57,567 WARNING   OECD_STIR_GB: OpenBBError: 
[Unexpected Error] -> Exception -> Error with the OECD request: 429
2026-05-17 06:58:10,024 WARNING   OECD_GDP_REAL_DE: OpenBBError: 
[Error] -> Error with the OECD request: 429
2026-05-17 06:58:19,408 INFO   OECD_CPI_YOY_DE: 844 obs
2026-05-17 06:58:33,452 WARNING   OECD_UNEMP_DE: OpenBBError: 
[Error] -> Error: 429 -> You have exceeded the number of requests for data downloads or very large data ranges permitted in the OECD Data API. Please contact us through the OECD Data Explorer (https://data-explorer.oecd.org) feedback form (indicating your IP address) to request more details or exceptions.
2026-05-17 06:58:46,217 WARNING   OECD_CLI_DE: OpenBBError: 
[Error] -> Error with the OECD request: 429
2026-05-18 15:18:11,573 INFO   OECD_GDP_REAL_US: 317 obs
2026-05-18 15:18:15,378 INFO   OECD_CPI_YOY_US: 843 obs
2026-05-18 15:18:20,302 INFO   OECD_UNEMP_US: 855 obs
2026-05-18 15:18:24,953 INFO   OECD_CLI_US: 856 obs
2026-05-18 15:18:26,045 INFO   OECD_LTIR_US: 868 obs
2026-05-18 15:18:26,820 INFO   OECD_STIR_US: 742 obs
2026-05-18 15:18:29,263 INFO   OECD_CPI_YOY_EA: 420 obs
2026-05-18 15:18:32,513 INFO   OECD_GDP_REAL_JP: 264 obs
2026-05-18 15:18:36,196 INFO   OECD_CPI_YOY_JP: 786 obs
2026-05-18 15:18:40,634 INFO   OECD_UNEMP_JP: 855 obs
2026-05-18 15:18:55,670 INFO   OECD_CLI_JP: 808 obs
2026-05-18 15:19:02,626 INFO   OECD_LTIR_JP: 448 obs
2026-05-18 15:19:05,238 INFO   OECD_STIR_JP: 288 obs
2026-05-18 15:19:08,353 INFO   OECD_GDP_REAL_GB: 285 obs
2026-05-18 15:19:10,867 INFO   OECD_CPI_YOY_GB: 843 obs
2026-05-18 15:19:17,861 INFO   OECD_UNEMP_GB: 516 obs
2026-05-18 15:19:22,974 INFO   OECD_CLI_GB: 821 obs
2026-05-18 15:19:27,826 INFO   OECD_LTIR_GB: 796 obs
2026-05-18 15:19:31,501 INFO   OECD_STIR_GB: 482 obs
2026-05-18 15:19:34,878 INFO   OECD_GDP_REAL_DE: 265 obs
2026-05-18 15:19:38,289 INFO   OECD_CPI_YOY_DE: 844 obs
2026-05-18 15:19:43,566 INFO   OECD_UNEMP_DE: 423 obs
2026-05-18 15:19:51,133 INFO   OECD_CLI_DE: 784 obs
2026-05-18 15:19:55,072 INFO   OECD_LTIR_DE: 840 obs
2026-05-18 15:19:56,463 INFO   OECD_STIR_DE: 796 obs
2026-05-18 15:19:59,832 INFO   OECD_GDP_REAL_CA: 261 obs
2026-05-18 15:20:03,729 INFO   OECD_CPI_YOY_CA: 915 obs
2026-05-18 15:20:07,830 INFO   OECD_UNEMP_CA: 856 obs
2026-05-18 15:20:11,453 INFO   OECD_CLI_CA: 844 obs
2026-05-18 15:20:14,636 INFO   OECD_LTIR_CA: 857 obs
2026-05-18 15:20:18,962 INFO   OECD_STIR_CA: 844 obs
2026-05-18 15:20:21,888 INFO   OECD_CPI_YOY_CN: 472 obs
2026-05-18 15:20:25,228 INFO   OECD_CLI_CN: 408 obs
2026-05-18 15:20:27,530 INFO   OECD_LTIR_CN: 147 obs
2026-05-18 15:20:30,570 INFO   OECD_STIR_CN: 345 obs
2026-05-19 11:35:09,822 INFO   OECD_GDP_REAL_US: 317 obs
2026-05-19 11:35:14,189 INFO   OECD_CPI_YOY_US: 843 obs
2026-05-19 11:35:18,760 INFO   OECD_UNEMP_US: 855 obs
2026-05-19 11:35:22,450 INFO   OECD_CLI_US: 856 obs
2026-05-19 11:35:23,386 INFO   OECD_LTIR_US: 868 obs
2026-05-19 11:35:24,266 INFO   OECD_STIR_US: 742 obs
2026-05-19 11:35:28,581 INFO   OECD_CPI_YOY_EA: 420 obs
2026-05-19 11:35:32,929 INFO   OECD_GDP_REAL_JP: 265 obs
2026-05-19 11:35:35,715 INFO   OECD_CPI_YOY_JP: 786 obs
2026-05-19 11:35:40,585 INFO   OECD_UNEMP_JP: 855 obs
2026-05-19 11:35:48,223 INFO   OECD_CLI_JP: 808 obs
2026-05-19 11:35:52,055 INFO   OECD_LTIR_JP: 448 obs
2026-05-19 11:35:52,851 INFO   OECD_STIR_JP: 288 obs
2026-05-19 11:35:57,142 INFO   OECD_GDP_REAL_GB: 285 obs
2026-05-19 11:36:02,078 INFO   OECD_CPI_YOY_GB: 843 obs
2026-05-19 11:36:06,190 INFO   OECD_UNEMP_GB: 516 obs
2026-05-19 11:36:10,663 INFO   OECD_CLI_GB: 821 obs
2026-05-19 11:36:15,536 INFO   OECD_LTIR_GB: 796 obs
2026-05-19 11:36:19,450 INFO   OECD_STIR_GB: 482 obs
2026-05-19 11:36:24,124 INFO   OECD_GDP_REAL_DE: 265 obs
2026-05-19 11:36:27,900 INFO   OECD_CPI_YOY_DE: 844 obs
2026-05-19 11:36:31,493 INFO   OECD_UNEMP_DE: 423 obs
2026-05-19 11:36:35,915 INFO   OECD_CLI_DE: 784 obs
2026-05-19 11:36:40,783 INFO   OECD_LTIR_DE: 840 obs
2026-05-19 11:36:42,077 INFO   OECD_STIR_DE: 796 obs
2026-05-19 11:36:46,984 INFO   OECD_GDP_REAL_CA: 261 obs
2026-05-19 11:36:51,784 INFO   OECD_CPI_YOY_CA: 915 obs
2026-05-19 11:36:56,237 INFO   OECD_UNEMP_CA: 856 obs
2026-05-19 11:37:00,944 INFO   OECD_CLI_CA: 844 obs
2026-05-19 11:37:05,049 INFO   OECD_LTIR_CA: 857 obs
2026-05-19 11:37:10,459 INFO   OECD_STIR_CA: 844 obs
2026-05-19 11:37:14,094 INFO   OECD_CPI_YOY_CN: 472 obs
2026-05-19 11:37:17,453 INFO   OECD_CLI_CN: 408 obs
2026-05-19 11:37:21,292 INFO   OECD_LTIR_CN: 147 obs
2026-05-19 11:37:25,601 INFO   OECD_STIR_CN: 345 obs
2026-05-20 14:17:34,435 INFO   OECD_GDP_REAL_US: 317 obs
2026-05-20 14:18:26,836 INFO   OECD_CPI_YOY_US: 843 obs
2026-05-20 14:19:40,019 INFO   OECD_UNEMP_US: 855 obs
2026-05-20 14:20:11,394 INFO   OECD_CLI_US: 856 obs
2026-05-20 14:20:53,030 INFO   OECD_LTIR_US: 868 obs
2026-05-20 14:21:24,824 INFO   OECD_STIR_US: 742 obs
2026-05-20 14:22:21,878 INFO   OECD_CPI_YOY_EA: 420 obs
2026-05-20 14:23:24,261 INFO   OECD_GDP_REAL_JP: 265 obs
2026-05-20 14:24:47,473 INFO   OECD_CPI_YOY_JP: 786 obs
2026-05-20 14:25:32,825 INFO   OECD_UNEMP_JP: 855 obs
2026-05-20 14:26:22,238 INFO   OECD_CLI_JP: 808 obs
2026-05-20 14:27:06,135 INFO   OECD_LTIR_JP: 448 obs
2026-05-20 14:27:20,476 INFO   OECD_STIR_JP: 288 obs
2026-05-20 14:27:41,179 INFO   OECD_GDP_REAL_GB: 285 obs
2026-05-20 14:27:56,709 INFO   OECD_CPI_YOY_GB: 843 obs
2026-05-20 14:28:19,836 INFO   OECD_UNEMP_GB: 517 obs
2026-05-20 14:28:53,494 INFO   OECD_CLI_GB: 821 obs
2026-05-20 14:29:23,333 INFO   OECD_LTIR_GB: 796 obs
2026-05-20 14:29:41,386 INFO   OECD_STIR_GB: 482 obs
2026-05-20 14:29:51,403 INFO   OECD_GDP_REAL_DE: 265 obs
2026-05-20 14:30:11,346 INFO   OECD_CPI_YOY_DE: 844 obs
2026-05-20 14:30:30,226 INFO   OECD_UNEMP_DE: 423 obs
2026-05-20 14:30:44,509 INFO   OECD_CLI_DE: 784 obs
2026-05-20 14:31:05,063 INFO   OECD_LTIR_DE: 840 obs
2026-05-20 14:31:22,175 INFO   OECD_STIR_DE: 796 obs
2026-05-20 14:31:31,115 INFO   OECD_GDP_REAL_CA: 261 obs
2026-05-20 14:31:57,548 INFO   OECD_CPI_YOY_CA: 916 obs
2026-05-20 14:32:21,792 INFO   OECD_UNEMP_CA: 856 obs
2026-05-20 14:32:45,654 INFO   OECD_CLI_CA: 844 obs
2026-05-20 14:33:09,961 INFO   OECD_LTIR_CA: 857 obs
2026-05-20 14:33:31,691 INFO   OECD_STIR_CA: 844 obs
2026-05-20 14:33:59,372 INFO   OECD_CPI_YOY_CN: 472 obs
2026-05-20 14:34:15,118 INFO   OECD_CLI_CN: 408 obs
2026-05-20 14:34:24,659 INFO   OECD_LTIR_CN: 147 obs
2026-05-20 14:34:35,438 INFO   OECD_STIR_CN: 345 obs
2026-05-21 15:59:58,869 INFO   OECD_GDP_REAL_US: 317 obs
2026-05-21 16:00:54,621 INFO   OECD_CPI_YOY_US: 843 obs
2026-05-21 16:02:03,582 INFO   OECD_UNEMP_US: 855 obs
2026-05-21 16:03:21,822 INFO   OECD_CLI_US: 856 obs
2026-05-21 16:04:17,076 INFO   OECD_LTIR_US: 868 obs
2026-05-21 16:05:04,465 INFO   OECD_STIR_US: 742 obs
2026-05-21 16:05:37,657 INFO   OECD_CPI_YOY_EA: 420 obs
2026-05-21 16:06:04,195 INFO   OECD_GDP_REAL_JP: 265 obs
2026-05-21 16:07:06,270 INFO   OECD_CPI_YOY_JP: 786 obs
2026-05-21 16:08:01,679 INFO   OECD_UNEMP_JP: 855 obs
2026-05-21 16:09:13,253 INFO   OECD_CLI_JP: 808 obs
2026-05-21 16:09:59,181 INFO   OECD_LTIR_JP: 448 obs
2026-05-21 16:10:46,226 INFO   OECD_STIR_JP: 288 obs
2026-05-21 16:11:19,480 INFO   OECD_GDP_REAL_GB: 285 obs
2026-05-21 16:11:51,924 INFO   OECD_CPI_YOY_GB: 844 obs
2026-05-21 16:12:29,944 INFO   OECD_UNEMP_GB: 517 obs
2026-05-21 16:13:19,194 INFO   OECD_CLI_GB: 821 obs
2026-05-21 16:14:29,725 INFO   OECD_LTIR_GB: 796 obs
2026-05-21 16:14:55,509 INFO   OECD_STIR_GB: 482 obs
2026-05-21 16:15:28,829 INFO   OECD_GDP_REAL_DE: 265 obs
2026-05-21 16:16:05,052 INFO   OECD_CPI_YOY_DE: 844 obs
2026-05-21 16:16:29,597 INFO   OECD_UNEMP_DE: 423 obs
2026-05-21 16:17:21,465 INFO   OECD_CLI_DE: 784 obs
2026-05-21 16:17:50,322 INFO   OECD_LTIR_DE: 840 obs
2026-05-21 16:18:21,662 INFO   OECD_STIR_DE: 796 obs
2026-05-21 16:18:38,467 INFO   OECD_GDP_REAL_CA: 261 obs
2026-05-21 16:18:52,626 INFO   OECD_CPI_YOY_CA: 916 obs
2026-05-21 16:19:26,988 INFO   OECD_UNEMP_CA: 856 obs
2026-05-21 16:20:05,736 INFO   OECD_CLI_CA: 844 obs
2026-05-21 16:20:41,727 INFO   OECD_LTIR_CA: 857 obs
2026-05-21 16:21:22,093 INFO   OECD_STIR_CA: 844 obs
2026-05-21 16:21:53,818 INFO   OECD_CPI_YOY_CN: 472 obs
2026-05-21 16:22:27,215 INFO   OECD_CLI_CN: 408 obs
2026-05-21 16:22:44,461 INFO   OECD_LTIR_CN: 147 obs
2026-05-21 16:23:11,395 INFO   OECD_STIR_CN: 345 obs
Traceback (most recent call last):
  File "/Users/bob/LHM/Scripts/data_pipeline/lighthouse/openbb_oecd_feed.py", line 226, in <module>
    main()
    ~~~~^^
  File "/Users/bob/LHM/Scripts/data_pipeline/lighthouse/openbb_oecd_feed.py", line 219, in main
    series, obs = fetcher.fetch_all()
                  ~~~~~~~~~~~~~~~~~^^
  File "/Users/bob/LHM/Scripts/data_pipeline/lighthouse/openbb_oecd_feed.py", line 198, in fetch_all
    s, o = self._store_series(series_id, title, freq, units, cat,
           ~~~~~~~~~~~~~~~~~~^^^^^^^^^^^^^^^^^^^^^^^^^^^^^^^^^^^^
                              scale, data)
                              ^^^^^^^^^^^^
  File "/Users/bob/LHM/Scripts/data_pipeline/lighthouse/openbb_oecd_feed.py", line 139, in _store_series
    c.executemany(
    ~~~~~~~~~~~~~^
        "INSERT OR REPLACE INTO observations VALUES (?,?,?)", obs_list
        ^^^^^^^^^^^^^^^^^^^^^^^^^^^^^^^^^^^^^^^^^^^^^^^^^^^^^^^^^^^^^^
    )
    ^
sqlite3.OperationalError: database is locked
2026-05-23 06:36:57,100 INFO   OECD_GDP_REAL_US: 317 obs
2026-05-23 06:38:20,772 INFO   OECD_CPI_YOY_US: 843 obs
2026-05-23 06:39:10,586 INFO   OECD_UNEMP_US: 855 obs
2026-05-23 06:39:44,264 INFO   OECD_CLI_US: 856 obs
2026-05-23 06:39:55,287 INFO   OECD_LTIR_US: 868 obs
2026-05-23 06:40:34,439 INFO   OECD_STIR_US: 742 obs
2026-05-23 06:40:37,990 INFO   OECD_CPI_YOY_EA: 420 obs
2026-05-23 06:40:41,879 INFO   OECD_GDP_REAL_JP: 265 obs
2026-05-23 06:40:46,315 INFO   OECD_CPI_YOY_JP: 786 obs
2026-05-23 06:40:51,028 INFO   OECD_UNEMP_JP: 855 obs
2026-05-23 06:40:55,003 INFO   OECD_CLI_JP: 808 obs
2026-05-23 06:40:57,409 INFO   OECD_LTIR_JP: 448 obs
2026-05-23 06:40:58,931 INFO   OECD_STIR_JP: 288 obs
2026-05-23 06:41:02,076 INFO   OECD_GDP_REAL_GB: 285 obs
2026-05-23 06:41:05,637 INFO   OECD_CPI_YOY_GB: 844 obs
2026-05-23 06:41:09,984 INFO   OECD_UNEMP_GB: 517 obs
2026-05-23 06:41:13,461 INFO   OECD_CLI_GB: 821 obs
2026-05-23 06:41:16,650 INFO   OECD_LTIR_GB: 796 obs
2026-05-23 06:41:19,399 INFO   OECD_STIR_GB: 482 obs
2026-05-23 06:41:22,260 INFO   OECD_GDP_REAL_DE: 265 obs
2026-05-23 06:41:25,376 INFO   OECD_CPI_YOY_DE: 844 obs
2026-05-23 06:41:29,217 INFO   OECD_UNEMP_DE: 423 obs
2026-05-23 06:41:32,650 INFO   OECD_CLI_DE: 784 obs
2026-05-23 06:41:35,581 INFO   OECD_LTIR_DE: 840 obs
2026-05-23 06:41:36,671 INFO   OECD_STIR_DE: 796 obs
2026-05-23 06:41:40,945 INFO   OECD_GDP_REAL_CA: 261 obs
2026-05-23 06:41:44,536 INFO   OECD_CPI_YOY_CA: 916 obs
2026-05-23 06:41:47,837 INFO   OECD_UNEMP_CA: 856 obs
2026-05-23 06:41:51,012 INFO   OECD_CLI_CA: 844 obs
2026-05-23 06:41:54,834 INFO   OECD_LTIR_CA: 857 obs
2026-05-23 06:41:57,764 INFO   OECD_STIR_CA: 844 obs
2026-05-23 06:42:01,173 INFO   OECD_CPI_YOY_CN: 472 obs
2026-05-23 06:42:03,797 INFO   OECD_CLI_CN: 408 obs
2026-05-23 06:42:06,315 INFO   OECD_LTIR_CN: 147 obs
2026-05-23 06:42:09,307 INFO   OECD_STIR_CN: 345 obs
2026-05-24 07:23:58,144 INFO   OECD_GDP_REAL_US: 317 obs
2026-05-24 07:24:00,985 INFO   OECD_CPI_YOY_US: 843 obs
2026-05-24 07:24:04,283 INFO   OECD_UNEMP_US: 855 obs
2026-05-24 07:24:07,856 INFO   OECD_CLI_US: 856 obs
2026-05-24 07:24:13,808 INFO   OECD_LTIR_US: 868 obs
2026-05-24 07:24:14,689 INFO   OECD_STIR_US: 742 obs
2026-05-24 07:28:25,058 INFO   OECD_CPI_YOY_EA: 420 obs
2026-05-24 07:28:29,731 INFO   OECD_GDP_REAL_JP: 265 obs
2026-05-24 07:28:34,940 INFO   OECD_CPI_YOY_JP: 786 obs
2026-05-24 07:28:38,432 INFO   OECD_UNEMP_JP: 855 obs
2026-05-24 07:28:42,274 INFO   OECD_CLI_JP: 808 obs
2026-05-24 07:28:51,845 INFO   OECD_LTIR_JP: 448 obs
2026-05-24 07:28:58,421 INFO   OECD_STIR_JP: 288 obs
2026-05-24 07:29:01,433 INFO   OECD_GDP_REAL_GB: 285 obs
2026-05-24 07:29:11,195 INFO   OECD_CPI_YOY_GB: 844 obs
2026-05-24 07:29:18,643 INFO   OECD_UNEMP_GB: 517 obs
2026-05-24 07:29:26,808 INFO   OECD_CLI_GB: 821 obs
2026-05-24 07:29:31,162 INFO   OECD_LTIR_GB: 796 obs
2026-05-24 07:29:33,310 INFO   OECD_STIR_GB: 482 obs
2026-05-24 07:30:35,587 INFO   OECD_GDP_REAL_DE: 265 obs
2026-05-24 07:30:47,344 INFO   OECD_CPI_YOY_DE: 844 obs
2026-05-24 07:30:56,520 INFO   OECD_UNEMP_DE: 423 obs
2026-05-24 07:31:03,458 INFO   OECD_CLI_DE: 784 obs
2026-05-24 07:31:10,026 INFO   OECD_LTIR_DE: 840 obs
2026-05-24 07:31:10,848 INFO   OECD_STIR_DE: 796 obs
2026-05-24 07:31:14,134 INFO   OECD_GDP_REAL_CA: 261 obs
2026-05-24 07:31:16,877 INFO   OECD_CPI_YOY_CA: 916 obs
2026-05-24 07:31:20,771 INFO   OECD_UNEMP_CA: 856 obs
2026-05-24 07:31:24,846 INFO   OECD_CLI_CA: 844 obs
2026-05-24 07:31:32,437 INFO   OECD_LTIR_CA: 857 obs
2026-05-24 08:00:01,431 INFO   OECD_STIR_CA: 844 obs
2026-05-24 08:00:05,829 INFO   OECD_CPI_YOY_CN: 472 obs
2026-05-24 08:00:10,797 INFO   OECD_CLI_CN: 408 obs
2026-05-24 08:00:13,540 INFO   OECD_LTIR_CN: 147 obs
2026-05-24 08:00:16,073 INFO   OECD_STIR_CN: 345 obs
2026-05-25 07:14:42,560 INFO   OECD_GDP_REAL_US: 317 obs
2026-05-25 07:30:57,700 INFO   OECD_CPI_YOY_US: 843 obs
2026-05-25 07:31:01,674 INFO   OECD_UNEMP_US: 855 obs
2026-05-25 07:46:21,797 INFO   OECD_CLI_US: 856 obs
2026-05-25 07:46:28,346 INFO   OECD_LTIR_US: 868 obs
2026-05-25 08:01:22,991 INFO   OECD_STIR_US: 742 obs
2026-05-25 08:01:28,504 INFO   OECD_CPI_YOY_EA: 420 obs
2026-05-25 08:01:38,855 INFO   OECD_GDP_REAL_JP: 265 obs
2026-05-25 08:01:42,702 INFO   OECD_CPI_YOY_JP: 786 obs
2026-05-25 08:01:46,066 INFO   OECD_UNEMP_JP: 855 obs
2026-05-25 08:01:50,430 INFO   OECD_CLI_JP: 808 obs
2026-05-25 08:01:54,670 INFO   OECD_LTIR_JP: 448 obs
2026-05-25 08:01:58,485 INFO   OECD_STIR_JP: 288 obs
2026-05-25 08:02:01,542 INFO   OECD_GDP_REAL_GB: 285 obs
2026-05-25 08:32:21,953 INFO   OECD_CPI_YOY_GB: 844 obs
2026-05-25 08:32:27,026 INFO   OECD_UNEMP_GB: 517 obs
2026-05-25 08:45:22,404 INFO   OECD_CLI_GB: 821 obs
2026-05-25 08:45:25,921 INFO   OECD_LTIR_GB: 796 obs
2026-05-25 08:45:28,488 INFO   OECD_STIR_GB: 482 obs
2026-05-25 08:45:33,482 INFO   OECD_GDP_REAL_DE: 265 obs
2026-05-25 08:47:23,663 INFO   OECD_CPI_YOY_DE: 844 obs
2026-05-25 08:47:36,824 INFO   OECD_UNEMP_DE: 423 obs
2026-05-25 08:47:40,924 INFO   OECD_CLI_DE: 784 obs
2026-05-25 08:47:44,567 INFO   OECD_LTIR_DE: 840 obs
2026-05-25 08:47:48,690 INFO   OECD_STIR_DE: 796 obs
2026-05-25 08:47:51,543 INFO   OECD_GDP_REAL_CA: 261 obs
2026-05-25 08:47:56,172 INFO   OECD_CPI_YOY_CA: 916 obs
2026-05-25 08:47:58,650 INFO   OECD_UNEMP_CA: 856 obs
2026-05-25 08:48:02,337 INFO   OECD_CLI_CA: 844 obs
2026-05-25 08:48:05,487 INFO   OECD_LTIR_CA: 857 obs
2026-05-25 09:02:41,409 INFO   OECD_STIR_CA: 844 obs
2026-05-25 09:02:47,362 INFO   OECD_CPI_YOY_CN: 472 obs
2026-05-25 09:02:49,829 INFO   OECD_CLI_CN: 408 obs
2026-05-25 09:02:51,904 INFO   OECD_LTIR_CN: 147 obs
2026-05-25 09:02:56,376 INFO   OECD_STIR_CN: 345 obs
2026-05-26 08:02:16,458 INFO   OECD_GDP_REAL_US: 317 obs
2026-05-26 08:02:21,023 INFO   OECD_CPI_YOY_US: 843 obs
2026-05-26 08:02:23,961 INFO   OECD_UNEMP_US: 855 obs
2026-05-26 08:02:31,022 INFO   OECD_CLI_US: 856 obs
2026-05-26 08:02:33,854 INFO   OECD_LTIR_US: 868 obs
2026-05-26 08:02:34,780 INFO   OECD_STIR_US: 742 obs
2026-05-26 08:02:39,787 INFO   OECD_CPI_YOY_EA: 420 obs
2026-05-26 08:02:43,473 INFO   OECD_GDP_REAL_JP: 265 obs
2026-05-26 08:16:10,536 INFO   OECD_CPI_YOY_JP: 786 obs
2026-05-26 08:16:16,607 INFO   OECD_UNEMP_JP: 855 obs
2026-05-26 08:16:34,380 INFO   OECD_CLI_JP: 808 obs
2026-05-26 08:16:39,735 INFO   OECD_LTIR_JP: 448 obs
2026-05-26 08:16:40,497 INFO   OECD_STIR_JP: 288 obs
2026-05-26 08:16:44,513 INFO   OECD_GDP_REAL_GB: 285 obs
2026-05-26 08:16:48,362 INFO   OECD_CPI_YOY_GB: 844 obs
2026-05-26 08:16:52,777 INFO   OECD_UNEMP_GB: 517 obs
2026-05-26 08:25:26,156 INFO   OECD_CLI_GB: 821 obs
2026-05-26 08:25:33,045 INFO   OECD_LTIR_GB: 796 obs
2026-05-26 08:25:47,477 INFO   OECD_STIR_GB: 482 obs
2026-05-26 08:40:33,832 INFO   OECD_GDP_REAL_DE: 265 obs
2026-05-26 08:40:41,993 INFO   OECD_CPI_YOY_DE: 844 obs
2026-05-26 08:40:46,601 INFO   OECD_UNEMP_DE: 423 obs
2026-05-26 08:40:53,332 INFO   OECD_CLI_DE: 784 obs
2026-05-26 08:41:02,108 INFO   OECD_LTIR_DE: 840 obs
2026-05-26 08:41:04,790 INFO   OECD_STIR_DE: 796 obs
2026-05-26 08:56:54,001 INFO   OECD_GDP_REAL_CA: 261 obs
2026-05-26 08:57:21,568 INFO   OECD_CPI_YOY_CA: 916 obs
2026-05-26 08:57:38,438 INFO   OECD_UNEMP_CA: 856 obs
2026-05-26 08:57:47,770 INFO   OECD_CLI_CA: 844 obs
2026-05-26 08:57:54,867 INFO   OECD_LTIR_CA: 857 obs
2026-05-26 08:58:54,580 INFO   OECD_STIR_CA: 844 obs
2026-05-26 08:58:57,024 INFO   OECD_CPI_YOY_CN: 472 obs
2026-05-26 08:59:00,314 INFO   OECD_CLI_CN: 408 obs
2026-05-26 08:59:03,381 INFO   OECD_LTIR_CN: 147 obs
2026-05-26 08:59:07,745 INFO   OECD_STIR_CN: 345 obs
2026-05-27 07:26:43,364 INFO   OECD_GDP_REAL_US: 317 obs
2026-05-27 07:26:44,902 INFO   OECD_CPI_YOY_US: 843 obs
2026-05-27 07:26:46,328 INFO   OECD_UNEMP_US: 855 obs
2026-05-27 07:26:49,459 INFO   OECD_CLI_US: 856 obs
2026-05-27 07:26:50,394 INFO   OECD_LTIR_US: 868 obs
2026-05-27 07:26:51,169 INFO   OECD_STIR_US: 742 obs
2026-05-27 07:26:53,351 INFO   OECD_CPI_YOY_EA: 420 obs
2026-05-27 07:26:56,553 INFO   OECD_GDP_REAL_JP: 265 obs
2026-05-27 07:26:59,790 INFO   OECD_CPI_YOY_JP: 786 obs
2026-05-27 07:27:03,230 INFO   OECD_UNEMP_JP: 855 obs
2026-05-27 07:27:06,464 INFO   OECD_CLI_JP: 808 obs
2026-05-27 07:27:09,579 INFO   OECD_LTIR_JP: 448 obs
2026-05-27 07:27:10,212 INFO   OECD_STIR_JP: 288 obs
2026-05-27 07:27:13,333 INFO   OECD_GDP_REAL_GB: 285 obs
2026-05-27 07:27:16,190 INFO   OECD_CPI_YOY_GB: 844 obs
2026-05-27 07:27:19,895 INFO   OECD_UNEMP_GB: 517 obs
2026-05-27 07:43:17,534 INFO   OECD_CLI_GB: 821 obs
2026-05-27 07:43:21,438 INFO   OECD_LTIR_GB: 796 obs
2026-05-27 07:43:24,714 INFO   OECD_STIR_GB: 482 obs
2026-05-27 07:43:27,832 INFO   OECD_GDP_REAL_DE: 265 obs
2026-05-27 07:43:31,681 INFO   OECD_CPI_YOY_DE: 844 obs
2026-05-27 07:43:34,619 INFO   OECD_UNEMP_DE: 423 obs
2026-05-27 07:43:38,012 INFO   OECD_CLI_DE: 784 obs
2026-05-27 07:43:44,635 INFO   OECD_LTIR_DE: 840 obs
2026-05-27 07:43:45,528 INFO   OECD_STIR_DE: 796 obs
2026-05-27 07:43:48,194 INFO   OECD_GDP_REAL_CA: 261 obs
2026-05-27 07:43:51,894 INFO   OECD_CPI_YOY_CA: 916 obs
2026-05-27 07:43:55,037 INFO   OECD_UNEMP_CA: 856 obs
2026-05-27 07:43:57,516 INFO   OECD_CLI_CA: 844 obs
2026-05-27 08:13:17,093 INFO   OECD_LTIR_CA: 857 obs
2026-05-27 08:13:25,230 INFO   OECD_STIR_CA: 844 obs
2026-05-27 08:13:28,598 INFO   OECD_CPI_YOY_CN: 472 obs
2026-05-27 08:13:32,250 INFO   OECD_CLI_CN: 408 obs
2026-05-27 08:13:35,424 INFO   OECD_LTIR_CN: 147 obs
2026-05-27 08:13:38,402 INFO   OECD_STIR_CN: 345 obs
2026-05-28 15:29:46,920 INFO   OECD_GDP_REAL_US: 317 obs
2026-05-28 15:29:50,036 INFO   OECD_CPI_YOY_US: 843 obs
2026-05-28 15:29:51,456 INFO   OECD_UNEMP_US: 855 obs
2026-05-28 15:29:54,492 INFO   OECD_CLI_US: 856 obs
2026-05-28 15:29:56,539 INFO   OECD_LTIR_US: 868 obs
2026-05-28 15:30:13,900 INFO   OECD_STIR_US: 742 obs
2026-05-28 15:30:16,419 INFO   OECD_CPI_YOY_EA: 420 obs
2026-05-28 15:30:19,666 INFO   OECD_GDP_REAL_JP: 265 obs
2026-05-28 15:30:22,068 INFO   OECD_CPI_YOY_JP: 786 obs
2026-05-28 15:30:25,685 INFO   OECD_UNEMP_JP: 855 obs
2026-05-28 15:30:32,893 INFO   OECD_CLI_JP: 808 obs
2026-05-28 15:30:44,699 INFO   OECD_LTIR_JP: 448 obs
2026-05-28 15:30:45,500 INFO   OECD_STIR_JP: 288 obs
2026-05-28 15:31:24,541 INFO   OECD_GDP_REAL_GB: 285 obs
2026-05-28 15:31:41,429 INFO   OECD_CPI_YOY_GB: 844 obs
2026-05-28 15:31:44,556 INFO   OECD_UNEMP_GB: 517 obs
2026-05-28 15:31:47,440 INFO   OECD_CLI_GB: 821 obs
2026-05-28 15:31:56,713 INFO   OECD_LTIR_GB: 796 obs
2026-05-28 15:32:00,414 INFO   OECD_STIR_GB: 482 obs
2026-05-28 15:32:09,096 INFO   OECD_GDP_REAL_DE: 265 obs
2026-05-28 15:32:19,290 INFO   OECD_CPI_YOY_DE: 844 obs
2026-05-28 15:32:21,951 INFO   OECD_UNEMP_DE: 423 obs
2026-05-28 15:32:25,337 INFO   OECD_CLI_DE: 784 obs
2026-05-28 15:32:28,289 INFO   OECD_LTIR_DE: 840 obs
2026-05-28 15:32:29,112 INFO   OECD_STIR_DE: 796 obs
2026-05-28 15:32:32,570 INFO   OECD_GDP_REAL_CA: 261 obs
2026-05-28 15:32:35,193 INFO   OECD_CPI_YOY_CA: 916 obs
2026-05-28 15:32:38,496 INFO   OECD_UNEMP_CA: 856 obs
2026-05-28 15:32:41,412 INFO   OECD_CLI_CA: 844 obs
2026-05-28 15:32:44,597 INFO   OECD_LTIR_CA: 857 obs
2026-05-28 15:32:47,559 INFO   OECD_STIR_CA: 844 obs
2026-05-28 15:32:49,633 INFO   OECD_CPI_YOY_CN: 472 obs
2026-05-28 15:32:52,358 INFO   OECD_CLI_CN: 408 obs
2026-05-28 15:32:55,023 INFO   OECD_LTIR_CN: 147 obs
2026-05-28 15:32:57,698 INFO   OECD_STIR_CN: 345 obs
2026-05-29 16:39:46,955 INFO   OECD_GDP_REAL_US: 317 obs
2026-05-29 16:39:49,060 INFO   OECD_CPI_YOY_US: 843 obs
2026-05-29 16:39:50,047 INFO   OECD_UNEMP_US: 855 obs
2026-05-29 16:39:52,719 INFO   OECD_CLI_US: 856 obs
2026-05-29 16:39:53,447 INFO   OECD_LTIR_US: 868 obs
2026-05-29 16:39:54,330 INFO   OECD_STIR_US: 742 obs
2026-05-29 16:39:56,959 INFO   OECD_CPI_YOY_EA: 420 obs
2026-05-29 16:39:59,377 INFO   OECD_GDP_REAL_JP: 265 obs
2026-05-29 16:40:01,756 INFO   OECD_CPI_YOY_JP: 786 obs
2026-05-29 16:40:04,207 INFO   OECD_UNEMP_JP: 855 obs
2026-05-29 16:40:07,499 INFO   OECD_CLI_JP: 808 obs
2026-05-29 16:40:10,523 INFO   OECD_LTIR_JP: 448 obs
2026-05-29 16:40:11,138 INFO   OECD_STIR_JP: 288 obs
2026-05-29 16:40:14,308 INFO   OECD_GDP_REAL_GB: 285 obs
2026-05-29 16:40:17,463 INFO   OECD_CPI_YOY_GB: 844 obs
2026-05-29 16:40:20,485 INFO   OECD_UNEMP_GB: 517 obs
2026-05-29 16:40:23,738 INFO   OECD_CLI_GB: 821 obs
2026-05-29 16:40:27,160 INFO   OECD_LTIR_GB: 796 obs
2026-05-29 16:40:30,521 INFO   OECD_STIR_GB: 482 obs
2026-05-29 16:40:33,095 INFO   OECD_GDP_REAL_DE: 265 obs
2026-05-29 16:40:36,104 INFO   OECD_CPI_YOY_DE: 844 obs
2026-05-29 16:40:38,946 INFO   OECD_UNEMP_DE: 423 obs
2026-05-29 16:40:41,878 INFO   OECD_CLI_DE: 784 obs
2026-05-29 16:40:45,002 INFO   OECD_LTIR_DE: 840 obs
2026-05-29 16:40:45,863 INFO   OECD_STIR_DE: 796 obs
2026-05-29 16:40:48,984 INFO   OECD_GDP_REAL_CA: 261 obs
2026-05-29 16:40:52,335 INFO   OECD_CPI_YOY_CA: 916 obs
2026-05-29 16:40:55,396 INFO   OECD_UNEMP_CA: 856 obs
2026-05-29 16:41:04,588 INFO   OECD_CLI_CA: 844 obs
2026-05-29 16:41:07,463 INFO   OECD_LTIR_CA: 857 obs
2026-05-29 16:41:10,779 INFO   OECD_STIR_CA: 844 obs
2026-05-29 16:41:12,973 INFO   OECD_CPI_YOY_CN: 472 obs
2026-05-29 16:41:16,051 INFO   OECD_CLI_CN: 408 obs
2026-05-29 16:41:19,567 INFO   OECD_LTIR_CN: 147 obs
2026-05-29 16:41:21,958 INFO   OECD_STIR_CN: 345 obs
2026-05-30 08:02:04,530 INFO   OECD_GDP_REAL_US: 317 obs
2026-05-30 08:02:07,705 INFO   OECD_CPI_YOY_US: 843 obs
2026-05-30 08:02:08,682 INFO   OECD_UNEMP_US: 855 obs
2026-05-30 08:02:13,665 INFO   OECD_CLI_US: 856 obs
2026-05-30 08:02:14,623 INFO   OECD_LTIR_US: 868 obs
2026-05-30 08:02:15,440 INFO   OECD_STIR_US: 742 obs
2026-05-30 08:02:18,284 INFO   OECD_CPI_YOY_EA: 420 obs
2026-05-30 08:02:23,202 INFO   OECD_GDP_REAL_JP: 265 obs
2026-05-30 08:02:26,486 INFO   OECD_CPI_YOY_JP: 786 obs
2026-05-30 08:02:30,305 INFO   OECD_UNEMP_JP: 855 obs
2026-05-30 08:02:33,210 INFO   OECD_CLI_JP: 808 obs
2026-05-30 08:02:36,356 INFO   OECD_LTIR_JP: 448 obs
2026-05-30 08:02:37,671 INFO   OECD_STIR_JP: 288 obs
2026-05-30 08:02:41,466 INFO   OECD_GDP_REAL_GB: 285 obs
2026-05-30 08:02:43,752 INFO   OECD_CPI_YOY_GB: 844 obs
2026-05-30 08:47:25,542 INFO   OECD_UNEMP_GB: 517 obs
2026-05-30 08:47:29,945 INFO   OECD_CLI_GB: 821 obs
2026-05-30 08:47:32,669 INFO   OECD_LTIR_GB: 796 obs
2026-05-30 08:47:35,733 INFO   OECD_STIR_GB: 482 obs
2026-05-30 08:47:39,007 INFO   OECD_GDP_REAL_DE: 265 obs
2026-05-30 08:47:41,506 INFO   OECD_CPI_YOY_DE: 844 obs
2026-05-30 08:47:44,766 INFO   OECD_UNEMP_DE: 423 obs
2026-05-30 08:47:47,747 INFO   OECD_CLI_DE: 784 obs
2026-05-30 08:47:50,873 INFO   OECD_LTIR_DE: 840 obs
2026-05-30 08:47:51,975 INFO   OECD_STIR_DE: 796 obs
2026-05-30 08:47:55,066 INFO   OECD_GDP_REAL_CA: 261 obs
2026-05-30 08:47:57,980 INFO   OECD_CPI_YOY_CA: 916 obs
2026-05-30 08:48:01,203 INFO   OECD_UNEMP_CA: 856 obs
2026-05-30 09:00:24,303 INFO   OECD_CLI_CA: 844 obs
2026-05-30 09:00:29,826 INFO   OECD_LTIR_CA: 857 obs
2026-05-30 09:00:33,522 INFO   OECD_STIR_CA: 844 obs
2026-05-30 09:00:36,706 INFO   OECD_CPI_YOY_CN: 472 obs
2026-05-30 09:00:39,551 INFO   OECD_CLI_CN: 408 obs
2026-05-30 09:00:41,819 INFO   OECD_LTIR_CN: 147 obs
2026-05-30 09:00:45,419 INFO   OECD_STIR_CN: 345 obs
2026-05-31 07:11:44,243 INFO   OECD_GDP_REAL_US: 317 obs
2026-05-31 07:12:02,532 INFO   OECD_CPI_YOY_US: 843 obs
2026-05-31 07:12:08,217 INFO   OECD_UNEMP_US: 855 obs
2026-05-31 07:37:26,703 INFO   OECD_CLI_US: 856 obs
2026-05-31 07:37:36,262 INFO   OECD_LTIR_US: 868 obs
2026-05-31 07:37:37,131 INFO   OECD_STIR_US: 742 obs
2026-05-31 07:37:40,053 INFO   OECD_CPI_YOY_EA: 420 obs
2026-05-31 07:37:43,176 INFO   OECD_GDP_REAL_JP: 265 obs
2026-05-31 07:37:46,272 INFO   OECD_CPI_YOY_JP: 786 obs
2026-05-31 07:37:49,624 INFO   OECD_UNEMP_JP: 855 obs
2026-05-31 07:37:51,999 INFO   OECD_CLI_JP: 808 obs
2026-05-31 07:37:54,300 INFO   OECD_LTIR_JP: 448 obs
2026-05-31 07:37:54,931 INFO   OECD_STIR_JP: 288 obs
2026-05-31 07:37:58,030 INFO   OECD_GDP_REAL_GB: 285 obs
2026-05-31 07:38:00,193 INFO   OECD_CPI_YOY_GB: 844 obs
2026-05-31 07:38:02,685 INFO   OECD_UNEMP_GB: 517 obs
2026-05-31 07:38:06,036 INFO   OECD_CLI_GB: 821 obs
2026-05-31 07:38:08,573 INFO   OECD_LTIR_GB: 796 obs
2026-05-31 07:38:11,477 INFO   OECD_STIR_GB: 482 obs
2026-05-31 07:38:14,075 INFO   OECD_GDP_REAL_DE: 265 obs
2026-05-31 07:38:16,789 INFO   OECD_CPI_YOY_DE: 844 obs
2026-05-31 07:38:19,780 INFO   OECD_UNEMP_DE: 423 obs
2026-05-31 07:38:22,112 INFO   OECD_CLI_DE: 784 obs
2026-05-31 07:38:25,379 INFO   OECD_LTIR_DE: 840 obs
2026-05-31 07:38:26,236 INFO   OECD_STIR_DE: 796 obs
2026-05-31 07:38:29,738 INFO   OECD_GDP_REAL_CA: 261 obs
2026-05-31 07:38:32,147 INFO   OECD_CPI_YOY_CA: 916 obs
2026-05-31 07:38:34,690 INFO   OECD_UNEMP_CA: 856 obs
2026-05-31 07:38:37,165 INFO   OECD_CLI_CA: 844 obs
2026-05-31 07:38:40,555 INFO   OECD_LTIR_CA: 857 obs
2026-05-31 07:38:43,648 INFO   OECD_STIR_CA: 844 obs
2026-05-31 07:38:45,801 INFO   OECD_CPI_YOY_CN: 472 obs
2026-05-31 07:38:48,772 INFO   OECD_CLI_CN: 408 obs
2026-05-31 07:38:53,814 INFO   OECD_LTIR_CN: 147 obs
2026-05-31 07:38:59,368 INFO   OECD_STIR_CN: 345 obs
2026-06-03 22:54:38,926 INFO   OECD_GDP_REAL_US: 317 obs
2026-06-03 22:55:03,773 INFO   OECD_CPI_YOY_US: 843 obs
2026-06-03 22:55:54,554 INFO   OECD_UNEMP_US: 855 obs
2026-06-03 22:56:09,844 INFO   OECD_CLI_US: 856 obs
2026-06-03 22:56:19,840 INFO   OECD_LTIR_US: 868 obs
2026-06-03 22:56:28,332 INFO   OECD_STIR_US: 742 obs
2026-06-03 22:57:28,289 INFO   OECD_CPI_YOY_EA: 420 obs
2026-06-03 22:57:50,945 INFO   OECD_GDP_REAL_JP: 265 obs
2026-06-03 23:00:19,338 INFO   OECD_CPI_YOY_JP: 786 obs
2026-06-03 23:00:30,930 INFO   OECD_UNEMP_JP: 856 obs
2026-06-03 23:00:35,362 INFO   OECD_CLI_JP: 808 obs
2026-06-03 23:00:39,329 INFO   OECD_LTIR_JP: 448 obs
2026-06-03 23:00:40,136 INFO   OECD_STIR_JP: 289 obs
2026-06-03 23:00:43,551 INFO   OECD_GDP_REAL_GB: 285 obs
2026-06-03 23:00:53,342 INFO   OECD_CPI_YOY_GB: 844 obs
2026-06-03 23:01:37,112 INFO   OECD_UNEMP_GB: 517 obs
2026-06-03 23:01:45,853 INFO   OECD_CLI_GB: 821 obs
2026-06-03 23:01:52,262 INFO   OECD_LTIR_GB: 796 obs
2026-06-03 23:01:54,527 INFO   OECD_STIR_GB: 482 obs
2026-06-03 23:02:01,111 INFO   OECD_GDP_REAL_DE: 265 obs
2026-06-03 23:02:04,678 INFO   OECD_CPI_YOY_DE: 844 obs
2026-06-03 23:02:10,688 INFO   OECD_UNEMP_DE: 424 obs
2026-06-03 23:02:14,030 INFO   OECD_CLI_DE: 784 obs
2026-06-03 23:02:20,734 INFO   OECD_LTIR_DE: 840 obs
2026-06-03 23:02:28,200 INFO   OECD_STIR_DE: 796 obs
2026-06-03 23:02:34,295 INFO   OECD_GDP_REAL_CA: 261 obs
2026-06-03 23:02:38,369 INFO   OECD_CPI_YOY_CA: 916 obs
2026-06-03 23:02:43,523 INFO   OECD_UNEMP_CA: 856 obs
2026-06-03 23:02:46,327 INFO   OECD_CLI_CA: 844 obs
2026-06-03 23:02:49,798 INFO   OECD_LTIR_CA: 857 obs
2026-06-03 23:02:53,049 INFO   OECD_STIR_CA: 844 obs
2026-06-03 23:03:05,318 INFO   OECD_CPI_YOY_CN: 472 obs
2026-06-03 23:03:10,719 INFO   OECD_CLI_CN: 408 obs
2026-06-03 23:03:13,674 INFO   OECD_LTIR_CN: 147 obs
2026-06-03 23:03:34,139 INFO   OECD_STIR_CN: 345 obs
2026-06-04 07:00:11,524 INFO   OECD_GDP_REAL_US: 317 obs
2026-06-04 07:00:15,427 INFO   OECD_CPI_YOY_US: 843 obs
2026-06-04 07:00:16,941 INFO   OECD_UNEMP_US: 855 obs
2026-06-04 07:00:21,486 INFO   OECD_CLI_US: 856 obs
2026-06-04 07:00:22,612 INFO   OECD_LTIR_US: 868 obs
2026-06-04 07:00:23,633 INFO   OECD_STIR_US: 742 obs
2026-06-04 07:00:26,906 INFO   OECD_CPI_YOY_EA: 420 obs
2026-06-04 07:00:32,294 INFO   OECD_GDP_REAL_JP: 265 obs
2026-06-04 07:10:10,968 INFO   OECD_CPI_YOY_JP: 786 obs
2026-06-04 07:10:26,831 INFO   OECD_UNEMP_JP: 856 obs
2026-06-04 07:10:31,865 INFO   OECD_CLI_JP: 808 obs
2026-06-04 07:10:38,146 INFO   OECD_LTIR_JP: 448 obs
2026-06-04 07:10:38,980 INFO   OECD_STIR_JP: 289 obs
2026-06-04 07:10:42,785 INFO   OECD_GDP_REAL_GB: 285 obs
2026-06-04 07:10:45,906 INFO   OECD_CPI_YOY_GB: 844 obs
2026-06-04 07:25:51,002 INFO   OECD_UNEMP_GB: 517 obs
2026-06-04 07:25:54,952 INFO   OECD_CLI_GB: 821 obs
2026-06-04 07:25:57,917 INFO   OECD_LTIR_GB: 796 obs
2026-06-04 07:26:01,407 INFO   OECD_STIR_GB: 482 obs
2026-06-04 07:26:04,060 INFO   OECD_GDP_REAL_DE: 265 obs
2026-06-04 07:26:09,855 INFO   OECD_CPI_YOY_DE: 844 obs
2026-06-04 07:26:18,629 INFO   OECD_UNEMP_DE: 424 obs
2026-06-04 07:26:25,351 INFO   OECD_CLI_DE: 784 obs
2026-06-04 07:26:35,697 INFO   OECD_LTIR_DE: 840 obs
2026-06-04 07:26:37,233 INFO   OECD_STIR_DE: 796 obs
2026-06-04 07:26:44,051 INFO   OECD_GDP_REAL_CA: 261 obs
2026-06-04 07:27:02,686 INFO   OECD_CPI_YOY_CA: 916 obs
2026-06-04 07:27:05,814 INFO   OECD_UNEMP_CA: 856 obs
2026-06-04 07:27:09,294 INFO   OECD_CLI_CA: 844 obs
2026-06-04 07:27:13,211 INFO   OECD_LTIR_CA: 857 obs
2026-06-04 07:27:16,861 INFO   OECD_STIR_CA: 844 obs
2026-06-04 07:27:19,716 INFO   OECD_CPI_YOY_CN: 472 obs
2026-06-04 07:27:22,981 INFO   OECD_CLI_CN: 408 obs
2026-06-04 07:27:26,477 INFO   OECD_LTIR_CN: 147 obs
2026-06-04 07:27:28,950 INFO   OECD_STIR_CN: 345 obs
2026-06-05 06:33:01,249 INFO   OECD_GDP_REAL_US: 317 obs
2026-06-05 06:33:04,733 INFO   OECD_CPI_YOY_US: 843 obs
2026-06-05 06:33:12,241 INFO   OECD_UNEMP_US: 855 obs
2026-06-05 06:41:52,365 INFO   OECD_CLI_US: 856 obs
2026-06-05 06:42:04,971 INFO   OECD_LTIR_US: 869 obs
2026-06-05 06:42:08,861 INFO   OECD_STIR_US: 742 obs
2026-06-05 06:42:15,976 INFO   OECD_CPI_YOY_EA: 420 obs
2026-06-05 06:42:25,272 INFO   OECD_GDP_REAL_JP: 265 obs
2026-06-05 06:42:36,251 INFO   OECD_CPI_YOY_JP: 786 obs
2026-06-05 06:42:47,592 INFO   OECD_UNEMP_JP: 856 obs
2026-06-05 06:42:54,949 INFO   OECD_CLI_JP: 808 obs
2026-06-05 06:43:02,757 INFO   OECD_LTIR_JP: 449 obs
2026-06-05 06:43:05,891 INFO   OECD_STIR_JP: 289 obs
2026-06-05 06:43:17,141 INFO   OECD_GDP_REAL_GB: 285 obs
2026-06-05 06:43:29,217 INFO   OECD_CPI_YOY_GB: 844 obs
2026-06-05 06:43:32,510 INFO   OECD_UNEMP_GB: 517 obs
2026-06-05 06:43:40,151 INFO   OECD_CLI_GB: 821 obs
2026-06-05 06:43:45,553 INFO   OECD_LTIR_GB: 797 obs
2026-06-05 06:43:53,134 INFO   OECD_STIR_GB: 482 obs
2026-06-05 06:44:01,323 INFO   OECD_GDP_REAL_DE: 265 obs
2026-06-05 06:44:09,435 INFO   OECD_CPI_YOY_DE: 844 obs
2026-06-05 06:44:17,947 INFO   OECD_UNEMP_DE: 424 obs
2026-06-05 06:44:20,516 INFO   OECD_CLI_DE: 784 obs
2026-06-05 06:44:23,764 INFO   OECD_LTIR_DE: 841 obs
2026-06-05 06:44:25,085 INFO   OECD_STIR_DE: 797 obs
2026-06-05 06:44:29,163 INFO   OECD_GDP_REAL_CA: 261 obs
2026-06-05 06:44:32,622 INFO   OECD_CPI_YOY_CA: 916 obs
2026-06-05 06:44:36,119 INFO   OECD_UNEMP_CA: 856 obs
2026-06-05 06:44:38,861 INFO   OECD_CLI_CA: 844 obs
2026-06-05 06:44:42,202 INFO   OECD_LTIR_CA: 857 obs
2026-06-05 06:44:45,845 INFO   OECD_STIR_CA: 844 obs
2026-06-05 06:44:47,970 INFO   OECD_CPI_YOY_CN: 472 obs
2026-06-05 06:44:50,886 INFO   OECD_CLI_CN: 408 obs
2026-06-05 06:44:53,133 INFO   OECD_LTIR_CN: 147 obs
2026-06-05 06:44:56,335 INFO   OECD_STIR_CN: 345 obs
2026-06-08 20:32:23,949 INFO   OECD_GDP_REAL_US: 317 obs
2026-06-08 20:32:47,100 INFO   OECD_CPI_YOY_US: 843 obs
2026-06-08 20:33:05,399 INFO   OECD_UNEMP_US: 856 obs
2026-06-08 20:33:26,099 INFO   OECD_CLI_US: 857 obs
2026-06-08 20:33:28,012 INFO   OECD_LTIR_US: 869 obs
2026-06-08 20:33:41,240 INFO   OECD_STIR_US: 743 obs
2026-06-08 20:33:51,750 INFO   OECD_CPI_YOY_EA: 420 obs
2026-06-08 20:34:06,821 INFO   OECD_GDP_REAL_JP: 265 obs
2026-06-08 20:34:39,888 INFO   OECD_CPI_YOY_JP: 786 obs
2026-06-08 20:36:26,496 INFO   OECD_UNEMP_JP: 856 obs
2026-06-08 20:38:06,421 INFO   OECD_CLI_JP: 809 obs
2026-06-08 20:38:44,577 INFO   OECD_LTIR_JP: 449 obs
2026-06-08 20:39:01,315 INFO   OECD_STIR_JP: 289 obs
2026-06-08 20:39:24,294 INFO   OECD_GDP_REAL_GB: 285 obs
2026-06-08 20:41:03,269 INFO   OECD_CPI_YOY_GB: 844 obs
2026-06-08 20:42:39,337 INFO   OECD_UNEMP_GB: 517 obs
2026-06-08 20:44:01,803 INFO   OECD_CLI_GB: 822 obs
2026-06-08 20:44:31,554 INFO   OECD_LTIR_GB: 797 obs
2026-06-08 20:44:41,650 INFO   OECD_STIR_GB: 482 obs
2026-06-08 20:44:56,266 INFO   OECD_GDP_REAL_DE: 265 obs
2026-06-08 20:46:19,840 INFO   OECD_CPI_YOY_DE: 844 obs
2026-06-08 20:47:10,235 INFO   OECD_UNEMP_DE: 424 obs
2026-06-08 20:47:49,121 INFO   OECD_CLI_DE: 785 obs
2026-06-08 20:49:18,821 INFO   OECD_LTIR_DE: 841 obs
2026-06-08 20:49:38,524 INFO   OECD_STIR_DE: 797 obs
2026-06-08 20:49:45,511 INFO   OECD_GDP_REAL_CA: 261 obs
2026-06-08 20:49:58,295 INFO   OECD_CPI_YOY_CA: 916 obs
2026-06-08 20:50:43,768 INFO   OECD_UNEMP_CA: 857 obs
2026-06-08 20:51:02,697 INFO   OECD_CLI_CA: 845 obs
2026-06-08 20:51:12,792 INFO   OECD_LTIR_CA: 857 obs
2026-06-08 20:51:21,903 INFO   OECD_STIR_CA: 845 obs
2026-06-08 20:51:29,679 INFO   OECD_CPI_YOY_CN: 472 obs
2026-06-08 20:51:38,930 INFO   OECD_CLI_CN: 409 obs
2026-06-08 20:52:23,039 INFO   OECD_LTIR_CN: 147 obs
2026-06-08 20:52:27,894 INFO   OECD_STIR_CN: 345 obs
2026-06-09 14:28:37,835 INFO   OECD_GDP_REAL_US: 317 obs
2026-06-09 14:28:54,887 INFO   OECD_CPI_YOY_US: 843 obs
2026-06-09 14:28:58,666 INFO   OECD_UNEMP_US: 856 obs
2026-06-09 14:29:06,115 INFO   OECD_CLI_US: 857 obs
2026-06-09 14:29:44,905 INFO   OECD_LTIR_US: 869 obs
2026-06-09 14:30:12,292 INFO   OECD_STIR_US: 743 obs
2026-06-09 14:30:19,851 INFO   OECD_CPI_YOY_EA: 420 obs
2026-06-09 14:30:31,868 INFO   OECD_GDP_REAL_JP: 265 obs
2026-06-09 14:31:04,084 INFO   OECD_CPI_YOY_JP: 786 obs
2026-06-09 14:31:21,679 INFO   OECD_UNEMP_JP: 856 obs
2026-06-09 14:31:37,043 INFO   OECD_CLI_JP: 809 obs
2026-06-09 14:31:43,375 INFO   OECD_LTIR_JP: 449 obs
2026-06-09 14:31:44,249 INFO   OECD_STIR_JP: 289 obs
2026-06-09 14:31:57,876 INFO   OECD_GDP_REAL_GB: 285 obs
2026-06-09 14:32:06,056 INFO   OECD_CPI_YOY_GB: 844 obs
2026-06-09 14:32:09,964 INFO   OECD_UNEMP_GB: 517 obs
2026-06-09 14:32:14,478 INFO   OECD_CLI_GB: 822 obs
2026-06-09 14:32:17,515 INFO   OECD_LTIR_GB: 797 obs
2026-06-09 14:32:21,401 INFO   OECD_STIR_GB: 482 obs
2026-06-09 14:32:25,404 INFO   OECD_GDP_REAL_DE: 265 obs
2026-06-09 14:32:28,292 INFO   OECD_CPI_YOY_DE: 844 obs
2026-06-09 14:32:32,478 INFO   OECD_UNEMP_DE: 424 obs
2026-06-09 14:32:37,018 INFO   OECD_CLI_DE: 785 obs
2026-06-09 14:32:40,551 INFO   OECD_LTIR_DE: 841 obs
2026-06-09 14:32:43,944 INFO   OECD_STIR_DE: 797 obs
2026-06-09 14:32:46,399 INFO   OECD_GDP_REAL_CA: 261 obs
2026-06-09 14:32:50,062 INFO   OECD_CPI_YOY_CA: 916 obs
2026-06-09 14:32:53,128 INFO   OECD_UNEMP_CA: 857 obs
2026-06-09 14:32:55,897 INFO   OECD_CLI_CA: 845 obs
2026-06-09 14:32:59,715 INFO   OECD_LTIR_CA: 857 obs
2026-06-09 14:33:03,374 INFO   OECD_STIR_CA: 845 obs
2026-06-09 14:33:06,802 INFO   OECD_CPI_YOY_CN: 472 obs
2026-06-09 14:33:10,588 INFO   OECD_CLI_CN: 409 obs
2026-06-09 14:33:13,067 INFO   OECD_LTIR_CN: 148 obs
2026-06-09 14:33:16,323 INFO   OECD_STIR_CN: 346 obs
2026-06-10 06:59:57,409 INFO   OECD_GDP_REAL_US: 317 obs
2026-06-10 07:00:10,448 INFO   OECD_CPI_YOY_US: 843 obs
2026-06-10 07:00:15,316 INFO   OECD_UNEMP_US: 856 obs
2026-06-10 07:00:26,305 INFO   OECD_CLI_US: 857 obs
2026-06-10 07:00:27,595 INFO   OECD_LTIR_US: 869 obs
2026-06-10 07:00:29,393 INFO   OECD_STIR_US: 743 obs
2026-06-10 07:03:27,867 INFO   OECD_CPI_YOY_EA: 420 obs
2026-06-10 07:03:36,374 INFO   OECD_GDP_REAL_JP: 265 obs
2026-06-10 07:22:33,737 INFO   OECD_CPI_YOY_JP: 786 obs
2026-06-10 07:22:37,425 INFO   OECD_UNEMP_JP: 856 obs
2026-06-10 07:22:46,054 INFO   OECD_CLI_JP: 809 obs
2026-06-10 07:22:53,023 INFO   OECD_LTIR_JP: 449 obs
2026-06-10 07:22:53,759 INFO   OECD_STIR_JP: 289 obs
2026-06-10 07:29:49,370 INFO   OECD_GDP_REAL_GB: 285 obs
2026-06-10 07:30:49,113 INFO   OECD_CPI_YOY_GB: 844 obs
2026-06-10 07:30:58,451 INFO   OECD_UNEMP_GB: 517 obs
2026-06-10 07:31:09,417 INFO   OECD_CLI_GB: 822 obs
2026-06-10 07:32:08,517 INFO   OECD_LTIR_GB: 797 obs
2026-06-10 07:32:12,588 INFO   OECD_STIR_GB: 482 obs
2026-06-10 07:32:15,090 INFO   OECD_GDP_REAL_DE: 265 obs
2026-06-10 07:32:19,779 INFO   OECD_CPI_YOY_DE: 844 obs
2026-06-10 07:32:22,665 INFO   OECD_UNEMP_DE: 424 obs
2026-06-10 07:32:26,308 INFO   OECD_CLI_DE: 785 obs
2026-06-10 07:32:32,045 INFO   OECD_LTIR_DE: 841 obs
2026-06-10 07:33:44,370 INFO   OECD_STIR_DE: 797 obs
2026-06-10 07:33:50,524 INFO   OECD_GDP_REAL_CA: 261 obs
2026-06-10 07:34:00,778 INFO   OECD_CPI_YOY_CA: 916 obs
2026-06-10 07:34:05,357 INFO   OECD_UNEMP_CA: 857 obs
2026-06-10 07:34:11,228 INFO   OECD_CLI_CA: 845 obs
2026-06-10 07:34:15,900 INFO   OECD_LTIR_CA: 857 obs
2026-06-10 07:34:24,367 INFO   OECD_STIR_CA: 845 obs
2026-06-10 07:34:49,116 INFO   OECD_CPI_YOY_CN: 472 obs
2026-06-10 07:34:51,491 INFO   OECD_CLI_CN: 409 obs
2026-06-10 07:34:54,567 INFO   OECD_LTIR_CN: 148 obs
2026-06-10 07:34:59,741 INFO   OECD_STIR_CN: 346 obs
2026-06-12 06:30:14,845 INFO   OECD_GDP_REAL_US: 317 obs
2026-06-12 06:30:18,426 INFO   OECD_CPI_YOY_US: 844 obs
2026-06-12 06:30:21,709 INFO   OECD_UNEMP_US: 856 obs
2026-06-12 06:30:26,402 INFO   OECD_CLI_US: 857 obs
2026-06-12 06:30:27,273 INFO   OECD_LTIR_US: 869 obs
2026-06-12 06:30:28,151 INFO   OECD_STIR_US: 743 obs
2026-06-12 06:30:31,009 INFO   OECD_CPI_YOY_EA: 420 obs
2026-06-12 06:30:34,439 INFO   OECD_GDP_REAL_JP: 265 obs
2026-06-12 06:30:38,912 INFO   OECD_CPI_YOY_JP: 786 obs
2026-06-12 06:30:42,029 INFO   OECD_UNEMP_JP: 856 obs
2026-06-12 06:30:45,629 INFO   OECD_CLI_JP: 809 obs
2026-06-12 06:30:50,743 INFO   OECD_LTIR_JP: 449 obs
2026-06-12 06:30:51,334 INFO   OECD_STIR_JP: 289 obs
2026-06-12 06:30:54,523 INFO   OECD_GDP_REAL_GB: 285 obs
2026-06-12 06:30:58,332 INFO   OECD_CPI_YOY_GB: 844 obs
2026-06-12 06:31:01,785 INFO   OECD_UNEMP_GB: 517 obs
2026-06-12 06:31:05,351 INFO   OECD_CLI_GB: 822 obs
2026-06-12 06:31:08,594 INFO   OECD_LTIR_GB: 797 obs
2026-06-12 06:31:11,068 INFO   OECD_STIR_GB: 482 obs
2026-06-12 06:31:13,833 INFO   OECD_GDP_REAL_DE: 265 obs
2026-06-12 06:31:18,620 INFO   OECD_CPI_YOY_DE: 844 obs
2026-06-12 06:31:24,565 INFO   OECD_UNEMP_DE: 424 obs
2026-06-12 06:31:27,941 INFO   OECD_CLI_DE: 785 obs
2026-06-12 06:31:31,474 INFO   OECD_LTIR_DE: 841 obs
2026-06-12 06:31:32,338 INFO   OECD_STIR_DE: 797 obs
2026-06-12 06:31:36,943 INFO   OECD_GDP_REAL_CA: 261 obs
2026-06-12 06:31:40,191 INFO   OECD_CPI_YOY_CA: 916 obs
2026-06-12 06:31:45,022 INFO   OECD_UNEMP_CA: 857 obs
2026-06-12 06:31:48,373 INFO   OECD_CLI_CA: 845 obs
2026-06-12 06:31:51,075 INFO   OECD_LTIR_CA: 857 obs
2026-06-12 06:31:56,492 INFO   OECD_STIR_CA: 845 obs
2026-06-12 06:31:59,069 INFO   OECD_CPI_YOY_CN: 473 obs
2026-06-12 06:32:01,547 INFO   OECD_CLI_CN: 409 obs
2026-06-12 06:32:06,358 INFO   OECD_LTIR_CN: 148 obs
2026-06-12 06:32:10,632 INFO   OECD_STIR_CN: 346 obs
2026-06-13 16:06:57,048 INFO   OECD_GDP_REAL_US: 317 obs
2026-06-13 16:07:08,618 INFO   OECD_CPI_YOY_US: 844 obs
2026-06-13 16:07:10,015 INFO   OECD_UNEMP_US: 856 obs
2026-06-13 16:07:13,865 INFO   OECD_CLI_US: 857 obs
2026-06-13 16:07:14,752 INFO   OECD_LTIR_US: 869 obs
2026-06-13 16:07:15,955 INFO   OECD_STIR_US: 743 obs
2026-06-13 16:07:19,003 INFO   OECD_CPI_YOY_EA: 420 obs
2026-06-13 16:07:22,821 INFO   OECD_GDP_REAL_JP: 265 obs
2026-06-13 16:07:26,849 INFO   OECD_CPI_YOY_JP: 786 obs
2026-06-13 16:07:30,324 INFO   OECD_UNEMP_JP: 856 obs
2026-06-13 16:07:33,888 INFO   OECD_CLI_JP: 809 obs
2026-06-13 16:07:36,978 INFO   OECD_LTIR_JP: 449 obs
2026-06-13 16:07:37,914 INFO   OECD_STIR_JP: 289 obs
2026-06-13 16:07:41,305 INFO   OECD_GDP_REAL_GB: 285 obs
2026-06-13 16:07:48,805 INFO   OECD_CPI_YOY_GB: 844 obs
2026-06-13 16:07:56,991 INFO   OECD_UNEMP_GB: 517 obs
2026-06-13 16:08:01,992 INFO   OECD_CLI_GB: 822 obs
2026-06-13 16:08:05,724 INFO   OECD_LTIR_GB: 797 obs
2026-06-13 16:08:09,474 INFO   OECD_STIR_GB: 482 obs
2026-06-13 16:08:13,287 INFO   OECD_GDP_REAL_DE: 265 obs
2026-06-13 16:08:21,300 INFO   OECD_CPI_YOY_DE: 844 obs
2026-06-13 16:08:41,490 INFO   OECD_UNEMP_DE: 424 obs
2026-06-13 16:09:08,388 INFO   OECD_CLI_DE: 785 obs
2026-06-13 16:09:22,691 INFO   OECD_LTIR_DE: 841 obs
2026-06-13 16:09:31,638 INFO   OECD_STIR_DE: 797 obs
2026-06-13 16:09:42,709 INFO   OECD_GDP_REAL_CA: 261 obs
2026-06-13 16:09:48,457 INFO   OECD_CPI_YOY_CA: 916 obs
2026-06-13 16:09:54,159 INFO   OECD_UNEMP_CA: 857 obs
2026-06-13 16:10:01,144 INFO   OECD_CLI_CA: 845 obs
2026-06-13 16:10:40,374 INFO   OECD_LTIR_CA: 857 obs
2026-06-13 16:11:26,460 INFO   OECD_STIR_CA: 845 obs
2026-06-13 16:11:30,910 INFO   OECD_CPI_YOY_CN: 473 obs
2026-06-13 16:12:08,691 INFO   OECD_CLI_CN: 409 obs
2026-06-13 16:12:17,641 INFO   OECD_LTIR_CN: 148 obs
2026-06-13 16:12:20,934 INFO   OECD_STIR_CN: 346 obs
2026-06-14 11:25:13,135 INFO   OECD_GDP_REAL_US: 317 obs
2026-06-14 11:25:15,962 INFO   OECD_CPI_YOY_US: 844 obs
2026-06-14 11:25:20,172 INFO   OECD_UNEMP_US: 856 obs
2026-06-14 11:25:23,601 INFO   OECD_CLI_US: 857 obs
2026-06-14 11:25:24,500 INFO   OECD_LTIR_US: 869 obs
2026-06-14 11:25:25,363 INFO   OECD_STIR_US: 743 obs
2026-06-14 11:25:28,212 INFO   OECD_CPI_YOY_EA: 420 obs
2026-06-14 11:25:31,682 INFO   OECD_GDP_REAL_JP: 265 obs
2026-06-14 11:25:34,752 INFO   OECD_CPI_YOY_JP: 786 obs
2026-06-14 11:25:37,479 INFO   OECD_UNEMP_JP: 856 obs
2026-06-14 11:25:41,200 INFO   OECD_CLI_JP: 809 obs
2026-06-14 11:25:44,108 INFO   OECD_LTIR_JP: 449 obs
2026-06-14 11:25:44,743 INFO   OECD_STIR_JP: 289 obs
2026-06-14 11:25:47,336 INFO   OECD_GDP_REAL_GB: 285 obs
2026-06-14 11:25:48,622 INFO   OECD_CPI_YOY_GB: 844 obs
2026-06-14 11:25:51,877 INFO   OECD_UNEMP_GB: 517 obs
2026-06-14 11:25:55,529 INFO   OECD_CLI_GB: 822 obs
2026-06-14 11:25:59,030 INFO   OECD_LTIR_GB: 797 obs
2026-06-14 11:26:02,604 INFO   OECD_STIR_GB: 482 obs
2026-06-14 11:26:05,257 INFO   OECD_GDP_REAL_DE: 265 obs
2026-06-14 11:26:08,319 INFO   OECD_CPI_YOY_DE: 844 obs
2026-06-14 11:26:11,200 INFO   OECD_UNEMP_DE: 424 obs
2026-06-14 11:26:28,968 INFO   OECD_CLI_DE: 785 obs
2026-06-14 11:27:07,792 INFO   OECD_LTIR_DE: 841 obs
2026-06-14 11:27:43,418 INFO   OECD_STIR_DE: 797 obs
2026-06-14 11:28:10,707 INFO   OECD_GDP_REAL_CA: 261 obs
2026-06-14 11:29:00,686 INFO   OECD_CPI_YOY_CA: 916 obs
2026-06-14 11:29:11,215 INFO   OECD_UNEMP_CA: 857 obs
2026-06-14 11:29:15,093 INFO   OECD_CLI_CA: 845 obs
2026-06-14 11:29:19,504 INFO   OECD_LTIR_CA: 857 obs
2026-06-14 11:29:22,868 INFO   OECD_STIR_CA: 845 obs
2026-06-14 11:29:26,026 INFO   OECD_CPI_YOY_CN: 473 obs
2026-06-14 11:29:29,273 INFO   OECD_CLI_CN: 409 obs
2026-06-14 11:29:32,575 INFO   OECD_LTIR_CN: 148 obs
2026-06-14 11:29:35,739 INFO   OECD_STIR_CN: 346 obs
2026-06-15 06:31:37,445 INFO   OECD_GDP_REAL_US: 317 obs
2026-06-15 06:31:41,689 INFO   OECD_CPI_YOY_US: 844 obs
2026-06-15 06:31:45,966 INFO   OECD_UNEMP_US: 856 obs
2026-06-15 06:31:56,057 INFO   OECD_CLI_US: 857 obs
2026-06-15 06:31:59,954 INFO   OECD_LTIR_US: 869 obs
2026-06-15 06:32:01,402 INFO   OECD_STIR_US: 743 obs
2026-06-15 06:32:03,888 INFO   OECD_CPI_YOY_EA: 420 obs
2026-06-15 06:32:06,913 INFO   OECD_GDP_REAL_JP: 265 obs
2026-06-15 06:32:10,717 INFO   OECD_CPI_YOY_JP: 786 obs
2026-06-15 06:32:16,530 INFO   OECD_UNEMP_JP: 856 obs
2026-06-15 06:32:21,348 INFO   OECD_CLI_JP: 809 obs
2026-06-15 06:32:24,928 INFO   OECD_LTIR_JP: 449 obs
2026-06-15 06:32:25,957 INFO   OECD_STIR_JP: 289 obs
2026-06-15 06:32:29,550 INFO   OECD_GDP_REAL_GB: 285 obs
2026-06-15 06:32:32,522 INFO   OECD_CPI_YOY_GB: 844 obs
2026-06-15 06:32:35,946 INFO   OECD_UNEMP_GB: 517 obs
2026-06-15 06:32:41,938 INFO   OECD_CLI_GB: 822 obs
2026-06-15 06:32:51,553 INFO   OECD_LTIR_GB: 797 obs
2026-06-15 06:32:59,588 INFO   OECD_STIR_GB: 482 obs
2026-06-15 06:33:03,333 INFO   OECD_GDP_REAL_DE: 265 obs
2026-06-15 06:33:06,478 INFO   OECD_CPI_YOY_DE: 844 obs
2026-06-15 06:33:11,245 INFO   OECD_UNEMP_DE: 424 obs
2026-06-15 06:33:16,671 INFO   OECD_CLI_DE: 785 obs
2026-06-15 06:33:23,652 INFO   OECD_LTIR_DE: 841 obs
2026-06-15 06:33:34,919 INFO   OECD_STIR_DE: 797 obs
2026-06-15 06:33:54,056 INFO   OECD_GDP_REAL_CA: 261 obs
2026-06-15 06:33:57,536 INFO   OECD_CPI_YOY_CA: 916 obs
2026-06-15 06:34:01,464 INFO   OECD_UNEMP_CA: 857 obs
2026-06-15 06:34:09,830 INFO   OECD_CLI_CA: 845 obs
2026-06-15 06:34:16,221 INFO   OECD_LTIR_CA: 857 obs
2026-06-15 06:34:21,265 INFO   OECD_STIR_CA: 845 obs
2026-06-15 06:34:24,497 INFO   OECD_CPI_YOY_CN: 473 obs
2026-06-15 06:35:18,133 INFO   OECD_CLI_CN: 409 obs
2026-06-15 06:35:23,135 INFO   OECD_LTIR_CN: 148 obs
Traceback (most recent call last):
  File "/Users/bob/LHM/Scripts/data_pipeline/lighthouse/openbb_oecd_feed.py", line 226, in <module>
    main()
    ~~~~^^
  File "/Users/bob/LHM/Scripts/data_pipeline/lighthouse/openbb_oecd_feed.py", line 219, in main
    series, obs = fetcher.fetch_all()
                  ~~~~~~~~~~~~~~~~~^^
  File "/Users/bob/LHM/Scripts/data_pipeline/lighthouse/openbb_oecd_feed.py", line 198, in fetch_all
    s, o = self._store_series(series_id, title, freq, units, cat,
           ~~~~~~~~~~~~~~~~~~^^^^^^^^^^^^^^^^^^^^^^^^^^^^^^^^^^^^
                              scale, data)
                              ^^^^^^^^^^^^
  File "/Users/bob/LHM/Scripts/data_pipeline/lighthouse/openbb_oecd_feed.py", line 139, in _store_series
    c.executemany(
    ~~~~~~~~~~~~~^
        "INSERT OR REPLACE INTO observations VALUES (?,?,?)", obs_list
        ^^^^^^^^^^^^^^^^^^^^^^^^^^^^^^^^^^^^^^^^^^^^^^^^^^^^^^^^^^^^^^
    )
    ^
sqlite3.OperationalError: database is locked
2026-06-16 06:31:13,831 INFO   OECD_GDP_REAL_US: 317 obs
2026-06-16 06:31:23,976 INFO   OECD_CPI_YOY_US: 844 obs
2026-06-16 06:32:31,701 INFO   OECD_UNEMP_US: 856 obs
2026-06-16 06:33:12,277 INFO   OECD_CLI_US: 857 obs
2026-06-16 06:33:45,939 INFO   OECD_LTIR_US: 869 obs
2026-06-16 06:34:09,870 INFO   OECD_STIR_US: 743 obs
2026-06-16 06:34:19,513 INFO   OECD_CPI_YOY_EA: 420 obs
2026-06-16 06:34:25,871 INFO   OECD_GDP_REAL_JP: 265 obs
2026-06-16 06:35:11,884 INFO   OECD_CPI_YOY_JP: 786 obs
2026-06-16 06:35:29,496 INFO   OECD_UNEMP_JP: 856 obs
2026-06-16 06:35:44,286 INFO   OECD_CLI_JP: 809 obs
2026-06-16 06:35:49,842 INFO   OECD_LTIR_JP: 449 obs
2026-06-16 06:35:51,403 INFO   OECD_STIR_JP: 289 obs
2026-06-16 06:35:59,312 INFO   OECD_GDP_REAL_GB: 285 obs
2026-06-16 06:36:08,149 INFO   OECD_CPI_YOY_GB: 844 obs
2026-06-16 06:36:14,448 INFO   OECD_UNEMP_GB: 517 obs
2026-06-16 06:36:48,380 INFO   OECD_CLI_GB: 822 obs
2026-06-16 06:37:40,867 INFO   OECD_LTIR_GB: 797 obs
2026-06-16 06:38:19,948 INFO   OECD_STIR_GB: 482 obs
2026-06-16 06:38:44,665 INFO   OECD_GDP_REAL_DE: 265 obs
2026-06-16 06:38:48,973 INFO   OECD_CPI_YOY_DE: 844 obs
2026-06-16 06:38:53,344 INFO   OECD_UNEMP_DE: 424 obs
2026-06-16 06:38:58,222 INFO   OECD_CLI_DE: 785 obs
2026-06-16 06:39:06,568 INFO   OECD_LTIR_DE: 841 obs
2026-06-16 06:39:07,819 INFO   OECD_STIR_DE: 797 obs
2026-06-16 06:39:12,048 INFO   OECD_GDP_REAL_CA: 261 obs
2026-06-16 06:39:19,528 INFO   OECD_CPI_YOY_CA: 916 obs
2026-06-16 06:39:23,565 INFO   OECD_UNEMP_CA: 857 obs
2026-06-16 06:39:27,280 INFO   OECD_CLI_CA: 845 obs
2026-06-16 06:39:31,465 INFO   OECD_LTIR_CA: 857 obs
2026-06-16 06:39:35,381 INFO   OECD_STIR_CA: 845 obs
2026-06-16 06:39:38,320 INFO   OECD_CPI_YOY_CN: 473 obs
2026-06-16 06:39:41,397 INFO   OECD_CLI_CN: 409 obs
2026-06-16 06:39:44,597 INFO   OECD_LTIR_CN: 148 obs
2026-06-16 06:39:48,791 INFO   OECD_STIR_CN: 346 obs
2026-06-17 06:30:24,686 INFO   OECD_GDP_REAL_US: 317 obs
2026-06-17 06:30:26,326 INFO   OECD_CPI_YOY_US: 844 obs
2026-06-17 06:30:30,255 INFO   OECD_UNEMP_US: 856 obs
2026-06-17 06:30:33,680 INFO   OECD_CLI_US: 857 obs
2026-06-17 06:30:34,675 INFO   OECD_LTIR_US: 869 obs
2026-06-17 06:30:35,635 INFO   OECD_STIR_US: 743 obs
2026-06-17 06:30:37,968 INFO   OECD_CPI_YOY_EA: 420 obs
2026-06-17 06:30:41,899 INFO   OECD_GDP_REAL_JP: 265 obs
2026-06-17 06:30:45,765 INFO   OECD_CPI_YOY_JP: 786 obs
2026-06-17 06:30:50,951 INFO   OECD_UNEMP_JP: 856 obs
2026-06-17 06:30:54,621 INFO   OECD_CLI_JP: 809 obs
2026-06-17 06:30:58,064 INFO   OECD_LTIR_JP: 449 obs
2026-06-17 06:31:01,476 INFO   OECD_STIR_JP: 289 obs
2026-06-17 06:31:04,903 INFO   OECD_GDP_REAL_GB: 285 obs
2026-06-17 06:31:07,751 INFO   OECD_CPI_YOY_GB: 844 obs
2026-06-17 06:31:11,197 INFO   OECD_UNEMP_GB: 517 obs
2026-06-17 06:31:15,655 INFO   OECD_CLI_GB: 822 obs
2026-06-17 06:31:19,659 INFO   OECD_LTIR_GB: 797 obs
2026-06-17 06:31:22,687 INFO   OECD_STIR_GB: 482 obs
2026-06-17 06:31:26,316 INFO   OECD_GDP_REAL_DE: 265 obs
2026-06-17 06:31:29,044 INFO   OECD_CPI_YOY_DE: 845 obs
2026-06-17 06:31:32,761 INFO   OECD_UNEMP_DE: 424 obs
2026-06-17 06:31:37,139 INFO   OECD_CLI_DE: 785 obs
2026-06-17 06:31:41,262 INFO   OECD_LTIR_DE: 841 obs
2026-06-17 06:31:44,701 INFO   OECD_STIR_DE: 797 obs
2026-06-17 06:31:48,492 INFO   OECD_GDP_REAL_CA: 261 obs
2026-06-17 06:31:52,428 INFO   OECD_CPI_YOY_CA: 916 obs
2026-06-17 06:31:56,037 INFO   OECD_UNEMP_CA: 857 obs
2026-06-17 06:32:01,082 INFO   OECD_CLI_CA: 845 obs
2026-06-17 06:32:04,319 INFO   OECD_LTIR_CA: 857 obs
2026-06-17 06:32:07,999 INFO   OECD_STIR_CA: 845 obs
2026-06-17 06:32:10,871 INFO   OECD_CPI_YOY_CN: 473 obs
2026-06-17 06:32:14,287 INFO   OECD_CLI_CN: 409 obs
2026-06-17 06:32:21,094 INFO   OECD_LTIR_CN: 148 obs
2026-06-17 06:32:28,908 INFO   OECD_STIR_CN: 346 obs
2026-06-18 19:36:45,419 INFO   OECD_GDP_REAL_US: 317 obs
2026-06-18 19:36:46,501 INFO   OECD_CPI_YOY_US: 844 obs
2026-06-18 19:36:47,602 INFO   OECD_UNEMP_US: 856 obs
2026-06-18 19:36:51,174 INFO   OECD_CLI_US: 857 obs
2026-06-18 19:36:56,677 INFO   OECD_LTIR_US: 869 obs
2026-06-18 19:36:58,200 INFO   OECD_STIR_US: 743 obs
2026-06-18 19:37:06,970 INFO   OECD_CPI_YOY_EA: 420 obs
2026-06-18 19:37:13,644 INFO   OECD_GDP_REAL_JP: 265 obs
2026-06-18 19:37:17,448 INFO   OECD_CPI_YOY_JP: 786 obs
2026-06-18 19:37:23,623 INFO   OECD_UNEMP_JP: 856 obs
2026-06-18 19:37:33,492 INFO   OECD_CLI_JP: 809 obs
2026-06-18 19:37:36,410 INFO   OECD_LTIR_JP: 449 obs
2026-06-18 19:37:37,420 INFO   OECD_STIR_JP: 289 obs
2026-06-18 19:37:42,144 INFO   OECD_GDP_REAL_GB: 285 obs
2026-06-18 19:37:46,640 INFO   OECD_CPI_YOY_GB: 845 obs
2026-06-18 19:37:51,187 INFO   OECD_UNEMP_GB: 518 obs
2026-06-18 19:37:58,712 INFO   OECD_CLI_GB: 822 obs
2026-06-18 19:38:05,288 INFO   OECD_LTIR_GB: 797 obs
2026-06-18 19:38:09,229 INFO   OECD_STIR_GB: 482 obs
2026-06-18 19:38:14,761 INFO   OECD_GDP_REAL_DE: 265 obs
2026-06-18 19:38:20,843 INFO   OECD_CPI_YOY_DE: 845 obs
2026-06-18 19:38:25,204 INFO   OECD_UNEMP_DE: 424 obs
2026-06-18 19:38:32,352 INFO   OECD_CLI_DE: 785 obs
2026-06-18 19:38:44,128 INFO   OECD_LTIR_DE: 841 obs
2026-06-18 19:38:47,738 INFO   OECD_STIR_DE: 797 obs
2026-06-18 19:38:52,150 INFO   OECD_GDP_REAL_CA: 261 obs
2026-06-18 19:38:56,155 INFO   OECD_CPI_YOY_CA: 916 obs
2026-06-18 19:39:03,267 INFO   OECD_UNEMP_CA: 857 obs
2026-06-18 19:39:11,649 INFO   OECD_CLI_CA: 845 obs
2026-06-18 19:39:17,053 INFO   OECD_LTIR_CA: 857 obs
2026-06-18 19:39:24,298 INFO   OECD_STIR_CA: 845 obs
2026-06-18 19:39:27,760 INFO   OECD_CPI_YOY_CN: 473 obs
2026-06-18 19:39:32,344 INFO   OECD_CLI_CN: 409 obs
2026-06-18 19:39:35,521 INFO   OECD_LTIR_CN: 148 obs
2026-06-18 19:39:39,705 INFO   OECD_STIR_CN: 346 obs
2026-06-23 20:07:33,370 INFO   OECD_GDP_REAL_US: 317 obs
2026-06-23 20:08:25,342 INFO   OECD_CPI_YOY_US: 844 obs
2026-06-23 20:09:22,214 INFO   OECD_UNEMP_US: 856 obs
2026-06-23 20:09:36,025 INFO   OECD_CLI_US: 857 obs
2026-06-23 20:09:45,311 INFO   OECD_LTIR_US: 869 obs
2026-06-23 20:09:49,738 INFO   OECD_STIR_US: 743 obs
2026-06-23 20:09:56,845 INFO   OECD_CPI_YOY_EA: 420 obs
2026-06-23 20:10:07,612 INFO   OECD_GDP_REAL_JP: 265 obs
2026-06-23 20:10:18,191 INFO   OECD_CPI_YOY_JP: 786 obs
2026-06-23 20:17:30,322 INFO   OECD_UNEMP_JP: 856 obs
2026-06-23 20:18:56,876 INFO   OECD_CLI_JP: 809 obs
2026-06-23 20:19:14,370 INFO   OECD_LTIR_JP: 449 obs
2026-06-23 20:19:19,974 INFO   OECD_STIR_JP: 289 obs
2026-06-23 20:19:35,081 INFO   OECD_GDP_REAL_GB: 285 obs
2026-06-23 20:20:15,639 INFO   OECD_CPI_YOY_GB: 845 obs
2026-06-23 20:20:39,032 INFO   OECD_UNEMP_GB: 518 obs
2026-06-23 20:21:06,453 INFO   OECD_CLI_GB: 822 obs
2026-06-23 20:21:34,509 INFO   OECD_LTIR_GB: 797 obs
2026-06-23 20:21:48,920 INFO   OECD_STIR_GB: 482 obs
2026-06-23 20:22:07,289 INFO   OECD_GDP_REAL_DE: 265 obs
2026-06-23 20:22:46,209 INFO   OECD_CPI_YOY_DE: 845 obs
2026-06-23 20:23:07,791 INFO   OECD_UNEMP_DE: 424 obs
2026-06-23 20:23:26,413 INFO   OECD_CLI_DE: 785 obs
2026-06-23 20:23:41,685 INFO   OECD_LTIR_DE: 841 obs
2026-06-23 20:25:15,542 INFO   OECD_STIR_DE: 797 obs
2026-06-23 20:27:27,550 INFO   OECD_GDP_REAL_CA: 261 obs
2026-06-23 20:28:25,874 INFO   OECD_CPI_YOY_CA: 917 obs
2026-06-23 20:29:01,028 INFO   OECD_UNEMP_CA: 857 obs
2026-06-23 20:29:33,719 INFO   OECD_CLI_CA: 845 obs
2026-06-23 20:30:02,398 INFO   OECD_LTIR_CA: 857 obs
2026-06-23 20:30:30,632 INFO   OECD_STIR_CA: 845 obs
2026-06-23 20:30:55,276 INFO   OECD_CPI_YOY_CN: 473 obs
2026-06-23 20:31:18,310 INFO   OECD_CLI_CN: 409 obs
2026-06-23 20:31:22,284 INFO   OECD_LTIR_CN: 148 obs
2026-06-23 20:31:32,409 INFO   OECD_STIR_CN: 346 obs
2026-06-24 06:43:43,193 INFO   OECD_GDP_REAL_US: 317 obs
2026-06-24 06:43:45,367 INFO   OECD_CPI_YOY_US: 844 obs
2026-06-24 06:43:47,317 INFO   OECD_UNEMP_US: 856 obs
2026-06-24 06:43:54,543 INFO   OECD_CLI_US: 857 obs
2026-06-24 06:43:56,054 INFO   OECD_LTIR_US: 869 obs
2026-06-24 06:44:00,675 INFO   OECD_STIR_US: 743 obs
2026-06-24 06:44:03,792 INFO   OECD_CPI_YOY_EA: 420 obs
2026-06-24 06:44:09,028 INFO   OECD_GDP_REAL_JP: 265 obs
2026-06-24 06:44:12,998 INFO   OECD_CPI_YOY_JP: 786 obs
2026-06-24 07:00:48,987 INFO   OECD_UNEMP_JP: 856 obs
2026-06-24 07:00:51,854 INFO   OECD_CLI_JP: 809 obs
2026-06-24 07:00:55,744 INFO   OECD_LTIR_JP: 449 obs
2026-06-24 07:01:00,109 INFO   OECD_STIR_JP: 289 obs
2026-06-24 07:01:03,744 INFO   OECD_GDP_REAL_GB: 285 obs
2026-06-24 07:01:09,797 INFO   OECD_CPI_YOY_GB: 845 obs
2026-06-24 07:01:14,325 INFO   OECD_UNEMP_GB: 518 obs
2026-06-24 07:01:20,690 INFO   OECD_CLI_GB: 822 obs
2026-06-24 07:01:23,827 INFO   OECD_LTIR_GB: 797 obs
2026-06-24 07:01:26,527 INFO   OECD_STIR_GB: 482 obs
2026-06-24 07:01:30,779 INFO   OECD_GDP_REAL_DE: 265 obs
2026-06-24 07:03:16,421 INFO   OECD_CPI_YOY_DE: 845 obs
2026-06-24 07:03:19,958 INFO   OECD_UNEMP_DE: 424 obs
2026-06-24 07:03:23,635 INFO   OECD_CLI_DE: 785 obs
2026-06-24 07:03:27,395 INFO   OECD_LTIR_DE: 841 obs
2026-06-24 07:03:31,258 INFO   OECD_STIR_DE: 797 obs
2026-06-24 07:08:14,548 INFO   OECD_GDP_REAL_CA: 261 obs
2026-06-24 07:09:17,700 INFO   OECD_CPI_YOY_CA: 917 obs
2026-06-24 07:10:33,055 INFO   OECD_UNEMP_CA: 857 obs
2026-06-24 07:11:08,282 INFO   OECD_CLI_CA: 845 obs
2026-06-24 07:11:47,654 INFO   OECD_LTIR_CA: 857 obs
2026-06-24 07:11:56,772 INFO   OECD_STIR_CA: 845 obs
2026-06-24 07:11:59,526 INFO   OECD_CPI_YOY_CN: 473 obs
2026-06-24 07:12:04,344 INFO   OECD_CLI_CN: 409 obs
2026-06-24 07:12:08,314 INFO   OECD_LTIR_CN: 148 obs
2026-06-24 07:12:36,671 INFO   OECD_STIR_CN: 346 obs
2026-06-26 11:37:59,490 INFO   OECD_GDP_REAL_US: 317 obs
Traceback (most recent call last):
  File "/Users/bob/LHM/Scripts/data_pipeline/lighthouse/openbb_oecd_feed.py", line 226, in <module>
    main()
    ~~~~^^
  File "/Users/bob/LHM/Scripts/data_pipeline/lighthouse/openbb_oecd_feed.py", line 219, in main
    series, obs = fetcher.fetch_all()
                  ~~~~~~~~~~~~~~~~~^^
  File "/Users/bob/LHM/Scripts/data_pipeline/lighthouse/openbb_oecd_feed.py", line 198, in fetch_all
    s, o = self._store_series(series_id, title, freq, units, cat,
           ~~~~~~~~~~~~~~~~~~^^^^^^^^^^^^^^^^^^^^^^^^^^^^^^^^^^^^
                              scale, data)
                              ^^^^^^^^^^^^
  File "/Users/bob/LHM/Scripts/data_pipeline/lighthouse/openbb_oecd_feed.py", line 139, in _store_series
    c.executemany(
    ~~~~~~~~~~~~~^
        "INSERT OR REPLACE INTO observations VALUES (?,?,?)", obs_list
        ^^^^^^^^^^^^^^^^^^^^^^^^^^^^^^^^^^^^^^^^^^^^^^^^^^^^^^^^^^^^^^
    )
    ^
sqlite3.OperationalError: database is locked
2026-06-27 07:18:40,248 INFO   OECD_GDP_REAL_US: 317 obs
2026-06-27 07:18:44,067 INFO   OECD_CPI_YOY_US: 844 obs
2026-06-27 07:18:47,870 INFO   OECD_UNEMP_US: 856 obs
2026-06-27 07:50:15,314 INFO   OECD_CLI_US: 857 obs
2026-06-27 08:29:39,110 INFO   OECD_LTIR_US: 869 obs
2026-06-27 08:30:10,077 INFO   OECD_STIR_US: 743 obs
2026-06-27 08:41:35,132 INFO   OECD_CPI_YOY_EA: 420 obs
2026-06-27 08:41:38,646 INFO   OECD_GDP_REAL_JP: 265 obs
2026-06-27 08:41:42,245 INFO   OECD_CPI_YOY_JP: 786 obs
2026-06-27 08:41:49,507 INFO   OECD_UNEMP_JP: 856 obs
2026-06-27 08:41:55,074 INFO   OECD_CLI_JP: 809 obs
2026-06-27 08:41:58,418 INFO   OECD_LTIR_JP: 449 obs
2026-06-27 08:42:03,018 INFO   OECD_STIR_JP: 289 obs
2026-06-27 08:42:09,525 INFO   OECD_GDP_REAL_GB: 285 obs
2026-06-27 08:42:15,825 INFO   OECD_CPI_YOY_GB: 845 obs
2026-06-27 08:48:24,337 INFO   OECD_UNEMP_GB: 518 obs
2026-06-27 08:48:54,117 INFO   OECD_CLI_GB: 822 obs
2026-06-27 08:49:01,014 INFO   OECD_LTIR_GB: 797 obs
2026-06-27 08:49:06,292 INFO   OECD_STIR_GB: 482 obs
2026-06-27 08:49:10,287 INFO   OECD_GDP_REAL_DE: 265 obs
2026-06-27 08:49:13,921 INFO   OECD_CPI_YOY_DE: 845 obs
2026-06-27 08:49:18,425 INFO   OECD_UNEMP_DE: 424 obs
2026-06-27 08:49:22,107 INFO   OECD_CLI_DE: 785 obs
2026-06-27 08:49:25,792 INFO   OECD_LTIR_DE: 841 obs
2026-06-27 08:49:30,207 INFO   OECD_STIR_DE: 797 obs
2026-06-27 08:50:50,214 INFO   OECD_GDP_REAL_CA: 261 obs
2026-06-27 08:50:54,424 INFO   OECD_CPI_YOY_CA: 917 obs
2026-06-27 08:50:57,833 INFO   OECD_UNEMP_CA: 857 obs
2026-06-27 08:51:03,234 INFO   OECD_CLI_CA: 845 obs
2026-06-27 08:51:07,353 INFO   OECD_LTIR_CA: 857 obs
2026-06-27 08:51:11,690 INFO   OECD_STIR_CA: 845 obs
2026-06-27 08:51:16,702 INFO   OECD_CPI_YOY_CN: 473 obs
2026-06-27 08:51:19,927 INFO   OECD_CLI_CN: 409 obs
2026-06-27 08:51:23,388 INFO   OECD_LTIR_CN: 148 obs
2026-06-27 08:51:28,165 INFO   OECD_STIR_CN: 346 obs
