

To access this data from OpenBB Workspace, use the link displayed after the application startup completes.
Chrome is the recommended browser. Other browsers may conflict or require additional configuration.
Documentation is available at /docs.

[32mINFO[0m:     Started server process [[36m940[0m]
[32mINFO[0m:     Waiting for application startup.
[32mINFO[0m:     Application startup complete.
[32mINFO[0m:     Uvicorn running on [1mhttp://127.0.0.1:6900[0m (Press CTRL+C to quit)
[32mINFO[0m:     Shutting down
[32mINFO[0m:     Waiting for application shutdown.
[32mINFO[0m:     Application shutdown complete.
[32mINFO[0m:     Finished server process [[36m940[0m]


To access this data from OpenBB Workspace, use the link displayed after the application startup completes.
Chrome is the recommended browser. Other browsers may conflict or require additional configuration.
Documentation is available at /docs.

[32mINFO[0m:     Started server process [[36m711[0m]
[32mINFO[0m:     Waiting for application startup.
[32mINFO[0m:     Application startup complete.
[32mINFO[0m:     Uvicorn running on [1mhttp://127.0.0.1:6900[0m (Press CTRL+C to quit)


To access this data from OpenBB Workspace, use the link displayed after the application startup completes.
Chrome is the recommended browser. Other browsers may conflict or require additional configuration.
Documentation is available at /docs.

[32mINFO[0m:     Started server process [[36m21289[0m]
[32mINFO[0m:     Waiting for application startup.
[32mINFO[0m:     Application startup complete.
[32mINFO[0m:     Uvicorn running on [1mhttp://127.0.0.1:6900[0m (Press CTRL+C to quit)
[32mINFO[0m:     Shutting down
[32mINFO[0m:     Waiting for application shutdown.
[32mINFO[0m:     Application shutdown complete.
[32mINFO[0m:     Finished server process [[36m21289[0m]


To access this data from OpenBB Workspace, use the link displayed after the application startup completes.
Chrome is the recommended browser. Other browsers may conflict or require additional configuration.
Documentation is available at /docs.

[32mINFO[0m:     Started server process [[36m61829[0m]
[32mINFO[0m:     Waiting for application startup.
[32mINFO[0m:     Application startup complete.
[32mINFO[0m:     Uvicorn running on [1mhttp://127.0.0.1:6900[0m (Press CTRL+C to quit)
[32mINFO[0m:     Shutting down
[32mINFO[0m:     Waiting for application shutdown.
[32mINFO[0m:     Application shutdown complete.
[32mINFO[0m:     Finished server process [[36m61829[0m]


To access this data from OpenBB Workspace, use the link displayed after the application startup completes.
Chrome is the recommended browser. Other browsers may conflict or require additional configuration.
Documentation is available at /docs.

[32mINFO[0m:     Started server process [[36m64911[0m]
[32mINFO[0m:     Waiting for application startup.
[32mINFO[0m:     Application startup complete.
[32mINFO[0m:     Uvicorn running on [1mhttp://127.0.0.1:6900[0m (Press CTRL+C to quit)
[32mINFO[0m:     Shutting down
[32mINFO[0m:     Waiting for application shutdown.
[32mINFO[0m:     Application shutdown complete.
[32mINFO[0m:     Finished server process [[36m64911[0m]


To access this data from OpenBB Workspace, use the link displayed after the application startup completes.
Chrome is the recommended browser. Other browsers may conflict or require additional configuration.
Documentation is available at /docs.

[32mINFO[0m:     Started server process [[36m673[0m]
[32mINFO[0m:     Waiting for application startup.
[32mINFO[0m:     Application startup complete.
[32mINFO[0m:     Uvicorn running on [1mhttp://127.0.0.1:6900[0m (Press CTRL+C to quit)
[32mINFO[0m:     Shutting down
[32mINFO[0m:     Waiting for application shutdown.
[32mINFO[0m:     Application shutdown complete.
[32mINFO[0m:     Finished server process [[36m673[0m]


To access this data from OpenBB Workspace, use the link displayed after the application startup completes.
Chrome is the recommended browser. Other browsers may conflict or require additional configuration.
Documentation is available at /docs.

[32mINFO[0m:     Started server process [[36m15850[0m]
[32mINFO[0m:     Waiting for application startup.
[32mINFO[0m:     Application startup complete.
[32mINFO[0m:     Uvicorn running on [1mhttp://127.0.0.1:6900[0m (Press CTRL+C to quit)


To access this data from OpenBB Workspace, use the link displayed after the application startup completes.
Chrome is the recommended browser. Other browsers may conflict or require additional configuration.
Documentation is available at /docs.

[32mINFO[0m:     Started server process [[36m1035[0m]
[32mINFO[0m:     Waiting for application startup.
[32mINFO[0m:     Application startup complete.
[32mINFO[0m:     Uvicorn running on [1mhttp://127.0.0.1:6900[0m (Press CTRL+C to quit)


To access this data from OpenBB Workspace, use the link displayed after the application startup completes.
Chrome is the recommended browser. Other browsers may conflict or require additional configuration.
Documentation is available at /docs.

[32mINFO[0m:     Started server process [[36m1679[0m]
[32mINFO[0m:     Waiting for application startup.
[32mINFO[0m:     Application startup complete.
[32mINFO[0m:     Uvicorn running on [1mhttp://127.0.0.1:6900[0m (Press CTRL+C to quit)


To access this data from OpenBB Workspace, use the link displayed after the application startup completes.
Chrome is the recommended browser. Other browsers may conflict or require additional configuration.
Documentation is available at /docs.

[32mINFO[0m:     Started server process [[36m975[0m]
[32mINFO[0m:     Waiting for application startup.
[32mINFO[0m:     Application startup complete.
[32mINFO[0m:     Uvicorn running on [1mhttp://127.0.0.1:6900[0m (Press CTRL+C to quit)


To access this data from OpenBB Workspace, use the link displayed after the application startup completes.
Chrome is the recommended browser. Other browsers may conflict or require additional configuration.
Documentation is available at /docs.

[32mINFO[0m:     Started server process [[36m1321[0m]
[32mINFO[0m:     Waiting for application startup.
[32mINFO[0m:     Application startup complete.
[32mINFO[0m:     Uvicorn running on [1mhttp://127.0.0.1:6900[0m (Press CTRL+C to quit)


To access this data from OpenBB Workspace, use the link displayed after the application startup completes.
Chrome is the recommended browser. Other browsers may conflict or require additional configuration.
Documentation is available at /docs.

[32mINFO[0m:     Started server process [[36m1056[0m]
[32mINFO[0m:     Waiting for application startup.
[32mINFO[0m:     Application startup complete.
[32mINFO[0m:     Uvicorn running on [1mhttp://127.0.0.1:6900[0m (Press CTRL+C to quit)


To access this data from OpenBB Workspace, use the link displayed after the application startup completes.
Chrome is the recommended browser. Other browsers may conflict or require additional configuration.
Documentation is available at /docs.

[32mINFO[0m:     Started server process [[36m891[0m]
[32mINFO[0m:     Waiting for application startup.
[32mINFO[0m:     Application startup complete.
[32mINFO[0m:     Uvicorn running on [1mhttp://127.0.0.1:6900[0m (Press CTRL+C to quit)
[32mINFO[0m:     Shutting down
[32mINFO[0m:     Waiting for application shutdown.
[32mINFO[0m:     Application shutdown complete.
[32mINFO[0m:     Finished server process [[36m891[0m]


To access this data from OpenBB Workspace, use the link displayed after the application startup completes.
Chrome is the recommended browser. Other browsers may conflict or require additional configuration.
Documentation is available at /docs.

[32mINFO[0m:     Started server process [[36m22938[0m]
[32mINFO[0m:     Waiting for application startup.
[32mINFO[0m:     Application startup complete.
[32mINFO[0m:     Uvicorn running on [1mhttp://127.0.0.1:6900[0m (Press CTRL+C to quit)
[32mINFO[0m:     Shutting down
[32mINFO[0m:     Waiting for application shutdown.
[32mINFO[0m:     Application shutdown complete.
[32mINFO[0m:     Finished server process [[36m22938[0m]


To access this data from OpenBB Workspace, use the link displayed after the application startup completes.
Chrome is the recommended browser. Other browsers may conflict or require additional configuration.
Documentation is available at /docs.

[32mINFO[0m:     Started server process [[36m23929[0m]
[32mINFO[0m:     Waiting for application startup.
[32mINFO[0m:     Application startup complete.
[32mINFO[0m:     Uvicorn running on [1mhttp://127.0.0.1:6900[0m (Press CTRL+C to quit)


To access this data from OpenBB Workspace, use the link displayed after the application startup completes.
Chrome is the recommended browser. Other browsers may conflict or require additional configuration.
Documentation is available at /docs.

[32mINFO[0m:     Started server process [[36m1043[0m]
[32mINFO[0m:     Waiting for application startup.
[32mINFO[0m:     Application startup complete.
[32mINFO[0m:     Uvicorn running on [1mhttp://127.0.0.1:6900[0m (Press CTRL+C to quit)


To access this data from OpenBB Workspace, use the link displayed after the application startup completes.
Chrome is the recommended browser. Other browsers may conflict or require additional configuration.
Documentation is available at /docs.

[32mINFO[0m:     Started server process [[36m1719[0m]
[32mINFO[0m:     Waiting for application startup.
[32mINFO[0m:     Application startup complete.
[32mINFO[0m:     Uvicorn running on [1mhttp://127.0.0.1:6900[0m (Press CTRL+C to quit)


To access this data from OpenBB Workspace, use the link displayed after the application startup completes.
Chrome is the recommended browser. Other browsers may conflict or require additional configuration.
Documentation is available at /docs.

[32mINFO[0m:     Started server process [[36m939[0m]
[32mINFO[0m:     Waiting for application startup.
[32mINFO[0m:     Application startup complete.
[32mINFO[0m:     Uvicorn running on [1mhttp://127.0.0.1:6900[0m (Press CTRL+C to quit)


To access this data from OpenBB Workspace, use the link displayed after the application startup completes.
Chrome is the recommended browser. Other browsers may conflict or require additional configuration.
Documentation is available at /docs.

[32mINFO[0m:     Started server process [[36m902[0m]
[32mINFO[0m:     Waiting for application startup.
[32mINFO[0m:     Application startup complete.
[32mINFO[0m:     Uvicorn running on [1mhttp://127.0.0.1:6900[0m (Press CTRL+C to quit)


To access this data from OpenBB Workspace, use the link displayed after the application startup completes.
Chrome is the recommended browser. Other browsers may conflict or require additional configuration.
Documentation is available at /docs.

[32mINFO[0m:     Started server process [[36m793[0m]
[32mINFO[0m:     Waiting for application startup.
[32mINFO[0m:     Application startup complete.
[32mINFO[0m:     Uvicorn running on [1mhttp://127.0.0.1:6900[0m (Press CTRL+C to quit)


To access this data from OpenBB Workspace, use the link displayed after the application startup completes.
Chrome is the recommended browser. Other browsers may conflict or require additional configuration.
Documentation is available at /docs.

[32mINFO[0m:     Started server process [[36m905[0m]
[32mINFO[0m:     Waiting for application startup.
[32mINFO[0m:     Application startup complete.
[32mINFO[0m:     Uvicorn running on [1mhttp://127.0.0.1:6900[0m (Press CTRL+C to quit)


To access this data from OpenBB Workspace, use the link displayed after the application startup completes.
Chrome is the recommended browser. Other browsers may conflict or require additional configuration.
Documentation is available at /docs.

[32mINFO[0m:     Started server process [[36m940[0m]
[32mINFO[0m:     Waiting for application startup.
[32mINFO[0m:     Application startup complete.
[32mINFO[0m:     Uvicorn running on [1mhttp://127.0.0.1:6900[0m (Press CTRL+C to quit)


To access this data from OpenBB Workspace, use the link displayed after the application startup completes.
Chrome is the recommended browser. Other browsers may conflict or require additional configuration.
Documentation is available at /docs.

[32mINFO[0m:     Started server process [[36m826[0m]
[32mINFO[0m:     Waiting for application startup.
[32mINFO[0m:     Application startup complete.
[32mINFO[0m:     Uvicorn running on [1mhttp://127.0.0.1:6900[0m (Press CTRL+C to quit)


To access this data from OpenBB Workspace, use the link displayed after the application startup completes.
Chrome is the recommended browser. Other browsers may conflict or require additional configuration.
Documentation is available at /docs.

[32mINFO[0m:     Started server process [[36m1023[0m]
[32mINFO[0m:     Waiting for application startup.
[32mINFO[0m:     Application startup complete.
[32mINFO[0m:     Uvicorn running on [1mhttp://127.0.0.1:6900[0m (Press CTRL+C to quit)
[32mINFO[0m:     Shutting down
[32mINFO[0m:     Waiting for application shutdown.
[32mINFO[0m:     Application shutdown complete.
[32mINFO[0m:     Finished server process [[36m1023[0m]


To access this data from OpenBB Workspace, use the link displayed after the application startup completes.
Chrome is the recommended browser. Other browsers may conflict or require additional configuration.
Documentation is available at /docs.

[32mINFO[0m:     Started server process [[36m2618[0m]
[32mINFO[0m:     Waiting for application startup.
[32mINFO[0m:     Application startup complete.
[32mINFO[0m:     Uvicorn running on [1mhttp://127.0.0.1:6900[0m (Press CTRL+C to quit)
[32mINFO[0m:     Shutting down
[32mINFO[0m:     Waiting for application shutdown.
[32mINFO[0m:     Application shutdown complete.
[32mINFO[0m:     Finished server process [[36m2618[0m]


To access this data from OpenBB Workspace, use the link displayed after the application startup completes.
Chrome is the recommended browser. Other browsers may conflict or require additional configuration.
Documentation is available at /docs.

[32mINFO[0m:     Started server process [[36m2918[0m]
[32mINFO[0m:     Waiting for application startup.
[32mINFO[0m:     Application startup complete.
[32mINFO[0m:     Uvicorn running on [1mhttp://127.0.0.1:6900[0m (Press CTRL+C to quit)
[32mINFO[0m:     Shutting down
[32mINFO[0m:     Waiting for application shutdown.
[32mINFO[0m:     Application shutdown complete.
[32mINFO[0m:     Finished server process [[36m2918[0m]


To access this data from OpenBB Workspace, use the link displayed after the application startup completes.
Chrome is the recommended browser. Other browsers may conflict or require additional configuration.
Documentation is available at /docs.

[32mINFO[0m:     Started server process [[36m42653[0m]
[32mINFO[0m:     Waiting for application startup.
[32mINFO[0m:     Application startup complete.
[32mINFO[0m:     Uvicorn running on [1mhttp://127.0.0.1:6900[0m (Press CTRL+C to quit)
[32mINFO[0m:     Shutting down
[32mINFO[0m:     Waiting for application shutdown.
[32mINFO[0m:     Application shutdown complete.
[32mINFO[0m:     Finished server process [[36m42653[0m]


To access this data from OpenBB Workspace, use the link displayed after the application startup completes.
Chrome is the recommended browser. Other browsers may conflict or require additional configuration.
Documentation is available at /docs.

[32mINFO[0m:     Started server process [[36m45044[0m]
[32mINFO[0m:     Waiting for application startup.
[32mINFO[0m:     Application startup complete.
[32mINFO[0m:     Uvicorn running on [1mhttp://127.0.0.1:6900[0m (Press CTRL+C to quit)
[32mINFO[0m:     Shutting down
[32mINFO[0m:     Waiting for application shutdown.
[32mINFO[0m:     Application shutdown complete.
[32mINFO[0m:     Finished server process [[36m45044[0m]


To access this data from OpenBB Workspace, use the link displayed after the application startup completes.
Chrome is the recommended browser. Other browsers may conflict or require additional configuration.
Documentation is available at /docs.

[32mINFO[0m:     Started server process [[36m45386[0m]
[32mINFO[0m:     Waiting for application startup.
[32mINFO[0m:     Application startup complete.
[32mINFO[0m:     Uvicorn running on [1mhttp://127.0.0.1:6900[0m (Press CTRL+C to quit)
[32mINFO[0m:     Shutting down
[32mINFO[0m:     Waiting for application shutdown.
[32mINFO[0m:     Application shutdown complete.
[32mINFO[0m:     Finished server process [[36m45386[0m]


To access this data from OpenBB Workspace, use the link displayed after the application startup completes.
Chrome is the recommended browser. Other browsers may conflict or require additional configuration.
Documentation is available at /docs.

[32mINFO[0m:     Started server process [[36m45823[0m]
[32mINFO[0m:     Waiting for application startup.
[32mINFO[0m:     Application startup complete.
[32mINFO[0m:     Uvicorn running on [1mhttp://127.0.0.1:6900[0m (Press CTRL+C to quit)
[31mERROR[0m:    1 validation error:
  {'type': 'list_type', 'loc': ('response',), 'msg': 'Input should be a valid list', 'input': {'data': [{'type': 'scatter', 'mode': 'lines', 'name': '10Y Tail (bps)', 'x': ['1979-10-31', '1980-08-06', '1980-11-06', '1981-05-06', '1981-08-05', '1981-11-04', '1982-02-03', '1982-05-05', '1982-11-04', '1983-02-02', '1983-05-04', '1983-08-03', '1983-11-09', '1984-05-09', '1984-08-08', '1984-11-07', '1985-02-06', '1985-05-08', '1985-08-07', '1985-11-21', '1986-02-05', '1986-05-07', '1986-11-05', '1987-05-06', '1987-08-12', '1987-11-04', '1988-02-03', '1988-05-11', '1988-08-10', '1988-11-09', '1989-02-08', '1989-05-10', '1989-08-09', '1989-11-13', '1990-02-07', '1990-05-09', '1990-08-08', '1990-11-07', '1991-02-06', '1991-05-08', '1991-08-07', '1991-11-06', '1992-05-06', '1992-08-12', '1993-02-10', '1993-08-11', '1994-02-09', '1994-05-11', '1994-08-10', '1994-11-09', '1995-02-08', '1995-05-10', '1995-08-09', '1995-11-21', '1996-02-07', '1996-05-08', '1996-07-09', '1996-10-08', '1997-01-29', '1997-02-12', '1997-05-07', '1997-08-06', '1998-01-08', '1998-02-11', '1998-05-13', '1998-11-04', '1999-01-06', '1999-05-12', '1999-08-11', '2000-01-12', '2000-02-09', '2000-08-09', '2001-01-10', '2001-02-07', '2001-08-08', '2002-01-09', '2002-02-06', '2002-07-10', '2002-08-07', '2002-11-06', '2003-02-12', '2003-05-08', '2003-07-09', '2003-08-07', '2003-11-13', '2004-01-08', '2004-02-12', '2004-05-13', '2004-07-08', '2004-08-12', '2004-11-10', '2005-01-13', '2005-02-10', '2005-05-12', '2005-07-14', '2005-08-11', '2005-11-10', '2006-01-12', '2006-02-08', '2006-05-11', '2006-07-13', '2006-08-09', '2006-11-09', '2007-01-11', '2007-02-07', '2007-05-08', '2007-07-12', '2007-08-08', '2007-11-07', '2008-01-10', '2008-02-06', '2008-05-07', '2008-07-10', '2008-08-06', '2008-11-12', '2009-01-06', '2009-02-11', '2009-05-06', '2009-07-06', '2009-08-12', '2009-11-10', '2010-01-11', '2010-02-10', '2010-05-12', '2010-07-08', '2010-08-11', '2010-11-09', '2011-01-20', '2011-02-09', '2011-05-11', '2011-07-21', '2011-08-10', '2011-11-09', '2012-01-19', '2012-02-08', '2012-05-09', '2012-07-19', '2012-08-08', '2012-11-07', '2013-01-24', '2013-02-13', '2013-05-08', '2013-07-18', '2013-08-07', '2013-11-13', '2014-01-23', '2014-02-12', '2014-05-07', '2014-07-24', '2014-08-13', '2014-11-12', '2015-01-22', '2015-02-11', '2015-05-13', '2015-07-23', '2015-08-12', '2015-11-10', '2016-01-21', '2016-02-10', '2016-05-11', '2016-07-21', '2016-08-10', '2016-11-09', '2017-01-19', '2017-02-08', '2017-05-10', '2017-07-20', '2017-08-09', '2017-11-08', '2018-01-18', '2018-02-07', '2018-05-09', '2018-07-19', '2018-08-08', '2018-11-06', '2019-01-17', '2019-02-06', '2019-05-08', '2019-07-18', '2019-08-07', '2019-11-06', '2020-01-23', '2020-02-12', '2020-05-12', '2020-07-23', '2020-08-12', '2020-11-10', '2021-01-21', '2021-02-10', '2021-05-12', '2021-07-22', '2021-08-11', '2021-11-09', '2022-01-20', '2022-02-09', '2022-05-11', '2022-07-21', '2022-08-10', '2022-11-09', '2023-01-19', '2023-02-08', '2023-05-10', '2023-07-20', '2023-08-09', '2023-11-08', '2024-01-18', '2024-02-07', '2024-05-08', '2024-07-18', '2024-08-07', '2024-11-05', '2025-01-23', '2025-02-12', '2025-05-06', '2025-07-24', '2025-08-06', '2025-11-12', '2026-01-22', '2026-02-11', '2026-05-12'], 'y': [3.9999999999999147, 3.9999999999999147, 4.999999999999893, 3.9999999999999147, 3.9999999999999147, 2.999999999999936, 4.000000000000092, 3.0000000000001137, 2.999999999999936, 2.000000000000135, 1.9999999999999574, 0.0, 1.9999999999999574, 1.9999999999999574, 2.999999999999936, 3.0000000000001137, 0.9999999999999787, 1.9999999999999574, 0.9999999999999787, 4.000000000000092, 4.000000000000092, 1.0000000000000675, 0.0, 0.9999999999999787, 0.0, 4.999999999999893, 1.9999999999999574, 0.0, 1.9999999999999574, 0.0, 0.9999999999999787, 0.9999999999999787, 2.000000000000135, 0.0, 0.0, 0.0, 7.000000000000028, 0.0, 0.0, 0.0, 0.9999999999999787, 2.999999999999936, 0.0, 0.9999999999999787, 1.9999999999999574, 0.0, 0.9999999999999787, 4.0000000000000036, 0.0, 0.9999999999999787, 0.9999999999999787, 7.200000000000006, 0.6999999999999673, 0.9999999999999787, 1.100000000000012, 0.39999999999995595, 0.30000000000001137, 0.8000000000000007, 4.899999999999993, 2.5000000000000355, 1.9000000000000128, 1.29999999999999, 3.100000000000014, 0.6000000000000227, 0.6999999999999673, 6.500000000000039, 1.3000000000000345, 4.0000000000000036, 1.499999999999968, 3.8000000000000256, 7.500000000000018, 4.0000000000000036, 5.19999999999996, 1.7000000000000348, 0.8000000000000007, 3.100000000000014, 4.0000000000000036, 5.000000000000027, 8.999999999999986, 2.4999999999999467, 2.9999999999999805, 8.499999999999996, 1.9000000000000128, 6.00000000000005, 3.000000000000025, 9.000000000000007, 4.099999999999948, 3.000000000000025, 6.000000000000005, 1.699999999999946, 4.900000000000038, 4.300000000000015, 4.900000000000038, 3.200000000000003, 7.899999999999996, 1.29999999999999, 1.29999999999999, 2.499999999999991, 3.000000000000025, 2.2999999999999687, 4.0000000000000036, 2.0999999999999908, 3.699999999999992, 4.899999999999993, 2.400000000000002, 1.7000000000000348, 4.0000000000000036, 2.600000000000069, 3.0999999999999694, 5.600000000000005, 3.600000000000003, 5.399999999999983, 6.500000000000017, 2.5000000000000355, 7.299999999999995, 4.600000000000026, 10.80000000000001, 5.100000000000016, 12.1, 9.799999999999986, 5.000000000000027, 12.99999999999999, 5.200000000000005, 3.8000000000000256, 4.499999999999993, 6.099999999999994, 7.699999999999996, 12.99999999999999, 4.499999999999993, 3.500000000000014, 4.400000000000004, 3.9000000000000146, 6.099999999999972, 5.4, 4.200000000000004, 4.499999999999993, 7.299999999999995, 5.000000000000004, 4.500000000000015, 4.5000000000000036, 3.600000000000003, 3.600000000000003, 7.400000000000001, 3.100000000000014, 3.100000000000014, 5.200000000000005, 3.200000000000003, 2.7000000000000135, 3.900000000000001, 3.9000000000000146, 3.7000000000000366, 2.9000000000000026, 3.0000000000000027, 1.6999999999999904, 7.800000000000002, 6.500000000000039, 2.8999999999999915, 10.199999999999998, 4.0000000000000036, 3.0000000000000027, 5.699999999999999, 5.299999999999994, 7.000000000000006, 3.599999999999998, 7.30000000000004, 5.799999999999983, 8.899999999999997, 4.999999999999982, 5.900000000000016, 4.0000000000000036, 6.099999999999994, 4.499999999999993, 6.700000000000006, 4.0000000000000036, 4.400000000000004, 4.900000000000004, 4.899999999999993, 4.899999999999993, 6.399999999999998, 7.499999999999996, 3.8999999999999924, 5.6, 4.500000000000015, 4.999999999999993, 6.499999999999995, 3.8000000000000034, 4.799999999999994, 4.300000000000004, 5.000000000000004, 5.499999999999994, 6.099999999999994, 2.5000000000000133, 7.399999999999984, 9.099999999999998, 5.099999999999993, 9.299999999999997, 13.0, 6.499999999999995, 9.600000000000009, 5.000000000000004, 6.300000000000017, 8.499999999999996, 5.500000000000016, 7.699999999999996, 7.899999999999974, 8.000000000000007, 5.600000000000005, 6.099999999999994, 9.000000000000007, 7.200000000000006, 5.700000000000038, 7.299999999999995, 7.200000000000006, 6.099999999999994, 5.300000000000016, 5.999999999999961, 4.600000000000026, 6.000000000000005, 6.699999999999928, 5.499999999999972], 'line': {'color': '#89CCFF', 'width': 2}, 'hovertemplate': '%{y:.2f}<extra>10Y Tail (bps)</extra>'}, {'type': 'scatter', 'mode': 'lines', 'name': '10Y Bid-to-Cover', 'x': ['1997-01-29', '2000-01-12', '2000-02-09', '2000-08-09', '2001-01-10', '2001-02-07', '2001-08-08', '2002-01-09', '2002-02-06', '2002-07-10', '2002-08-07', '2002-11-06', '2003-02-12', '2003-05-08', '2003-07-09', '2003-08-07', '2003-11-13', '2004-01-08', '2004-02-12', '2004-05-13', '2004-07-08', '2004-08-12', '2004-11-10', '2005-01-13', '2005-02-10', '2005-05-12', '2005-07-14', '2005-08-11', '2005-11-10', '2006-01-12', '2006-02-08', '2006-05-11', '2006-07-13', '2006-08-09', '2006-11-09', '2007-01-11', '2007-02-07', '2007-05-08', '2007-07-12', '2007-08-08', '2007-11-07', '2008-01-10', '2008-02-06', '2008-05-07', '2008-07-10', '2008-08-06', '2008-11-12', '2009-01-06', '2009-02-11', '2009-05-06', '2009-07-06', '2009-08-12', '2009-11-10', '2010-01-11', '2010-02-10', '2010-05-12', '2010-07-08', '2010-08-11', '2010-11-09', '2011-01-20', '2011-02-09', '2011-05-11', '2011-07-21', '2011-08-10', '2011-11-09', '2012-01-19', '2012-02-08', '2012-05-09', '2012-07-19', '2012-08-08', '2012-11-07', '2013-01-24', '2013-02-13', '2013-05-08', '2013-07-18', '2013-08-07', '2013-11-13', '2014-01-23', '2014-02-12', '2014-05-07', '2014-07-24', '2014-08-13', '2014-11-12', '2015-01-22', '2015-02-11', '2015-05-13', '2015-07-23', '2015-08-12', '2015-11-10', '2016-01-21', '2016-02-10', '2016-05-11', '2016-07-21', '2016-08-10', '2016-11-09', '2017-01-19', '2017-02-08', '2017-05-10', '2017-07-20', '2017-08-09', '2017-11-08', '2018-01-18', '2018-02-07', '2018-05-09', '2018-07-19', '2018-08-08', '2018-11-06', '2019-01-17', '2019-02-06', '2019-05-08', '2019-07-18', '2019-08-07', '2019-11-06', '2020-01-23', '2020-02-12', '2020-05-12', '2020-07-23', '2020-08-12', '2020-11-10', '2021-01-21', '2021-02-10', '2021-05-12', '2021-07-22', '2021-08-11', '2021-11-09', '2022-01-20', '2022-02-09', '2022-05-11', '2022-07-21', '2022-08-10', '2022-11-09', '2023-01-19', '2023-02-08', '2023-05-10', '2023-07-20', '2023-08-09', '2023-11-08', '2024-01-18', '2024-02-07', '2024-05-08', '2024-07-18', '2024-08-07', '2024-11-05', '2025-01-23', '2025-02-12', '2025-05-06', '2025-07-24', '2025-08-06', '2025-11-12', '2026-01-22', '2026-02-11', '2026-05-12'], 'y': [5.31, 3.07, 1.45, 1.95, 1.68, 2.1, 2.85, 2.39, 1.8, 2.43, 1.29, 1.9, 1.85, 1.22, 2.18, 2.0, 1.9, 1.95, 2.0, 2.78, 1.89, 2.9, 2.05, 1.88, 2.05, 2.33, 1.68, 2.59, 2.24, 1.85, 2.32, 2.53, 1.76, 2.23, 2.21, 1.67, 2.41, 2.3, 1.97, 2.3, 2.34, 1.9, 2.34, 2.21, 1.83, 2.61, 2.2, 2.48, 2.21, 2.47, 2.51, 2.49, 2.81, 2.65, 2.67, 2.96, 2.88, 3.04, 2.8, 2.37, 3.23, 3.0, 2.62, 3.22, 2.64, 2.91, 3.05, 2.9, 2.62, 2.49, 2.59, 2.71, 2.68, 2.7, 2.44, 2.45, 2.7, 2.31, 2.54, 2.63, 2.49, 2.83, 2.52, 2.39, 2.62, 2.72, 2.31, 2.4, 2.58, 2.19, 2.56, 2.68, 2.39, 2.43, 2.22, 2.45, 2.29, 2.33, 1.98, 2.23, 2.48, 2.69, 2.34, 2.56, 2.22, 2.55, 2.54, 2.42, 2.35, 2.17, 2.28, 2.2, 2.49, 2.33, 2.58, 2.69, 2.24, 2.41, 2.32, 2.68, 2.37, 2.45, 2.5, 2.65, 2.35, 2.3, 2.68, 2.49, 2.18, 2.53, 2.23, 2.79, 2.66, 2.45, 2.51, 2.56, 2.45, 2.62, 2.56, 2.49, 2.38, 2.32, 2.58, 2.48, 2.48, 2.6, 2.41, 2.35, 2.43, 2.38, 2.39, 2.4], 'line': {'color': '#FF6723', 'width': 2}, 'hovertemplate': '%{y:.2f}<extra>10Y Bid-to-Cover</extra>'}, {'type': 'scatter', 'mode': 'lines', 'name': '10Y Indirect %', 'x': ['2008-05-07', '2008-07-10', '2008-08-06', '2008-11-12', '2009-01-06', '2009-02-11', '2009-05-06', '2009-07-06', '2009-08-12', '2009-11-10', '2010-01-11', '2010-02-10', '2010-05-12', '2010-07-08', '2010-08-11', '2010-11-09', '2011-01-20', '2011-02-09', '2011-05-11', '2011-07-21', '2011-08-10', '2011-11-09', '2012-01-19', '2012-02-08', '2012-05-09', '2012-07-19', '2012-08-08', '2012-11-07', '2013-01-24', '2013-02-13', '2013-05-08', '2013-07-18', '2013-08-07', '2013-11-13', '2014-01-23', '2014-02-12', '2014-05-07', '2014-07-24', '2014-08-13', '2014-11-12', '2015-01-22', '2015-02-11', '2015-05-13', '2015-07-23', '2015-08-12', '2015-11-10', '2016-01-21', '2016-02-10', '2016-05-11', '2016-07-21', '2016-08-10', '2016-11-09', '2017-01-19', '2017-02-08', '2017-05-10', '2017-07-20', '2017-08-09', '2017-11-08', '2018-01-18', '2018-02-07', '2018-05-09', '2018-07-19', '2018-08-08', '2018-11-06', '2019-01-17', '2019-02-06', '2019-05-08', '2019-07-18', '2019-08-07', '2019-11-06', '2020-01-23', '2020-02-12', '2020-05-12', '2020-07-23', '2020-08-12', '2020-11-10', '2021-01-21', '2021-02-10', '2021-05-12', '2021-07-22', '2021-08-11', '2021-11-09', '2022-01-20', '2022-02-09', '2022-05-11', '2022-07-21', '2022-08-10', '2022-11-09', '2023-01-19', '2023-02-08', '2023-05-10', '2023-07-20', '2023-08-09', '2023-11-08', '2024-01-18', '2024-02-07', '2024-05-08', '2024-07-18', '2024-08-07', '2024-11-05', '2025-01-23', '2025-02-12', '2025-05-06', '2025-07-24', '2025-08-06', '2025-11-12', '2026-01-22', '2026-02-11', '2026-05-12'], 'y': [18.095997864672253, 36.3125625363959, 24.591174614359478, 30.168878466977823, 42.22212766169665, 35.86025137673644, 26.912091995988245, 47.25890552256883, 39.20771770214273, 41.736626225378174, 38.07560126937657, 29.546479940741076, 38.27826641382649, 51.230923285208085, 42.91340746874562, 54.88860970107776, 36.75033833499962, 69.2691604905886, 46.97645931835409, 41.33780261383755, 34.176605428894746, 38.55605758743444, 35.23256116932769, 34.46187475799714, 36.41229739565969, 43.85578538140487, 40.47171160571341, 39.64927080553212, 53.06885027195632, 27.97530396121612, 33.85168919654841, 57.61153957217937, 46.21015461402859, 47.57650734333905, 51.66273230007869, 49.535988854402504, 49.14583026171894, 52.879368739545086, 46.88235787622457, 44.47101670474265, 63.75265369865546, 59.41075353088211, 58.717330064918016, 64.70767023447169, 58.86577571378909, 60.07062023996037, 56.48267910996139, 57.708599267802185, 59.84961634925641, 68.1911497604923, 65.4264404875486, 43.02405732547434, 72.18507454472723, 58.23913846362575, 45.588726475546686, 47.55890145311154, 44.47637011163309, 60.54500049308472, 68.54000972164283, 56.65692568014665, 50.685568006141594, 58.75540428793621, 53.94946650895688, 61.21429689828951, 68.83272171712302, 47.861510444503615, 39.7562799827974, 61.749991452071995, 33.68203441769828, 43.76564031236778, 66.14213917603948, 42.408052433647526, 43.2495214069864, 64.72819258995972, 41.01404915055274, 43.01340470766498, 62.589848834751564, 44.451256123114696, 41.37287046591896, 70.00845482923823, 53.39679325312159, 44.96171040201664, 60.10778593138194, 48.29637778880862, 41.29816144607737, 66.74198078254163, 45.61068676371361, 42.42503105542737, 78.84555451848561, 56.93975335968789, 52.971151897086365, 84.92798854816287, 52.355750996063776, 67.96419710602902, 78.95559077983525, 65.7936141992879, 57.978926823318766, 64.7563317100674, 55.43128452396385, 49.39088909243271, 62.52481544137572, 55.82132921996037, 52.43218959127549, 58.45135927029674, 47.791896078875, 57.77174329617806, 66.99335042802092, 50.09587983584498, 51.51833764032735], 'line': {'color': '#00BB89', 'width': 2}, 'hovertemplate': '%{y:.2f}<extra>10Y Indirect %</extra>'}, {'type': 'scatter', 'mode': 'lines', 'name': 'Bills Share %', 'x': ['2001-01-31', '2001-02-28', '2001-03-31', '2001-04-30', '2001-05-31', '2001-06-30', '2001-07-31', '2001-08-31', '2001-09-30', '2001-10-31', '2001-11-30', '2001-12-31', '2002-01-31', '2002-02-28', '2002-03-31', '2002-04-30', '2002-05-31', '2002-06-30', '2002-07-31', '2002-08-31', '2002-09-30', '2002-10-31', '2002-11-30', '2002-12-31', '2003-01-31', '2003-02-28', '2003-03-31', '2003-04-30', '2003-05-31', '2003-06-30', '2003-07-31', '2003-08-31', '2003-09-30', '2003-10-31', '2003-11-30', '2003-12-31', '2004-01-31', '2004-02-29', '2004-03-31', '2004-04-30', '2004-05-31', '2004-06-30', '2004-07-31', '2004-08-31', '2004-09-30', '2004-10-31', '2004-11-30', '2004-12-31', '2005-01-31', '2005-02-28', '2005-03-31', '2005-04-30', '2005-05-31', '2005-06-30', '2005-07-31', '2005-08-31', '2005-09-30', '2005-10-31', '2005-11-30', '2005-12-31', '2006-01-31', '2006-02-28', '2006-03-31', '2006-04-30', '2006-05-31', '2006-06-30', '2006-07-31', '2006-08-31', '2006-09-30', '2006-10-31', '2006-11-30', '2006-12-31', '2007-01-31', '2007-02-28', '2007-03-31', '2007-04-30', '2007-05-31', '2007-06-30', '2007-07-31', '2007-08-31', '2007-09-30', '2007-10-31', '2007-11-30', '2007-12-31', '2008-01-31', '2008-02-29', '2008-03-31', '2008-04-30', '2008-05-31', '2008-06-30', '2008-07-31', '2008-08-31', '2008-09-30', '2008-10-31', '2008-11-30', '2008-12-31', '2009-01-31', '2009-02-28', '2009-03-31', '2009-04-30', '2009-05-31', '2009-06-30', '2009-07-31', '2009-08-31', '2009-09-30', '2009-10-31', '2009-11-30', '2009-12-31', '2010-01-31', '2010-02-28', '2010-03-31', '2010-04-30', '2010-05-31', '2010-06-30', '2010-07-31', '2010-08-31', '2010-09-30', '2010-10-31', '2010-11-30', '2010-12-31', '2011-01-31', '2011-02-28', '2011-03-31', '2011-04-30', '2011-05-31', '2011-06-30', '2011-07-31', '2011-08-31', '2011-09-30', '2011-10-31', '2011-11-30', '2011-12-31', '2012-01-31', '2012-02-29', '2012-03-31', '2012-04-30', '2012-05-31', '2012-06-30', '2012-07-31', '2012-08-31', '2012-09-30', '2012-10-31', '2012-11-30', '2012-12-31', '2013-01-31', '2013-02-28', '2013-03-31', '2013-04-30', '2013-05-31', '2013-06-30', '2013-07-31', '2013-08-31', '2013-09-30', '2013-10-31', '2013-11-30', '2013-12-31', '2014-01-31', '2014-02-28', '2014-03-31', '2014-04-30', '2014-05-31', '2014-06-30', '2014-07-31', '2014-08-31', '2014-09-30', '2014-10-31', '2014-11-30', '2014-12-31', '2015-01-31', '2015-02-28', '2015-03-31', '2015-04-30', '2015-05-31', '2015-06-30', '2015-07-31', '2015-08-31', '2015-09-30', '2015-10-31', '2015-11-30', '2015-12-31', '2016-01-31', '2016-02-29', '2016-03-31', '2016-04-30', '2016-05-31', '2016-06-30', '2016-07-31', '2016-08-31', '2016-09-30', '2016-10-31', '2016-11-30', '2016-12-31', '2017-01-31', '2017-02-28', '2017-03-31', '2017-04-30', '2017-05-31', '2017-06-30', '2017-07-31', '2017-08-31', '2017-09-30', '2017-10-31', '2017-11-30', '2017-12-31', '2018-01-31', '2018-02-28', '2018-03-31', '2018-04-30', '2018-05-31', '2018-06-30', '2018-07-31', '2018-08-31', '2018-09-30', '2018-10-31', '2018-11-30', '2018-12-31', '2019-01-31', '2019-02-28', '2019-03-31', '2019-04-30', '2019-05-31', '2019-06-30', '2019-07-31', '2019-08-31', '2019-09-30', '2019-10-31', '2019-11-30', '2019-12-31', '2020-01-31', '2020-02-29', '2020-03-31', '2020-04-30', '2020-05-31', '2020-06-30', '2020-07-31', '2020-08-31', '2020-09-30', '2020-10-31', '2020-11-30', '2020-12-31', '2021-01-31', '2021-02-28', '2021-03-31', '2021-04-30', '2021-05-31', '2021-06-30', '2021-07-31', '2021-08-31', '2021-09-30', '2021-10-31', '2021-11-30', '2021-12-31', '2022-01-31', '2022-02-28', '2022-03-31', '2022-04-30', '2022-05-31', '2022-06-30', '2022-07-31', '2022-08-31', '2022-09-30', '2022-10-31', '2022-11-30', '2022-12-31', '2023-01-31', '2023-02-28', '2023-03-31', '2023-04-30', '2023-05-31', '2023-06-30', '2023-07-31', '2023-08-31', '2023-09-30', '2023-10-31', '2023-11-30', '2023-12-31', '2024-01-31', '2024-02-29', '2024-03-31', '2024-04-30', '2024-05-31', '2024-06-30', '2024-07-31', '2024-08-31', '2024-09-30', '2024-10-31', '2024-11-30', '2024-12-31', '2025-01-31', '2025-02-28', '2025-03-31', '2025-04-30', '2025-05-31', '2025-06-30', '2025-07-31', '2025-08-31', '2025-09-30', '2025-10-31', '2025-11-30', '2025-12-31', '2026-01-31', '2026-02-28', '2026-03-31', '2026-04-30', '2026-05-31', '2026-06-30'], 'y': [16.75002119309721, 17.305371112278028, 17.984295316720704, 16.360068962256253, 16.47463577203511, 16.56460507351611, 17.421046476839592, 19.029123218564585, 19.130094522245866, 19.18149795581869, 20.688545444263408, 20.691831477754427, 20.33186592850837, 20.902549425532925, 20.97764794576636, 20.18232775616318, 20.396865676128243, 20.554659613070818, 21.177855190528174, 21.574619986202922, 21.043553486852954, 21.252909654508237, 21.38007489499709, 21.037387788153918, 20.640169319529267, 21.297760234456167, 21.7972958671731, 21.326501365134877, 20.693748308619533, 20.831693415762015, 20.84412132076811, 21.163482558114367, 20.14151491777663, 20.370551703527365, 20.387395880324462, 19.72752379491619, 19.304725350657822, 19.917989121011317, 20.106401857704235, 19.191603550393236, 19.492761625235214, 19.16382186017976, 19.279270257557158, 19.355428484661637, 19.02504268203435, 19.210949641998447, 19.846294505395665, 19.335068596526984, 18.972215774414465, 19.42232700279488, 19.709828084880986, 18.66432741939434, 18.156222828460926, 17.526733935323836, 17.72478792847366, 17.77134860723379, 17.1378635261434, 17.373266229850127, 18.07015837922851, 17.690974673403133, 17.487719043238766, 17.91690139535846, 18.40470752592312, 17.334419577516048, 17.1670125639458, 16.55181302492497, 16.755089790966913, 17.025951921656578, 16.31932683923018, 16.492070653326106, 17.369288346113915, 16.76476154019084, 16.49622129065067, 17.134777740253906, 17.809605909270633, 16.47586891833758, 16.17144477834393, 15.460043484351063, 15.623321777122332, 17.384289849155685, 16.632454379863354, 16.209642659120203, 17.568743619734633, 17.066348735869102, 16.749412157075746, 18.60598117161773, 18.858782549250183, 17.046132567414897, 18.456789194336288, 17.422479742725734, 18.178508041393766, 19.344569382338953, 21.9183160079127, 25.630362861788914, 26.477431958171984, 24.743329298403328, 24.053640555579193, 25.361767285197757, 24.87716606012809, 24.034748869384824, 24.5535360875313, 23.247894855748797, 22.822460871499434, 22.830546299467695, 21.765521315120854, 20.516604759086235, 19.75140538384386, 18.88006358129428, 17.915032968079103, 17.962546696291977, 18.17366064118334, 17.867803514860384, 17.833508740209847, 16.803272383679328, 16.74227043757445, 16.588753509173603, 16.07410044253829, 15.83215515970188, 15.502899347773061, 15.273222482762549, 14.995072896546802, 14.811706004584572, 14.205642393302863, 13.583279131123252, 13.018756587643423, 12.534020081115568, 12.182924961751795, 11.987558956652068, 11.733826757193873, 11.626260266652846, 11.70391664044221, 11.717203694147367, 11.581848077098313, 12.042236333962562, 12.401599204278266, 11.859427966799075, 11.707238817362956, 11.566188383612193, 11.392575511226584, 11.817312746516677, 11.508949909804134, 11.391398604635251, 11.748711989748996, 11.273498023080181, 11.067401772289422, 11.78281700076834, 12.03656430133575, 11.35995058289454, 10.792610131553676, 10.560956995305599, 10.368925407146499, 10.835362417057379, 10.101761171522895, 10.118660426453188, 10.545468603226183, 10.276164358244186, 9.632078051593012, 10.297629545771871, 10.44548733226691, 9.410806905356324, 9.245884558164933, 8.82037921254637, 8.902665938751161, 9.125032234764548, 8.821962116401236, 8.794129791782387, 8.93155590675664, 8.961537559650429, 8.721435174759979, 9.038355215137102, 9.004496319387805, 8.731826392310117, 8.806071373042052, 8.464363910060781, 8.668180827524905, 8.554748280677222, 8.157962234327133, 7.6907100029504445, 8.864894065060946, 8.858525842406074, 8.62142349625052, 9.003658417144953, 9.295759791001274, 8.797903990144752, 8.78861891134117, 8.67483130915477, 8.838824536560082, 9.274463437979005, 9.314848647823744, 9.829664360679365, 10.39042602720822, 10.108855778971098, 9.815798056035371, 9.743972706397983, 9.723500660284156, 9.611521051654812, 9.657837573285978, 9.47701431572902, 9.65708095885242, 9.583556170792994, 9.823906500692319, 10.04466620403682, 10.548221380365977, 10.458238593925548, 10.469096323114202, 10.937666561427545, 11.850391349602296, 11.276771516857943, 11.290970087284915, 11.146283922600196, 11.291104587987883, 11.81484067049926, 11.346354812833406, 11.355619721901803, 11.860700372352323, 11.578947441795645, 11.369207558532885, 11.737068261159745, 12.040026387748718, 11.58389428850256, 11.400697337208777, 10.932135694332363, 10.667796367569487, 11.169845082353346, 11.231144999909606, 11.484217024765101, 11.699799032655513, 11.195632215312692, 11.105314860686486, 11.724651212051798, 11.959844434287156, 16.625551440815098, 18.55336168797934, 19.628112471383997, 19.510426304372547, 19.33002291565727, 18.980911025469798, 18.68316346187853, 18.37353174344873, 18.199393792213446, 18.024366743329356, 17.68146685114626, 16.789154632882557, 16.263027302991606, 15.736949053780064, 15.129082065989893, 14.616818945605099, 14.16308765675454, 13.067053093382933, 13.33311820253667, 13.037089210156763, 12.850124049379893, 13.294614993691214, 13.448890532872444, 12.986704179712415, 12.60660836997637, 12.130394457839515, 11.64241436700461, 11.533296509219392, 12.112251118950711, 11.845972839449303, 11.88579492240764, 12.253340855563662, 11.915789555406448, 12.56119158015509, 12.859413152287669, 12.847296365531854, 12.44758433061904, 12.63341562282982, 13.812312578810012, 14.587033426902673, 15.30894637300562, 15.725021180002773, 16.126345620950662, 16.591274129965345, 16.569723781255448, 16.748110234289946, 17.218071152784674, 17.304279408410576, 16.74201990277633, 16.673011822501046, 16.408984634138417, 16.608481438306857, 17.063521696803985, 16.64337671614911, 16.97457237519508, 17.41035129826482, 16.811964156027635, 17.16985195963428, 17.07664826889583, 16.54138697106581, 16.283378086386183, 16.149449443877113, 15.511646034938003, 15.892288653693651, 16.64996250163583, 16.53380905684343, 16.86769305604913, 17.112086735093108, 16.61136638768224, 16.616962450265905, 17.08361887199329, 16.966577342497796, 16.559032984852173, 16.80017073650639, 16.525000304034542], 'line': {'color': '#FF2389', 'width': 2}, 'hovertemplate': '%{y:.2f}<extra>Bills Share %</extra>'}, {'type': 'scatter', 'mode': 'lines', 'name': 'WAM (months)', 'x': ['2001-01-31', '2001-02-28', '2001-03-31', '2001-04-30', '2001-05-31', '2001-06-30', '2001-07-31', '2001-08-31', '2001-09-30', '2001-10-31', '2001-11-30', '2001-12-31', '2002-01-31', '2002-02-28', '2002-03-31', '2002-04-30', '2002-05-31', '2002-06-30', '2002-07-31', '2002-08-31', '2002-09-30', '2002-10-31', '2002-11-30', '2002-12-31', '2003-01-31', '2003-02-28', '2003-03-31', '2003-04-30', '2003-05-31', '2003-06-30', '2003-07-31', '2003-08-31', '2003-09-30', '2003-10-31', '2003-11-30', '2003-12-31', '2004-01-31', '2004-02-29', '2004-03-31', '2004-04-30', '2004-05-31', '2004-06-30', '2004-07-31', '2004-08-31', '2004-09-30', '2004-10-31', '2004-11-30', '2004-12-31', '2005-01-31', '2005-02-28', '2005-03-31', '2005-04-30', '2005-05-31', '2005-06-30', '2005-07-31', '2005-08-31', '2005-09-30', '2005-10-31', '2005-11-30', '2005-12-31', '2006-01-31', '2006-02-28', '2006-03-31', '2006-04-30', '2006-05-31', '2006-06-30', '2006-07-31', '2006-08-31', '2006-09-30', '2006-10-31', '2006-11-30', '2006-12-31', '2007-01-31', '2007-02-28', '2007-03-31', '2007-04-30', '2007-05-31', '2007-06-30', '2007-07-31', '2007-08-31', '2007-09-30', '2007-10-31', '2007-11-30', '2007-12-31', '2008-01-31', '2008-02-29', '2008-03-31', '2008-04-30', '2008-05-31', '2008-06-30', '2008-07-31', '2008-08-31', '2008-09-30', '2008-10-31', '2008-11-30', '2008-12-31', '2009-01-31', '2009-02-28', '2009-03-31', '2009-04-30', '2009-05-31', '2009-06-30', '2009-07-31', '2009-08-31', '2009-09-30', '2009-10-31', '2009-11-30', '2009-12-31', '2010-01-31', '2010-02-28', '2010-03-31', '2010-04-30', '2010-05-31', '2010-06-30', '2010-07-31', '2010-08-31', '2010-09-30', '2010-10-31', '2010-11-30', '2010-12-31', '2011-01-31', '2011-02-28', '2011-03-31', '2011-04-30', '2011-05-31', '2011-06-30', '2011-07-31', '2011-08-31', '2011-09-30', '2011-10-31', '2011-11-30', '2011-12-31', '2012-01-31', '2012-02-29', '2012-03-31', '2012-04-30', '2012-05-31', '2012-06-30', '2012-07-31', '2012-08-31', '2012-09-30', '2012-10-31', '2012-11-30', '2012-12-31', '2013-01-31', '2013-02-28', '2013-03-31', '2013-04-30', '2013-05-31', '2013-06-30', '2013-07-31', '2013-08-31', '2013-09-30', '2013-10-31', '2013-11-30', '2013-12-31', '2014-01-31', '2014-02-28', '2014-03-31', '2014-04-30', '2014-05-31', '2014-06-30', '2014-07-31', '2014-08-31', '2014-09-30', '2014-10-31', '2014-11-30', '2014-12-31', '2015-01-31', '2015-02-28', '2015-03-31', '2015-04-30', '2015-05-31', '2015-06-30', '2015-07-31', '2015-08-31', '2015-09-30', '2015-10-31', '2015-11-30', '2015-12-31', '2016-01-31', '2016-02-29', '2016-03-31', '2016-04-30', '2016-05-31', '2016-06-30', '2016-07-31', '2016-08-31', '2016-09-30', '2016-10-31', '2016-11-30', '2016-12-31', '2017-01-31', '2017-02-28', '2017-03-31', '2017-04-30', '2017-05-31', '2017-06-30', '2017-07-31', '2017-08-31', '2017-09-30', '2017-10-31', '2017-11-30', '2017-12-31', '2018-01-31', '2018-02-28', '2018-03-31', '2018-04-30', '2018-05-31', '2018-06-30', '2018-07-31', '2018-08-31', '2018-09-30', '2018-10-31', '2018-11-30', '2018-12-31', '2019-01-31', '2019-02-28', '2019-03-31', '2019-04-30', '2019-05-31', '2019-06-30', '2019-07-31', '2019-08-31', '2019-09-30', '2019-10-31', '2019-11-30', '2019-12-31', '2020-01-31', '2020-02-29', '2020-03-31', '2020-04-30', '2020-05-31', '2020-06-30', '2020-07-31', '2020-08-31', '2020-09-30', '2020-10-31', '2020-11-30', '2020-12-31', '2021-01-31', '2021-02-28', '2021-03-31', '2021-04-30', '2021-05-31', '2021-06-30', '2021-07-31', '2021-08-31', '2021-09-30', '2021-10-31', '2021-11-30', '2021-12-31', '2022-01-31', '2022-02-28', '2022-03-31', '2022-04-30', '2022-05-31', '2022-06-30', '2022-07-31', '2022-08-31', '2022-09-30', '2022-10-31', '2022-11-30', '2022-12-31', '2023-01-31', '2023-02-28', '2023-03-31', '2023-04-30', '2023-05-31', '2023-06-30', '2023-07-31', '2023-08-31', '2023-09-30', '2023-10-31', '2023-11-30', '2023-12-31', '2024-01-31', '2024-02-29', '2024-03-31', '2024-04-30', '2024-05-31', '2024-06-30', '2024-07-31', '2024-08-31', '2024-09-30', '2024-10-31', '2024-11-30', '2024-12-31', '2025-01-31', '2025-02-28', '2025-03-31', '2025-04-30', '2025-05-31', '2025-06-30', '2025-07-31', '2025-08-31', '2025-09-30', '2025-10-31', '2025-11-30', '2025-12-31', '2026-01-31', '2026-02-28', '2026-03-31', '2026-04-30', '2026-05-31', '2026-06-30'], 'y': [85.3457990729603, 87.82248072138337, 88.03836559212614, 87.41912293211855, 88.32262580650254, 88.7429401930741, 87.99399244367285, 89.02652249217081, 89.57637669411109, 88.40398704947202, 88.94752213913598, 88.09699559319115, 87.55738151002096, 86.93791751385302, 87.33412054630068, 85.36376975559527, 84.92244561983964, 85.11751593521218, 83.20133824252122, 84.41214108564758, 82.5294851182302, 81.66029147268564, 81.85160824686751, 80.05678281041581, 79.22768214390439, 79.4639957338436, 78.60872856945953, 77.70427641408772, 77.41279644111887, 75.76663899535625, 74.60197148551659, 75.60000408683106, 74.11304536879857, 73.10839467000609, 73.37130716920906, 72.04620271079781, 71.86475315645961, 71.9957528140965, 70.74612022469955, 69.97723736201937, 70.71790342163763, 73.906471297149, 73.89047661036592, 74.02256040634113, 73.44852152759952, 73.30279592972502, 73.38059295781567, 72.75730106443669, 72.83721451683829, 72.45942508083219, 71.86559857773133, 71.76761797199266, 71.55900361411054, 71.0062135206737, 71.10626604349987, 70.49735818311106, 69.9331007811591, 69.31764402560808, 69.64046558487316, 69.4672683842367, 69.08778736442238, 70.22985947326849, 69.67288853941471, 69.51475824936287, 69.71858061138653, 69.16921638231243, 69.48008190426235, 70.28557688503079, 70.09630870865514, 69.51389928858586, 70.01857315593722, 69.75741068811071, 69.64315181901524, 70.70982607611823, 70.48762093739073, 69.52686010756948, 70.78847580867892, 70.49823032191455, 69.82590376588564, 72.00253405946779, 71.6796477181392, 70.5133935326646, 71.63128463441662, 70.87017814898729, 71.04311574848212, 72.86610821859526, 72.04683209383725, 71.16241991717091, 73.54305481809301, 72.21161203675868, 71.64127419319372, 73.40059784356502, 72.28207332139088, 71.67638443276732, 73.27442389518365, 71.71853044410001, 72.07844522546344, 72.68033356897388, 71.97722581869985, 71.13210150966228, 72.52489170497245, 71.82431627521804, 71.82404825428974, 72.7124169593208, 72.41450396799868, 72.57954649909416, 72.58449286066606, 72.30386676683877, 72.72872141290583, 73.76037739285908, 73.04710441714762, 73.2487207448391, 73.85720775336752, 73.23196528062408, 73.37788593879117, 73.56515948762583, 73.42757335775761, 73.42742262967799, 73.19941567329094, 72.97506390528471, 72.98225460539744, 73.64922725237456, 73.50919966405485, 73.79697398082902, 73.48891093865903, 73.54636279244176, 73.61654031154819, 73.46643697221242, 73.29387469172585, 73.27319085477033, 73.50884997590025, 73.67507561694562, 73.57507866401258, 74.31500761068371, 74.62719356853604, 74.60322736713732, 74.81903485432423, 75.2523867553283, 75.21852882287808, 75.38907027627451, 75.58174357099739, 75.43582570904414, 75.70102186027034, 75.52526750510252, 75.43739973207406, 75.95800880811582, 76.12224589070857, 75.9426660562814, 76.12969894610859, 76.41517905051168, 76.27919695748528, 76.66286187347977, 76.37006369945068, 76.3872744309629, 76.8517886130092, 76.45207745682289, 76.55566029445177, 77.07013114411878, 76.99835521796474, 77.01161330113638, 77.4326312064306, 77.34835205568332, 77.48736986001687, 77.8238474883731, 77.61232569895749, 77.68644783175807, 78.15709594678795, 77.85540774184547, 78.17453100617404, 78.85962609453738, 78.65378178181157, 78.7790760371289, 79.26935276455963, 79.19846746436393, 79.27756608812142, 79.45715254982788, 79.36589264786029, 79.52596581855278, 79.53112147813138, 79.30720365543522, 79.47632631892559, 79.7798990615679, 79.73794665173278, 80.17348457024833, 80.37563677202752, 80.47392772428464, 80.82623394968482, 80.81114126574177, 80.79963529964675, 80.85280959265704, 81.2993582494568, 81.37732672907025, 81.26798593744999, 81.71651670227165, 81.65545978599553, 82.08731692035752, 82.25268402026407, 82.27137964448399, 82.26972965851269, 82.53024708185558, 82.62947557190294, 82.37562439598891, 82.58546378962352, 82.56303517385798, 82.32584070815165, 82.8644036414632, 82.95355325061199, 82.88038401971247, 83.16324571128077, 83.3437177736034, 83.01324183522179, 83.12417365632695, 83.1987740855165, 82.82253937384297, 83.21329941272512, 82.94584163936086, 82.83378892630317, 83.4808495167448, 83.51498416582976, 83.35397552541141, 83.73510494701527, 83.7304235453859, 83.34369804135784, 84.28821716375003, 83.75964329166773, 83.3947843160892, 84.09187133605614, 83.47697455796235, 83.3441170791485, 84.25662148109231, 83.70474044772435, 83.74585578948123, 84.57102239679355, 84.42655328767448, 84.58551575912894, 85.62184226972343, 85.65093100046889, 85.6604205747078, 86.17927886386646, 86.06675902977047, 86.38220449529194, 87.22682452214859, 87.05033833389184, 87.24902526737229, 88.01431412178965, 87.78146447161541, 88.06129858325853, 88.56261587651721, 88.48495384474168, 88.4418430015538, 88.91479322410785, 88.70421067805715, 88.80045917118885, 89.43571106722261, 89.24136858908571, 89.45003577507241, 89.70818115559575, 89.4933754955435, 89.70386509319661, 90.12710894026395, 89.97662295925295, 89.72819730676102, 90.15550732668817, 90.0813766748922, 90.06449145529007, 90.82530860673353, 90.72674080856613, 91.0177524163037, 91.3197327742701, 91.20216519189682, 91.33795738920914, 92.04145802389907, 92.13338640145966, 91.78961523991572, 92.14819999448476, 92.17782676683689, 92.08106264326301, 92.56627844043042, 92.63124451194383, 92.31803253953699, 92.60170781742963, 92.58943374736434, 92.31968717903969, 92.87129943211583, 92.42296131066298, 92.2506518903192, 92.77031315239, 92.23014713779386, 92.37657443564925, 92.82621489143244, 92.59166396831573, 92.54324067522131, 92.9780195925819, 92.37970571247658, 92.2184807410344, 92.67295509071245, 92.07159428079538, 91.77925092719066, 92.08985154739102, 91.54872359580374, 91.89037962534653, 92.21737049338779, 91.7514918116509, 91.81981981895848, 92.14584230819624, 91.63652820822713], 'line': {'color': '#2389BB', 'width': 2}, 'hovertemplate': '%{y:.2f}<extra>WAM (months)</extra>'}], 'layout': {'paper_bgcolor': 'rgba(0,0,0,0)', 'plot_bgcolor': 'rgba(0,0,0,0)', 'font': {'family': 'Inter, sans-serif', 'size': 12, 'color': '#D4E2EF'}, 'margin': {'l': 8, 'r': 56, 't': 16, 'b': 32}, 'xaxis': {'showgrid': False, 'zeroline': False, 'showline': True, 'linecolor': '#898989', 'linewidth': 1, 'mirror': True, 'ticks': 'outside', 'tickcolor': '#898989', 'tickfont': {'family': 'Inter, sans-serif', 'size': 11, 'color': '#898989'}}, 'yaxis': {'showgrid': False, 'zeroline': False, 'showline': True, 'linecolor': '#898989', 'linewidth': 1, 'mirror': True, 'ticks': 'outside', 'tickcolor': '#898989', 'tickfont': {'family': 'Inter, sans-serif', 'size': 11, 'color': '#898989'}, 'side': 'right', 'title': None}, 'showlegend': True, 'hovermode': 'x unified', 'hoverlabel': {'bgcolor': '#123456', 'bordercolor': '#2389BB', 'font': {'family': 'Inter, sans-serif', 'size': 11, 'color': '#FFFFFF'}}, 'legend': {'orientation': 'h', 'yanchor': 'bottom', 'y': 1.02, 'xanchor': 'left', 'x': 0, 'font': {'family': 'Inter, sans-serif', 'size': 11, 'color': '#D4E2EF'}}}}}

  File "/Users/bob/LHM/Scripts/openbb_backend/lhm_backend.py", line 620, in treasury_auctions
    GET /treasury_auctions
[32mINFO[0m:     Shutting down
[32mINFO[0m:     Waiting for application shutdown.
[32mINFO[0m:     Application shutdown complete.
[32mINFO[0m:     Finished server process [[36m45823[0m]


To access this data from OpenBB Workspace, use the link displayed after the application startup completes.
Chrome is the recommended browser. Other browsers may conflict or require additional configuration.
Documentation is available at /docs.

[32mINFO[0m:     Started server process [[36m45864[0m]
[32mINFO[0m:     Waiting for application startup.
[32mINFO[0m:     Application startup complete.
[32mINFO[0m:     Uvicorn running on [1mhttp://127.0.0.1:6900[0m (Press CTRL+C to quit)
[32mINFO[0m:     Shutting down
[32mINFO[0m:     Waiting for application shutdown.
[32mINFO[0m:     Application shutdown complete.
[32mINFO[0m:     Finished server process [[36m45864[0m]


To access this data from OpenBB Workspace, use the link displayed after the application startup completes.
Chrome is the recommended browser. Other browsers may conflict or require additional configuration.
Documentation is available at /docs.

[32mINFO[0m:     Started server process [[36m64601[0m]
[32mINFO[0m:     Waiting for application startup.
[32mINFO[0m:     Application startup complete.
[32mINFO[0m:     Uvicorn running on [1mhttp://127.0.0.1:6900[0m (Press CTRL+C to quit)
